ARM GAS  C:\Users\yzy\AppData\Local\Temp\ccD0bzsa.s 			page 1


   1              		.cpu cortex-m4
   2              		.eabi_attribute 20, 1
   3              		.eabi_attribute 21, 1
   4              		.eabi_attribute 23, 3
   5              		.eabi_attribute 24, 1
   6              		.eabi_attribute 25, 1
   7              		.eabi_attribute 26, 1
   8              		.eabi_attribute 30, 1
   9              		.eabi_attribute 34, 1
  10              		.eabi_attribute 18, 4
  11              		.file	"bsp_led.c"
  12              		.text
  13              	.Ltext0:
  14              		.cfi_sections	.debug_frame
  15              		.section	.text.bsp_led_init,"ax",%progbits
  16              		.align	1
  17              		.global	bsp_led_init
  18              		.arch armv7e-m
  19              		.syntax unified
  20              		.thumb
  21              		.thumb_func
  22              		.fpu softvfp
  24              	bsp_led_init:
  25              	.LFB130:
  26              		.file 1 "derivers/bsp_led/bsp_led.c"
   1:derivers/bsp_led/bsp_led.c **** /*
   2:derivers/bsp_led/bsp_led.c ****  * @Author: your name
   3:derivers/bsp_led/bsp_led.c ****  * @Date: 2020-10-15 16:52:44
   4:derivers/bsp_led/bsp_led.c ****  * @LastEditTime: 2020-10-15 21:23:47
   5:derivers/bsp_led/bsp_led.c ****  * @LastEditors: Please set LastEditors
   6:derivers/bsp_led/bsp_led.c ****  * @Description: In User Settings Edit
   7:derivers/bsp_led/bsp_led.c ****  * @FilePath: \F407_RT_HAL\derivers\bsp_led\bsp_led.c
   8:derivers/bsp_led/bsp_led.c ****  */
   9:derivers/bsp_led/bsp_led.c **** 
  10:derivers/bsp_led/bsp_led.c **** #include "bsp_led.h"
  11:derivers/bsp_led/bsp_led.c **** 
  12:derivers/bsp_led/bsp_led.c **** void bsp_led_init(void)
  13:derivers/bsp_led/bsp_led.c **** {
  27              		.loc 1 13 1 view -0
  28              		.cfi_startproc
  29              		@ args = 0, pretend = 0, frame = 24
  30              		@ frame_needed = 0, uses_anonymous_args = 0
  31 0000 70B5     		push	{r4, r5, r6, lr}
  32              	.LCFI0:
  33              		.cfi_def_cfa_offset 16
  34              		.cfi_offset 4, -16
  35              		.cfi_offset 5, -12
  36              		.cfi_offset 6, -8
  37              		.cfi_offset 14, -4
  38 0002 86B0     		sub	sp, sp, #24
  39              	.LCFI1:
  40              		.cfi_def_cfa_offset 40
  14:derivers/bsp_led/bsp_led.c ****     GPIO_InitTypeDef GPIO_InitSturuct = {0};
  41              		.loc 1 14 5 view .LVU1
  42              		.loc 1 14 22 is_stmt 0 view .LVU2
  43 0004 0025     		movs	r5, #0
  44 0006 0595     		str	r5, [sp, #20]
ARM GAS  C:\Users\yzy\AppData\Local\Temp\ccD0bzsa.s 			page 2


  15:derivers/bsp_led/bsp_led.c **** 
  16:derivers/bsp_led/bsp_led.c ****     GPIO_InitSturuct.Pin = LED2_PIN;
  45              		.loc 1 16 5 is_stmt 1 view .LVU3
  46              		.loc 1 16 26 is_stmt 0 view .LVU4
  47 0008 4023     		movs	r3, #64
  48 000a 0193     		str	r3, [sp, #4]
  17:derivers/bsp_led/bsp_led.c ****     GPIO_InitSturuct.Mode = GPIO_MODE_OUTPUT_PP;
  49              		.loc 1 17 5 is_stmt 1 view .LVU5
  50              		.loc 1 17 27 is_stmt 0 view .LVU6
  51 000c 0124     		movs	r4, #1
  52 000e 0294     		str	r4, [sp, #8]
  18:derivers/bsp_led/bsp_led.c ****     GPIO_InitSturuct.Pull = GPIO_PULLUP;
  53              		.loc 1 18 5 is_stmt 1 view .LVU7
  54              		.loc 1 18 27 is_stmt 0 view .LVU8
  55 0010 0394     		str	r4, [sp, #12]
  19:derivers/bsp_led/bsp_led.c ****     GPIO_InitSturuct.Speed = GPIO_SPEED_FREQ_LOW;
  56              		.loc 1 19 5 is_stmt 1 view .LVU9
  57              		.loc 1 19 28 is_stmt 0 view .LVU10
  58 0012 0495     		str	r5, [sp, #16]
  20:derivers/bsp_led/bsp_led.c ****     HAL_GPIO_Init(LED2_PORT, &GPIO_InitSturuct);
  59              		.loc 1 20 5 is_stmt 1 view .LVU11
  60 0014 074E     		ldr	r6, .L3
  61 0016 01A9     		add	r1, sp, #4
  62 0018 3046     		mov	r0, r6
  63 001a FFF7FEFF 		bl	HAL_GPIO_Init
  64              	.LVL0:
  21:derivers/bsp_led/bsp_led.c **** 
  22:derivers/bsp_led/bsp_led.c ****     GPIO_InitSturuct.Pin = LED3_PIN;
  65              		.loc 1 22 5 view .LVU12
  66              		.loc 1 22 26 is_stmt 0 view .LVU13
  67 001e 8023     		movs	r3, #128
  68 0020 0193     		str	r3, [sp, #4]
  23:derivers/bsp_led/bsp_led.c ****     GPIO_InitSturuct.Mode = GPIO_MODE_OUTPUT_PP;
  69              		.loc 1 23 5 is_stmt 1 view .LVU14
  70              		.loc 1 23 27 is_stmt 0 view .LVU15
  71 0022 0294     		str	r4, [sp, #8]
  24:derivers/bsp_led/bsp_led.c ****     GPIO_InitSturuct.Pull = GPIO_PULLUP;
  72              		.loc 1 24 5 is_stmt 1 view .LVU16
  73              		.loc 1 24 27 is_stmt 0 view .LVU17
  74 0024 0394     		str	r4, [sp, #12]
  25:derivers/bsp_led/bsp_led.c ****     GPIO_InitSturuct.Speed = GPIO_SPEED_FREQ_LOW;
  75              		.loc 1 25 5 is_stmt 1 view .LVU18
  76              		.loc 1 25 28 is_stmt 0 view .LVU19
  77 0026 0495     		str	r5, [sp, #16]
  26:derivers/bsp_led/bsp_led.c ****     HAL_GPIO_Init(LED3_PORT, &GPIO_InitSturuct);
  78              		.loc 1 26 5 is_stmt 1 view .LVU20
  79 0028 01A9     		add	r1, sp, #4
  80 002a 3046     		mov	r0, r6
  81 002c FFF7FEFF 		bl	HAL_GPIO_Init
  82              	.LVL1:
  27:derivers/bsp_led/bsp_led.c **** }
  83              		.loc 1 27 1 is_stmt 0 view .LVU21
  84 0030 06B0     		add	sp, sp, #24
  85              	.LCFI2:
  86              		.cfi_def_cfa_offset 16
  87              		@ sp needed
  88 0032 70BD     		pop	{r4, r5, r6, pc}
ARM GAS  C:\Users\yzy\AppData\Local\Temp\ccD0bzsa.s 			page 3


  89              	.L4:
  90              		.align	2
  91              	.L3:
  92 0034 00000240 		.word	1073872896
  93              		.cfi_endproc
  94              	.LFE130:
  96              		.section	.text.bsp_led_toggle,"ax",%progbits
  97              		.align	1
  98              		.global	bsp_led_toggle
  99              		.syntax unified
 100              		.thumb
 101              		.thumb_func
 102              		.fpu softvfp
 104              	bsp_led_toggle:
 105              	.LVL2:
 106              	.LFB131:
  28:derivers/bsp_led/bsp_led.c **** 
  29:derivers/bsp_led/bsp_led.c **** 
  30:derivers/bsp_led/bsp_led.c **** void bsp_led_toggle(uint8_t LED_num)
  31:derivers/bsp_led/bsp_led.c **** {
 107              		.loc 1 31 1 is_stmt 1 view -0
 108              		.cfi_startproc
 109              		@ args = 0, pretend = 0, frame = 0
 110              		@ frame_needed = 0, uses_anonymous_args = 0
 111              		.loc 1 31 1 is_stmt 0 view .LVU23
 112 0000 08B5     		push	{r3, lr}
 113              	.LCFI3:
 114              		.cfi_def_cfa_offset 8
 115              		.cfi_offset 3, -8
 116              		.cfi_offset 14, -4
  32:derivers/bsp_led/bsp_led.c ****     switch(LED_num)
 117              		.loc 1 32 5 is_stmt 1 view .LVU24
 118 0002 0228     		cmp	r0, #2
 119 0004 02D0     		beq	.L6
 120 0006 0328     		cmp	r0, #3
 121 0008 05D0     		beq	.L7
 122              	.LVL3:
 123              	.L5:
  33:derivers/bsp_led/bsp_led.c ****     {
  34:derivers/bsp_led/bsp_led.c ****         case LED2 :
  35:derivers/bsp_led/bsp_led.c ****             HAL_GPIO_TogglePin(LED2_PORT, LED2_PIN); break;
  36:derivers/bsp_led/bsp_led.c ****         case LED3 :
  37:derivers/bsp_led/bsp_led.c ****             HAL_GPIO_TogglePin(LED3_PORT, LED3_PIN); break;
  38:derivers/bsp_led/bsp_led.c ****     }
  39:derivers/bsp_led/bsp_led.c **** 
  40:derivers/bsp_led/bsp_led.c **** }
 124              		.loc 1 40 1 is_stmt 0 view .LVU25
 125 000a 08BD     		pop	{r3, pc}
 126              	.LVL4:
 127              	.L6:
  35:derivers/bsp_led/bsp_led.c ****         case LED3 :
 128              		.loc 1 35 13 is_stmt 1 view .LVU26
 129 000c 4021     		movs	r1, #64
 130 000e 0448     		ldr	r0, .L10
 131              	.LVL5:
  35:derivers/bsp_led/bsp_led.c ****         case LED3 :
 132              		.loc 1 35 13 is_stmt 0 view .LVU27
ARM GAS  C:\Users\yzy\AppData\Local\Temp\ccD0bzsa.s 			page 4


 133 0010 FFF7FEFF 		bl	HAL_GPIO_TogglePin
 134              	.LVL6:
  35:derivers/bsp_led/bsp_led.c ****         case LED3 :
 135              		.loc 1 35 54 is_stmt 1 view .LVU28
  35:derivers/bsp_led/bsp_led.c ****         case LED3 :
 136              		.loc 1 35 13 is_stmt 0 view .LVU29
 137 0014 F9E7     		b	.L5
 138              	.LVL7:
 139              	.L7:
  37:derivers/bsp_led/bsp_led.c ****     }
 140              		.loc 1 37 13 is_stmt 1 view .LVU30
 141 0016 8021     		movs	r1, #128
 142 0018 0148     		ldr	r0, .L10
 143              	.LVL8:
  37:derivers/bsp_led/bsp_led.c ****     }
 144              		.loc 1 37 13 is_stmt 0 view .LVU31
 145 001a FFF7FEFF 		bl	HAL_GPIO_TogglePin
 146              	.LVL9:
  37:derivers/bsp_led/bsp_led.c ****     }
 147              		.loc 1 37 54 is_stmt 1 view .LVU32
 148              		.loc 1 40 1 is_stmt 0 view .LVU33
 149 001e F4E7     		b	.L5
 150              	.L11:
 151              		.align	2
 152              	.L10:
 153 0020 00000240 		.word	1073872896
 154              		.cfi_endproc
 155              	.LFE131:
 157              		.text
 158              	.Letext0:
 159              		.file 2 "c:\\program files (x86)\\gnu arm embedded toolchain\\2020-q2-update\\arm-none-eabi\\inclu
 160              		.file 3 "c:\\program files (x86)\\gnu arm embedded toolchain\\2020-q2-update\\arm-none-eabi\\inclu
 161              		.file 4 "Libraries/CMSIS/Include/core_cm4.h"
 162              		.file 5 "Libraries/CMSIS/Device/ST/STM32F4xx/Include/system_stm32f4xx.h"
 163              		.file 6 "Libraries/CMSIS/Device/ST/STM32F4xx/Include/stm32f407xx.h"
 164              		.file 7 "Libraries/STM32F4xx_HAL_Driver/Inc/stm32f4xx_hal_gpio.h"
 165              		.file 8 "Libraries/STM32F4xx_HAL_Driver/Inc/stm32f4xx_hal.h"
 166              		.file 9 "derivers/bsp_led/bsp_led.h"
ARM GAS  C:\Users\yzy\AppData\Local\Temp\ccD0bzsa.s 			page 5


DEFINED SYMBOLS
                            *ABS*:00000000 bsp_led.c
C:\Users\yzy\AppData\Local\Temp\ccD0bzsa.s:16     .text.bsp_led_init:00000000 $t
C:\Users\yzy\AppData\Local\Temp\ccD0bzsa.s:24     .text.bsp_led_init:00000000 bsp_led_init
C:\Users\yzy\AppData\Local\Temp\ccD0bzsa.s:92     .text.bsp_led_init:00000034 $d
C:\Users\yzy\AppData\Local\Temp\ccD0bzsa.s:97     .text.bsp_led_toggle:00000000 $t
C:\Users\yzy\AppData\Local\Temp\ccD0bzsa.s:104    .text.bsp_led_toggle:00000000 bsp_led_toggle
C:\Users\yzy\AppData\Local\Temp\ccD0bzsa.s:153    .text.bsp_led_toggle:00000020 $d

UNDEFINED SYMBOLS
HAL_GPIO_Init
HAL_GPIO_TogglePin
