ARM GAS  C:\Users\yzy\AppData\Local\Temp\ccFGcFX3.s 			page 1


   1              		.cpu cortex-m4
   2              		.eabi_attribute 20, 1
   3              		.eabi_attribute 21, 1
   4              		.eabi_attribute 23, 3
   5              		.eabi_attribute 24, 1
   6              		.eabi_attribute 25, 1
   7              		.eabi_attribute 26, 1
   8              		.eabi_attribute 30, 1
   9              		.eabi_attribute 34, 1
  10              		.eabi_attribute 18, 4
  11              		.file	"gpio.c"
  12              		.text
  13              	.Ltext0:
  14              		.cfi_sections	.debug_frame
  15              		.section	.text.MX_GPIO_Init,"ax",%progbits
  16              		.align	1
  17              		.global	MX_GPIO_Init
  18              		.arch armv7e-m
  19              		.syntax unified
  20              		.thumb
  21              		.thumb_func
  22              		.fpu softvfp
  24              	MX_GPIO_Init:
  25              	.LFB130:
  26              		.file 1 "Applications/gpio.c"
   1:Applications/gpio.c **** /**
   2:Applications/gpio.c ****   ******************************************************************************
   3:Applications/gpio.c ****   * File Name          : gpio.c
   4:Applications/gpio.c ****   * Description        : This file provides code for the configuration
   5:Applications/gpio.c ****   *                      of all used GPIO pins.
   6:Applications/gpio.c ****   ******************************************************************************
   7:Applications/gpio.c ****   * @attention
   8:Applications/gpio.c ****   *
   9:Applications/gpio.c ****   * <h2><center>&copy; Copyright (c) 2020 STMicroelectronics.
  10:Applications/gpio.c ****   * All rights reserved.</center></h2>
  11:Applications/gpio.c ****   *
  12:Applications/gpio.c ****   * This software component is licensed by ST under Ultimate Liberty license
  13:Applications/gpio.c ****   * SLA0044, the "License"; You may not use this file except in compliance with
  14:Applications/gpio.c ****   * the License. You may obtain a copy of the License at:
  15:Applications/gpio.c ****   *                             www.st.com/SLA0044
  16:Applications/gpio.c ****   *
  17:Applications/gpio.c ****   ******************************************************************************
  18:Applications/gpio.c ****   */
  19:Applications/gpio.c **** 
  20:Applications/gpio.c **** /* Includes ------------------------------------------------------------------*/
  21:Applications/gpio.c **** #include "gpio.h"
  22:Applications/gpio.c **** /* USER CODE BEGIN 0 */
  23:Applications/gpio.c **** 
  24:Applications/gpio.c **** /* USER CODE END 0 */
  25:Applications/gpio.c **** 
  26:Applications/gpio.c **** /*----------------------------------------------------------------------------*/
  27:Applications/gpio.c **** /* Configure GPIO                                                             */
  28:Applications/gpio.c **** /*----------------------------------------------------------------------------*/
  29:Applications/gpio.c **** /* USER CODE BEGIN 1 */
  30:Applications/gpio.c **** 
  31:Applications/gpio.c **** /* USER CODE END 1 */
  32:Applications/gpio.c **** 
ARM GAS  C:\Users\yzy\AppData\Local\Temp\ccFGcFX3.s 			page 2


  33:Applications/gpio.c **** /** Configure pins as 
  34:Applications/gpio.c ****         * Analog 
  35:Applications/gpio.c ****         * Input 
  36:Applications/gpio.c ****         * Output
  37:Applications/gpio.c ****         * EVENT_OUT
  38:Applications/gpio.c ****         * EXTI
  39:Applications/gpio.c **** */
  40:Applications/gpio.c **** void MX_GPIO_Init(void)
  41:Applications/gpio.c **** {
  27              		.loc 1 41 1 view -0
  28              		.cfi_startproc
  29              		@ args = 0, pretend = 0, frame = 8
  30              		@ frame_needed = 0, uses_anonymous_args = 0
  31              		@ link register save eliminated.
  32 0000 82B0     		sub	sp, sp, #8
  33              	.LCFI0:
  34              		.cfi_def_cfa_offset 8
  42:Applications/gpio.c **** 
  43:Applications/gpio.c ****   /* GPIO Ports Clock Enable */
  44:Applications/gpio.c ****   __HAL_RCC_GPIOC_CLK_ENABLE();
  35              		.loc 1 44 3 view .LVU1
  36              	.LBB2:
  37              		.loc 1 44 3 view .LVU2
  38 0002 0021     		movs	r1, #0
  39 0004 0091     		str	r1, [sp]
  40              		.loc 1 44 3 view .LVU3
  41 0006 0B4B     		ldr	r3, .L3
  42 0008 1A6B     		ldr	r2, [r3, #48]
  43 000a 42F00402 		orr	r2, r2, #4
  44 000e 1A63     		str	r2, [r3, #48]
  45              		.loc 1 44 3 view .LVU4
  46 0010 1A6B     		ldr	r2, [r3, #48]
  47 0012 02F00402 		and	r2, r2, #4
  48 0016 0092     		str	r2, [sp]
  49              		.loc 1 44 3 view .LVU5
  50 0018 009A     		ldr	r2, [sp]
  51              	.LBE2:
  52              		.loc 1 44 3 view .LVU6
  45:Applications/gpio.c ****   __HAL_RCC_GPIOH_CLK_ENABLE();
  53              		.loc 1 45 3 view .LVU7
  54              	.LBB3:
  55              		.loc 1 45 3 view .LVU8
  56 001a 0191     		str	r1, [sp, #4]
  57              		.loc 1 45 3 view .LVU9
  58 001c 1A6B     		ldr	r2, [r3, #48]
  59 001e 42F08002 		orr	r2, r2, #128
  60 0022 1A63     		str	r2, [r3, #48]
  61              		.loc 1 45 3 view .LVU10
  62 0024 1B6B     		ldr	r3, [r3, #48]
  63 0026 03F08003 		and	r3, r3, #128
  64 002a 0193     		str	r3, [sp, #4]
  65              		.loc 1 45 3 view .LVU11
  66 002c 019B     		ldr	r3, [sp, #4]
  67              	.LBE3:
  68              		.loc 1 45 3 view .LVU12
  46:Applications/gpio.c **** 
  47:Applications/gpio.c **** }
ARM GAS  C:\Users\yzy\AppData\Local\Temp\ccFGcFX3.s 			page 3


  69              		.loc 1 47 1 is_stmt 0 view .LVU13
  70 002e 02B0     		add	sp, sp, #8
  71              	.LCFI1:
  72              		.cfi_def_cfa_offset 0
  73              		@ sp needed
  74 0030 7047     		bx	lr
  75              	.L4:
  76 0032 00BF     		.align	2
  77              	.L3:
  78 0034 00380240 		.word	1073887232
  79              		.cfi_endproc
  80              	.LFE130:
  82              		.text
  83              	.Letext0:
  84              		.file 2 "c:\\program files (x86)\\gnu arm embedded toolchain\\2020-q2-update\\arm-none-eabi\\inclu
  85              		.file 3 "c:\\program files (x86)\\gnu arm embedded toolchain\\2020-q2-update\\arm-none-eabi\\inclu
  86              		.file 4 "Libraries/CMSIS/Include/core_cm4.h"
  87              		.file 5 "Libraries/CMSIS/Device/ST/STM32F4xx/Include/system_stm32f4xx.h"
  88              		.file 6 "Libraries/CMSIS/Device/ST/STM32F4xx/Include/stm32f407xx.h"
  89              		.file 7 "Libraries/STM32F4xx_HAL_Driver/Inc/stm32f4xx_hal.h"
ARM GAS  C:\Users\yzy\AppData\Local\Temp\ccFGcFX3.s 			page 4


DEFINED SYMBOLS
                            *ABS*:00000000 gpio.c
C:\Users\yzy\AppData\Local\Temp\ccFGcFX3.s:16     .text.MX_GPIO_Init:00000000 $t
C:\Users\yzy\AppData\Local\Temp\ccFGcFX3.s:24     .text.MX_GPIO_Init:00000000 MX_GPIO_Init
C:\Users\yzy\AppData\Local\Temp\ccFGcFX3.s:78     .text.MX_GPIO_Init:00000034 $d

NO UNDEFINED SYMBOLS
