ARM GAS  C:\Users\yzy\AppData\Local\Temp\ccnqWdkw.s 			page 1


   1              		.cpu cortex-m4
   2              		.eabi_attribute 20, 1
   3              		.eabi_attribute 21, 1
   4              		.eabi_attribute 23, 3
   5              		.eabi_attribute 24, 1
   6              		.eabi_attribute 25, 1
   7              		.eabi_attribute 26, 1
   8              		.eabi_attribute 30, 1
   9              		.eabi_attribute 34, 1
  10              		.eabi_attribute 18, 4
  11              		.file	"stm32f4xx_hal_dac_ex.c"
  12              		.text
  13              	.Ltext0:
  14              		.cfi_sections	.debug_frame
  15              		.section	.text.HAL_DACEx_DualGetValue,"ax",%progbits
  16              		.align	1
  17              		.global	HAL_DACEx_DualGetValue
  18              		.arch armv7e-m
  19              		.syntax unified
  20              		.thumb
  21              		.thumb_func
  22              		.fpu softvfp
  24              	HAL_DACEx_DualGetValue:
  25              	.LVL0:
  26              	.LFB130:
  27              		.file 1 "Libraries/STM32F4xx_HAL_Driver/Src/stm32f4xx_hal_dac_ex.c"
   1:Libraries/STM32F4xx_HAL_Driver/Src/stm32f4xx_hal_dac_ex.c **** /**
   2:Libraries/STM32F4xx_HAL_Driver/Src/stm32f4xx_hal_dac_ex.c ****   ******************************************************************************
   3:Libraries/STM32F4xx_HAL_Driver/Src/stm32f4xx_hal_dac_ex.c ****   * @file    stm32f4xx_hal_dac_ex.c
   4:Libraries/STM32F4xx_HAL_Driver/Src/stm32f4xx_hal_dac_ex.c ****   * @author  MCD Application Team
   5:Libraries/STM32F4xx_HAL_Driver/Src/stm32f4xx_hal_dac_ex.c ****   * @brief   DAC HAL module driver.
   6:Libraries/STM32F4xx_HAL_Driver/Src/stm32f4xx_hal_dac_ex.c ****   *         This file provides firmware functions to manage the following 
   7:Libraries/STM32F4xx_HAL_Driver/Src/stm32f4xx_hal_dac_ex.c ****   *         functionalities of DAC extension peripheral:
   8:Libraries/STM32F4xx_HAL_Driver/Src/stm32f4xx_hal_dac_ex.c ****   *           + Extended features functions
   9:Libraries/STM32F4xx_HAL_Driver/Src/stm32f4xx_hal_dac_ex.c ****   *     
  10:Libraries/STM32F4xx_HAL_Driver/Src/stm32f4xx_hal_dac_ex.c ****   *
  11:Libraries/STM32F4xx_HAL_Driver/Src/stm32f4xx_hal_dac_ex.c ****   @verbatim      
  12:Libraries/STM32F4xx_HAL_Driver/Src/stm32f4xx_hal_dac_ex.c ****   ==============================================================================
  13:Libraries/STM32F4xx_HAL_Driver/Src/stm32f4xx_hal_dac_ex.c ****                       ##### How to use this driver #####
  14:Libraries/STM32F4xx_HAL_Driver/Src/stm32f4xx_hal_dac_ex.c ****   ==============================================================================
  15:Libraries/STM32F4xx_HAL_Driver/Src/stm32f4xx_hal_dac_ex.c ****     [..]          
  16:Libraries/STM32F4xx_HAL_Driver/Src/stm32f4xx_hal_dac_ex.c ****       (+) When Dual mode is enabled (i.e DAC Channel1 and Channel2 are used simultaneously) :
  17:Libraries/STM32F4xx_HAL_Driver/Src/stm32f4xx_hal_dac_ex.c ****           Use HAL_DACEx_DualGetValue() to get digital data to be converted and use
  18:Libraries/STM32F4xx_HAL_Driver/Src/stm32f4xx_hal_dac_ex.c ****           HAL_DACEx_DualSetValue() to set digital value to converted simultaneously in Channel 1 an
  19:Libraries/STM32F4xx_HAL_Driver/Src/stm32f4xx_hal_dac_ex.c ****       (+) Use HAL_DACEx_TriangleWaveGenerate() to generate Triangle signal.
  20:Libraries/STM32F4xx_HAL_Driver/Src/stm32f4xx_hal_dac_ex.c ****       (+) Use HAL_DACEx_NoiseWaveGenerate() to generate Noise signal.
  21:Libraries/STM32F4xx_HAL_Driver/Src/stm32f4xx_hal_dac_ex.c ****    
  22:Libraries/STM32F4xx_HAL_Driver/Src/stm32f4xx_hal_dac_ex.c ****  @endverbatim    
  23:Libraries/STM32F4xx_HAL_Driver/Src/stm32f4xx_hal_dac_ex.c ****   ******************************************************************************
  24:Libraries/STM32F4xx_HAL_Driver/Src/stm32f4xx_hal_dac_ex.c ****   * @attention
  25:Libraries/STM32F4xx_HAL_Driver/Src/stm32f4xx_hal_dac_ex.c ****   *
  26:Libraries/STM32F4xx_HAL_Driver/Src/stm32f4xx_hal_dac_ex.c ****   * <h2><center>&copy; Copyright (c) 2017 STMicroelectronics.
  27:Libraries/STM32F4xx_HAL_Driver/Src/stm32f4xx_hal_dac_ex.c ****   * All rights reserved.</center></h2>
  28:Libraries/STM32F4xx_HAL_Driver/Src/stm32f4xx_hal_dac_ex.c ****   *
  29:Libraries/STM32F4xx_HAL_Driver/Src/stm32f4xx_hal_dac_ex.c ****   * This software component is licensed by ST under BSD 3-Clause license,
  30:Libraries/STM32F4xx_HAL_Driver/Src/stm32f4xx_hal_dac_ex.c ****   * the "License"; You may not use this file except in compliance with the
  31:Libraries/STM32F4xx_HAL_Driver/Src/stm32f4xx_hal_dac_ex.c ****   * License. You may obtain a copy of the License at:
ARM GAS  C:\Users\yzy\AppData\Local\Temp\ccnqWdkw.s 			page 2


  32:Libraries/STM32F4xx_HAL_Driver/Src/stm32f4xx_hal_dac_ex.c ****   *                        opensource.org/licenses/BSD-3-Clause
  33:Libraries/STM32F4xx_HAL_Driver/Src/stm32f4xx_hal_dac_ex.c ****   *
  34:Libraries/STM32F4xx_HAL_Driver/Src/stm32f4xx_hal_dac_ex.c ****   ******************************************************************************
  35:Libraries/STM32F4xx_HAL_Driver/Src/stm32f4xx_hal_dac_ex.c ****   */ 
  36:Libraries/STM32F4xx_HAL_Driver/Src/stm32f4xx_hal_dac_ex.c **** 
  37:Libraries/STM32F4xx_HAL_Driver/Src/stm32f4xx_hal_dac_ex.c **** 
  38:Libraries/STM32F4xx_HAL_Driver/Src/stm32f4xx_hal_dac_ex.c **** /* Includes ------------------------------------------------------------------*/
  39:Libraries/STM32F4xx_HAL_Driver/Src/stm32f4xx_hal_dac_ex.c **** #include "stm32f4xx_hal.h"
  40:Libraries/STM32F4xx_HAL_Driver/Src/stm32f4xx_hal_dac_ex.c **** 
  41:Libraries/STM32F4xx_HAL_Driver/Src/stm32f4xx_hal_dac_ex.c **** /** @addtogroup STM32F4xx_HAL_Driver
  42:Libraries/STM32F4xx_HAL_Driver/Src/stm32f4xx_hal_dac_ex.c ****   * @{
  43:Libraries/STM32F4xx_HAL_Driver/Src/stm32f4xx_hal_dac_ex.c ****   */
  44:Libraries/STM32F4xx_HAL_Driver/Src/stm32f4xx_hal_dac_ex.c **** 
  45:Libraries/STM32F4xx_HAL_Driver/Src/stm32f4xx_hal_dac_ex.c **** /** @defgroup DACEx DACEx
  46:Libraries/STM32F4xx_HAL_Driver/Src/stm32f4xx_hal_dac_ex.c ****   * @brief DAC driver modules
  47:Libraries/STM32F4xx_HAL_Driver/Src/stm32f4xx_hal_dac_ex.c ****   * @{
  48:Libraries/STM32F4xx_HAL_Driver/Src/stm32f4xx_hal_dac_ex.c ****   */ 
  49:Libraries/STM32F4xx_HAL_Driver/Src/stm32f4xx_hal_dac_ex.c **** 
  50:Libraries/STM32F4xx_HAL_Driver/Src/stm32f4xx_hal_dac_ex.c **** #ifdef HAL_DAC_MODULE_ENABLED
  51:Libraries/STM32F4xx_HAL_Driver/Src/stm32f4xx_hal_dac_ex.c **** 
  52:Libraries/STM32F4xx_HAL_Driver/Src/stm32f4xx_hal_dac_ex.c **** #if defined(STM32F405xx) || defined(STM32F415xx) || defined(STM32F407xx) || defined(STM32F417xx) ||
  53:Libraries/STM32F4xx_HAL_Driver/Src/stm32f4xx_hal_dac_ex.c ****     defined(STM32F427xx) || defined(STM32F437xx) || defined(STM32F429xx) || defined(STM32F439xx) ||
  54:Libraries/STM32F4xx_HAL_Driver/Src/stm32f4xx_hal_dac_ex.c ****     defined(STM32F410Tx) || defined(STM32F410Cx) || defined(STM32F410Rx) || defined(STM32F446xx) ||
  55:Libraries/STM32F4xx_HAL_Driver/Src/stm32f4xx_hal_dac_ex.c ****     defined(STM32F469xx) || defined(STM32F479xx) || defined(STM32F413xx) || defined(STM32F423xx)
  56:Libraries/STM32F4xx_HAL_Driver/Src/stm32f4xx_hal_dac_ex.c **** /* Private typedef -----------------------------------------------------------*/
  57:Libraries/STM32F4xx_HAL_Driver/Src/stm32f4xx_hal_dac_ex.c **** /* Private define ------------------------------------------------------------*/
  58:Libraries/STM32F4xx_HAL_Driver/Src/stm32f4xx_hal_dac_ex.c **** /* Private macro -------------------------------------------------------------*/
  59:Libraries/STM32F4xx_HAL_Driver/Src/stm32f4xx_hal_dac_ex.c **** /* Private variables ---------------------------------------------------------*/
  60:Libraries/STM32F4xx_HAL_Driver/Src/stm32f4xx_hal_dac_ex.c **** /* Private function prototypes -----------------------------------------------*/
  61:Libraries/STM32F4xx_HAL_Driver/Src/stm32f4xx_hal_dac_ex.c **** /* Private functions ---------------------------------------------------------*/
  62:Libraries/STM32F4xx_HAL_Driver/Src/stm32f4xx_hal_dac_ex.c **** /* Exported functions --------------------------------------------------------*/
  63:Libraries/STM32F4xx_HAL_Driver/Src/stm32f4xx_hal_dac_ex.c **** /** @defgroup DACEx_Exported_Functions DAC Exported Functions
  64:Libraries/STM32F4xx_HAL_Driver/Src/stm32f4xx_hal_dac_ex.c ****   * @{
  65:Libraries/STM32F4xx_HAL_Driver/Src/stm32f4xx_hal_dac_ex.c ****   */
  66:Libraries/STM32F4xx_HAL_Driver/Src/stm32f4xx_hal_dac_ex.c **** 
  67:Libraries/STM32F4xx_HAL_Driver/Src/stm32f4xx_hal_dac_ex.c **** /** @defgroup DACEx_Exported_Functions_Group1 Extended features functions
  68:Libraries/STM32F4xx_HAL_Driver/Src/stm32f4xx_hal_dac_ex.c ****  *  @brief    Extended features functions 
  69:Libraries/STM32F4xx_HAL_Driver/Src/stm32f4xx_hal_dac_ex.c ****  *
  70:Libraries/STM32F4xx_HAL_Driver/Src/stm32f4xx_hal_dac_ex.c **** @verbatim   
  71:Libraries/STM32F4xx_HAL_Driver/Src/stm32f4xx_hal_dac_ex.c ****   ==============================================================================
  72:Libraries/STM32F4xx_HAL_Driver/Src/stm32f4xx_hal_dac_ex.c ****                  ##### Extended features functions #####
  73:Libraries/STM32F4xx_HAL_Driver/Src/stm32f4xx_hal_dac_ex.c ****   ==============================================================================  
  74:Libraries/STM32F4xx_HAL_Driver/Src/stm32f4xx_hal_dac_ex.c ****     [..]  This section provides functions allowing to:
  75:Libraries/STM32F4xx_HAL_Driver/Src/stm32f4xx_hal_dac_ex.c ****       (+) Start conversion.
  76:Libraries/STM32F4xx_HAL_Driver/Src/stm32f4xx_hal_dac_ex.c ****       (+) Stop conversion.
  77:Libraries/STM32F4xx_HAL_Driver/Src/stm32f4xx_hal_dac_ex.c ****       (+) Start conversion and enable DMA transfer.
  78:Libraries/STM32F4xx_HAL_Driver/Src/stm32f4xx_hal_dac_ex.c ****       (+) Stop conversion and disable DMA transfer.
  79:Libraries/STM32F4xx_HAL_Driver/Src/stm32f4xx_hal_dac_ex.c ****       (+) Get result of conversion.
  80:Libraries/STM32F4xx_HAL_Driver/Src/stm32f4xx_hal_dac_ex.c ****       (+) Get result of dual mode conversion.
  81:Libraries/STM32F4xx_HAL_Driver/Src/stm32f4xx_hal_dac_ex.c ****                      
  82:Libraries/STM32F4xx_HAL_Driver/Src/stm32f4xx_hal_dac_ex.c **** @endverbatim
  83:Libraries/STM32F4xx_HAL_Driver/Src/stm32f4xx_hal_dac_ex.c ****   * @{
  84:Libraries/STM32F4xx_HAL_Driver/Src/stm32f4xx_hal_dac_ex.c ****   */
  85:Libraries/STM32F4xx_HAL_Driver/Src/stm32f4xx_hal_dac_ex.c **** 
  86:Libraries/STM32F4xx_HAL_Driver/Src/stm32f4xx_hal_dac_ex.c **** /**
  87:Libraries/STM32F4xx_HAL_Driver/Src/stm32f4xx_hal_dac_ex.c ****   * @brief  Returns the last data output value of the selected DAC channel.
  88:Libraries/STM32F4xx_HAL_Driver/Src/stm32f4xx_hal_dac_ex.c ****   * @param  hdac pointer to a DAC_HandleTypeDef structure that contains
ARM GAS  C:\Users\yzy\AppData\Local\Temp\ccnqWdkw.s 			page 3


  89:Libraries/STM32F4xx_HAL_Driver/Src/stm32f4xx_hal_dac_ex.c ****   *         the configuration information for the specified DAC.
  90:Libraries/STM32F4xx_HAL_Driver/Src/stm32f4xx_hal_dac_ex.c ****   * @retval The selected DAC channel data output value.
  91:Libraries/STM32F4xx_HAL_Driver/Src/stm32f4xx_hal_dac_ex.c ****   */
  92:Libraries/STM32F4xx_HAL_Driver/Src/stm32f4xx_hal_dac_ex.c **** uint32_t HAL_DACEx_DualGetValue(DAC_HandleTypeDef* hdac)
  93:Libraries/STM32F4xx_HAL_Driver/Src/stm32f4xx_hal_dac_ex.c **** {
  28              		.loc 1 93 1 view -0
  29              		.cfi_startproc
  30              		@ args = 0, pretend = 0, frame = 0
  31              		@ frame_needed = 0, uses_anonymous_args = 0
  32              		@ link register save eliminated.
  94:Libraries/STM32F4xx_HAL_Driver/Src/stm32f4xx_hal_dac_ex.c ****   uint32_t tmp = 0U;
  33              		.loc 1 94 3 view .LVU1
  95:Libraries/STM32F4xx_HAL_Driver/Src/stm32f4xx_hal_dac_ex.c ****   
  96:Libraries/STM32F4xx_HAL_Driver/Src/stm32f4xx_hal_dac_ex.c ****   tmp |= hdac->Instance->DOR1;
  34              		.loc 1 96 3 view .LVU2
  35              		.loc 1 96 14 is_stmt 0 view .LVU3
  36 0000 0368     		ldr	r3, [r0]
  37              		.loc 1 96 24 view .LVU4
  38 0002 DA6A     		ldr	r2, [r3, #44]
  39              	.LVL1:
  97:Libraries/STM32F4xx_HAL_Driver/Src/stm32f4xx_hal_dac_ex.c ****   
  98:Libraries/STM32F4xx_HAL_Driver/Src/stm32f4xx_hal_dac_ex.c ****   tmp |= hdac->Instance->DOR2 << 16U;
  40              		.loc 1 98 3 is_stmt 1 view .LVU5
  41              		.loc 1 98 24 is_stmt 0 view .LVU6
  42 0004 186B     		ldr	r0, [r3, #48]
  43              	.LVL2:
  99:Libraries/STM32F4xx_HAL_Driver/Src/stm32f4xx_hal_dac_ex.c ****   
 100:Libraries/STM32F4xx_HAL_Driver/Src/stm32f4xx_hal_dac_ex.c ****   /* Returns the DAC channel data output register value */
 101:Libraries/STM32F4xx_HAL_Driver/Src/stm32f4xx_hal_dac_ex.c ****   return tmp;
  44              		.loc 1 101 3 is_stmt 1 view .LVU7
 102:Libraries/STM32F4xx_HAL_Driver/Src/stm32f4xx_hal_dac_ex.c **** }
  45              		.loc 1 102 1 is_stmt 0 view .LVU8
  46 0006 42EA0040 		orr	r0, r2, r0, lsl #16
  47              	.LVL3:
  48              		.loc 1 102 1 view .LVU9
  49 000a 7047     		bx	lr
  50              		.cfi_endproc
  51              	.LFE130:
  53              		.section	.text.HAL_DACEx_TriangleWaveGenerate,"ax",%progbits
  54              		.align	1
  55              		.global	HAL_DACEx_TriangleWaveGenerate
  56              		.syntax unified
  57              		.thumb
  58              		.thumb_func
  59              		.fpu softvfp
  61              	HAL_DACEx_TriangleWaveGenerate:
  62              	.LVL4:
  63              	.LFB131:
 103:Libraries/STM32F4xx_HAL_Driver/Src/stm32f4xx_hal_dac_ex.c **** 
 104:Libraries/STM32F4xx_HAL_Driver/Src/stm32f4xx_hal_dac_ex.c **** /**
 105:Libraries/STM32F4xx_HAL_Driver/Src/stm32f4xx_hal_dac_ex.c ****   * @brief  Enables or disables the selected DAC channel wave generation.
 106:Libraries/STM32F4xx_HAL_Driver/Src/stm32f4xx_hal_dac_ex.c ****   * @param  hdac pointer to a DAC_HandleTypeDef structure that contains
 107:Libraries/STM32F4xx_HAL_Driver/Src/stm32f4xx_hal_dac_ex.c ****   *         the configuration information for the specified DAC.
 108:Libraries/STM32F4xx_HAL_Driver/Src/stm32f4xx_hal_dac_ex.c ****   * @param  Channel The selected DAC channel. 
 109:Libraries/STM32F4xx_HAL_Driver/Src/stm32f4xx_hal_dac_ex.c ****   *          This parameter can be one of the following values:
 110:Libraries/STM32F4xx_HAL_Driver/Src/stm32f4xx_hal_dac_ex.c ****   *            DAC_CHANNEL_1 / DAC_CHANNEL_2
 111:Libraries/STM32F4xx_HAL_Driver/Src/stm32f4xx_hal_dac_ex.c ****   * @param  Amplitude Select max triangle amplitude. 
ARM GAS  C:\Users\yzy\AppData\Local\Temp\ccnqWdkw.s 			page 4


 112:Libraries/STM32F4xx_HAL_Driver/Src/stm32f4xx_hal_dac_ex.c ****   *          This parameter can be one of the following values:
 113:Libraries/STM32F4xx_HAL_Driver/Src/stm32f4xx_hal_dac_ex.c ****   *            @arg DAC_TRIANGLEAMPLITUDE_1: Select max triangle amplitude of 1
 114:Libraries/STM32F4xx_HAL_Driver/Src/stm32f4xx_hal_dac_ex.c ****   *            @arg DAC_TRIANGLEAMPLITUDE_3: Select max triangle amplitude of 3
 115:Libraries/STM32F4xx_HAL_Driver/Src/stm32f4xx_hal_dac_ex.c ****   *            @arg DAC_TRIANGLEAMPLITUDE_7: Select max triangle amplitude of 7
 116:Libraries/STM32F4xx_HAL_Driver/Src/stm32f4xx_hal_dac_ex.c ****   *            @arg DAC_TRIANGLEAMPLITUDE_15: Select max triangle amplitude of 15
 117:Libraries/STM32F4xx_HAL_Driver/Src/stm32f4xx_hal_dac_ex.c ****   *            @arg DAC_TRIANGLEAMPLITUDE_31: Select max triangle amplitude of 31
 118:Libraries/STM32F4xx_HAL_Driver/Src/stm32f4xx_hal_dac_ex.c ****   *            @arg DAC_TRIANGLEAMPLITUDE_63: Select max triangle amplitude of 63
 119:Libraries/STM32F4xx_HAL_Driver/Src/stm32f4xx_hal_dac_ex.c ****   *            @arg DAC_TRIANGLEAMPLITUDE_127: Select max triangle amplitude of 127
 120:Libraries/STM32F4xx_HAL_Driver/Src/stm32f4xx_hal_dac_ex.c ****   *            @arg DAC_TRIANGLEAMPLITUDE_255: Select max triangle amplitude of 255
 121:Libraries/STM32F4xx_HAL_Driver/Src/stm32f4xx_hal_dac_ex.c ****   *            @arg DAC_TRIANGLEAMPLITUDE_511: Select max triangle amplitude of 511
 122:Libraries/STM32F4xx_HAL_Driver/Src/stm32f4xx_hal_dac_ex.c ****   *            @arg DAC_TRIANGLEAMPLITUDE_1023: Select max triangle amplitude of 1023
 123:Libraries/STM32F4xx_HAL_Driver/Src/stm32f4xx_hal_dac_ex.c ****   *            @arg DAC_TRIANGLEAMPLITUDE_2047: Select max triangle amplitude of 2047
 124:Libraries/STM32F4xx_HAL_Driver/Src/stm32f4xx_hal_dac_ex.c ****   *            @arg DAC_TRIANGLEAMPLITUDE_4095: Select max triangle amplitude of 4095              
 125:Libraries/STM32F4xx_HAL_Driver/Src/stm32f4xx_hal_dac_ex.c ****   * @retval HAL status
 126:Libraries/STM32F4xx_HAL_Driver/Src/stm32f4xx_hal_dac_ex.c ****   */
 127:Libraries/STM32F4xx_HAL_Driver/Src/stm32f4xx_hal_dac_ex.c **** HAL_StatusTypeDef HAL_DACEx_TriangleWaveGenerate(DAC_HandleTypeDef* hdac, uint32_t Channel, uint32_
 128:Libraries/STM32F4xx_HAL_Driver/Src/stm32f4xx_hal_dac_ex.c **** {  
  64              		.loc 1 128 1 is_stmt 1 view -0
  65              		.cfi_startproc
  66              		@ args = 0, pretend = 0, frame = 0
  67              		@ frame_needed = 0, uses_anonymous_args = 0
  68              		@ link register save eliminated.
 129:Libraries/STM32F4xx_HAL_Driver/Src/stm32f4xx_hal_dac_ex.c ****   /* Check the parameters */
 130:Libraries/STM32F4xx_HAL_Driver/Src/stm32f4xx_hal_dac_ex.c ****   assert_param(IS_DAC_CHANNEL(Channel));
  69              		.loc 1 130 3 view .LVU11
 131:Libraries/STM32F4xx_HAL_Driver/Src/stm32f4xx_hal_dac_ex.c ****   assert_param(IS_DAC_LFSR_UNMASK_TRIANGLE_AMPLITUDE(Amplitude));
  70              		.loc 1 131 3 view .LVU12
 132:Libraries/STM32F4xx_HAL_Driver/Src/stm32f4xx_hal_dac_ex.c ****   
 133:Libraries/STM32F4xx_HAL_Driver/Src/stm32f4xx_hal_dac_ex.c ****   /* Process locked */
 134:Libraries/STM32F4xx_HAL_Driver/Src/stm32f4xx_hal_dac_ex.c ****   __HAL_LOCK(hdac);
  71              		.loc 1 134 3 view .LVU13
  72              		.loc 1 134 3 view .LVU14
  73 0000 4379     		ldrb	r3, [r0, #5]	@ zero_extendqisi2
  74 0002 012B     		cmp	r3, #1
  75 0004 17D0     		beq	.L4
 128:Libraries/STM32F4xx_HAL_Driver/Src/stm32f4xx_hal_dac_ex.c ****   /* Check the parameters */
  76              		.loc 1 128 1 is_stmt 0 discriminator 2 view .LVU15
  77 0006 70B4     		push	{r4, r5, r6}
  78              	.LCFI0:
  79              		.cfi_def_cfa_offset 12
  80              		.cfi_offset 4, -12
  81              		.cfi_offset 5, -8
  82              		.cfi_offset 6, -4
  83              		.loc 1 134 3 is_stmt 1 discriminator 2 view .LVU16
  84 0008 0125     		movs	r5, #1
  85 000a 4571     		strb	r5, [r0, #5]
  86              		.loc 1 134 3 discriminator 2 view .LVU17
 135:Libraries/STM32F4xx_HAL_Driver/Src/stm32f4xx_hal_dac_ex.c ****   
 136:Libraries/STM32F4xx_HAL_Driver/Src/stm32f4xx_hal_dac_ex.c ****   /* Change DAC state */
 137:Libraries/STM32F4xx_HAL_Driver/Src/stm32f4xx_hal_dac_ex.c ****   hdac->State = HAL_DAC_STATE_BUSY;
  87              		.loc 1 137 3 discriminator 2 view .LVU18
  88              		.loc 1 137 15 is_stmt 0 discriminator 2 view .LVU19
  89 000c 0223     		movs	r3, #2
  90 000e 0371     		strb	r3, [r0, #4]
 138:Libraries/STM32F4xx_HAL_Driver/Src/stm32f4xx_hal_dac_ex.c ****   
 139:Libraries/STM32F4xx_HAL_Driver/Src/stm32f4xx_hal_dac_ex.c ****   /* Enable the selected wave generation for the selected DAC channel */
 140:Libraries/STM32F4xx_HAL_Driver/Src/stm32f4xx_hal_dac_ex.c ****   MODIFY_REG(hdac->Instance->CR, (DAC_CR_WAVE1 | DAC_CR_MAMP1) << Channel, (DAC_CR_WAVE1_1 | Amplit
ARM GAS  C:\Users\yzy\AppData\Local\Temp\ccnqWdkw.s 			page 5


  91              		.loc 1 140 3 is_stmt 1 discriminator 2 view .LVU20
  92 0010 0668     		ldr	r6, [r0]
  93 0012 3368     		ldr	r3, [r6]
  94 0014 4FF47C64 		mov	r4, #4032
  95 0018 8C40     		lsls	r4, r4, r1
  96 001a 23EA0403 		bic	r3, r3, r4
  97 001e 42F08002 		orr	r2, r2, #128
  98              	.LVL5:
  99              		.loc 1 140 3 is_stmt 0 discriminator 2 view .LVU21
 100 0022 02FA01F1 		lsl	r1, r2, r1
 101              	.LVL6:
 102              		.loc 1 140 3 discriminator 2 view .LVU22
 103 0026 1943     		orrs	r1, r1, r3
 104 0028 3160     		str	r1, [r6]
 141:Libraries/STM32F4xx_HAL_Driver/Src/stm32f4xx_hal_dac_ex.c ****   
 142:Libraries/STM32F4xx_HAL_Driver/Src/stm32f4xx_hal_dac_ex.c ****   /* Change DAC state */
 143:Libraries/STM32F4xx_HAL_Driver/Src/stm32f4xx_hal_dac_ex.c ****   hdac->State = HAL_DAC_STATE_READY;
 105              		.loc 1 143 3 is_stmt 1 discriminator 2 view .LVU23
 106              		.loc 1 143 15 is_stmt 0 discriminator 2 view .LVU24
 107 002a 0571     		strb	r5, [r0, #4]
 144:Libraries/STM32F4xx_HAL_Driver/Src/stm32f4xx_hal_dac_ex.c ****   
 145:Libraries/STM32F4xx_HAL_Driver/Src/stm32f4xx_hal_dac_ex.c ****   /* Process unlocked */
 146:Libraries/STM32F4xx_HAL_Driver/Src/stm32f4xx_hal_dac_ex.c ****   __HAL_UNLOCK(hdac);
 108              		.loc 1 146 3 is_stmt 1 discriminator 2 view .LVU25
 109              		.loc 1 146 3 discriminator 2 view .LVU26
 110 002c 0023     		movs	r3, #0
 111 002e 4371     		strb	r3, [r0, #5]
 112              		.loc 1 146 3 discriminator 2 view .LVU27
 147:Libraries/STM32F4xx_HAL_Driver/Src/stm32f4xx_hal_dac_ex.c ****   
 148:Libraries/STM32F4xx_HAL_Driver/Src/stm32f4xx_hal_dac_ex.c ****   /* Return function status */
 149:Libraries/STM32F4xx_HAL_Driver/Src/stm32f4xx_hal_dac_ex.c ****   return HAL_OK;
 113              		.loc 1 149 3 discriminator 2 view .LVU28
 114              		.loc 1 149 10 is_stmt 0 discriminator 2 view .LVU29
 115 0030 1846     		mov	r0, r3
 116              	.LVL7:
 150:Libraries/STM32F4xx_HAL_Driver/Src/stm32f4xx_hal_dac_ex.c **** }
 117              		.loc 1 150 1 discriminator 2 view .LVU30
 118 0032 70BC     		pop	{r4, r5, r6}
 119              	.LCFI1:
 120              		.cfi_restore 6
 121              		.cfi_restore 5
 122              		.cfi_restore 4
 123              		.cfi_def_cfa_offset 0
 124 0034 7047     		bx	lr
 125              	.LVL8:
 126              	.L4:
 134:Libraries/STM32F4xx_HAL_Driver/Src/stm32f4xx_hal_dac_ex.c ****   
 127              		.loc 1 134 3 view .LVU31
 128 0036 0220     		movs	r0, #2
 129              	.LVL9:
 130              		.loc 1 150 1 view .LVU32
 131 0038 7047     		bx	lr
 132              		.cfi_endproc
 133              	.LFE131:
 135              		.section	.text.HAL_DACEx_NoiseWaveGenerate,"ax",%progbits
 136              		.align	1
 137              		.global	HAL_DACEx_NoiseWaveGenerate
ARM GAS  C:\Users\yzy\AppData\Local\Temp\ccnqWdkw.s 			page 6


 138              		.syntax unified
 139              		.thumb
 140              		.thumb_func
 141              		.fpu softvfp
 143              	HAL_DACEx_NoiseWaveGenerate:
 144              	.LVL10:
 145              	.LFB132:
 151:Libraries/STM32F4xx_HAL_Driver/Src/stm32f4xx_hal_dac_ex.c **** 
 152:Libraries/STM32F4xx_HAL_Driver/Src/stm32f4xx_hal_dac_ex.c **** /**
 153:Libraries/STM32F4xx_HAL_Driver/Src/stm32f4xx_hal_dac_ex.c ****   * @brief  Enables or disables the selected DAC channel wave generation.
 154:Libraries/STM32F4xx_HAL_Driver/Src/stm32f4xx_hal_dac_ex.c ****   * @param  hdac pointer to a DAC_HandleTypeDef structure that contains
 155:Libraries/STM32F4xx_HAL_Driver/Src/stm32f4xx_hal_dac_ex.c ****   *         the configuration information for the specified DAC. 
 156:Libraries/STM32F4xx_HAL_Driver/Src/stm32f4xx_hal_dac_ex.c ****   * @param  Channel The selected DAC channel. 
 157:Libraries/STM32F4xx_HAL_Driver/Src/stm32f4xx_hal_dac_ex.c ****   *          This parameter can be one of the following values:
 158:Libraries/STM32F4xx_HAL_Driver/Src/stm32f4xx_hal_dac_ex.c ****   *            DAC_CHANNEL_1 / DAC_CHANNEL_2
 159:Libraries/STM32F4xx_HAL_Driver/Src/stm32f4xx_hal_dac_ex.c ****   * @param  Amplitude Unmask DAC channel LFSR for noise wave generation. 
 160:Libraries/STM32F4xx_HAL_Driver/Src/stm32f4xx_hal_dac_ex.c ****   *          This parameter can be one of the following values: 
 161:Libraries/STM32F4xx_HAL_Driver/Src/stm32f4xx_hal_dac_ex.c ****   *            @arg DAC_LFSRUNMASK_BIT0: Unmask DAC channel LFSR bit0 for noise wave generation
 162:Libraries/STM32F4xx_HAL_Driver/Src/stm32f4xx_hal_dac_ex.c ****   *            @arg DAC_LFSRUNMASK_BITS1_0: Unmask DAC channel LFSR bit[1:0] for noise wave generat
 163:Libraries/STM32F4xx_HAL_Driver/Src/stm32f4xx_hal_dac_ex.c ****   *            @arg DAC_LFSRUNMASK_BITS2_0: Unmask DAC channel LFSR bit[2:0] for noise wave generat
 164:Libraries/STM32F4xx_HAL_Driver/Src/stm32f4xx_hal_dac_ex.c ****   *            @arg DAC_LFSRUNMASK_BITS3_0: Unmask DAC channel LFSR bit[3:0] for noise wave generat
 165:Libraries/STM32F4xx_HAL_Driver/Src/stm32f4xx_hal_dac_ex.c ****   *            @arg DAC_LFSRUNMASK_BITS4_0: Unmask DAC channel LFSR bit[4:0] for noise wave generat
 166:Libraries/STM32F4xx_HAL_Driver/Src/stm32f4xx_hal_dac_ex.c ****   *            @arg DAC_LFSRUNMASK_BITS5_0: Unmask DAC channel LFSR bit[5:0] for noise wave generat
 167:Libraries/STM32F4xx_HAL_Driver/Src/stm32f4xx_hal_dac_ex.c ****   *            @arg DAC_LFSRUNMASK_BITS6_0: Unmask DAC channel LFSR bit[6:0] for noise wave generat
 168:Libraries/STM32F4xx_HAL_Driver/Src/stm32f4xx_hal_dac_ex.c ****   *            @arg DAC_LFSRUNMASK_BITS7_0: Unmask DAC channel LFSR bit[7:0] for noise wave generat
 169:Libraries/STM32F4xx_HAL_Driver/Src/stm32f4xx_hal_dac_ex.c ****   *            @arg DAC_LFSRUNMASK_BITS8_0: Unmask DAC channel LFSR bit[8:0] for noise wave generat
 170:Libraries/STM32F4xx_HAL_Driver/Src/stm32f4xx_hal_dac_ex.c ****   *            @arg DAC_LFSRUNMASK_BITS9_0: Unmask DAC channel LFSR bit[9:0] for noise wave generat
 171:Libraries/STM32F4xx_HAL_Driver/Src/stm32f4xx_hal_dac_ex.c ****   *            @arg DAC_LFSRUNMASK_BITS10_0: Unmask DAC channel LFSR bit[10:0] for noise wave gener
 172:Libraries/STM32F4xx_HAL_Driver/Src/stm32f4xx_hal_dac_ex.c ****   *            @arg DAC_LFSRUNMASK_BITS11_0: Unmask DAC channel LFSR bit[11:0] for noise wave gener
 173:Libraries/STM32F4xx_HAL_Driver/Src/stm32f4xx_hal_dac_ex.c ****   * @retval HAL status
 174:Libraries/STM32F4xx_HAL_Driver/Src/stm32f4xx_hal_dac_ex.c ****   */
 175:Libraries/STM32F4xx_HAL_Driver/Src/stm32f4xx_hal_dac_ex.c **** HAL_StatusTypeDef HAL_DACEx_NoiseWaveGenerate(DAC_HandleTypeDef* hdac, uint32_t Channel, uint32_t A
 176:Libraries/STM32F4xx_HAL_Driver/Src/stm32f4xx_hal_dac_ex.c **** {  
 146              		.loc 1 176 1 is_stmt 1 view -0
 147              		.cfi_startproc
 148              		@ args = 0, pretend = 0, frame = 0
 149              		@ frame_needed = 0, uses_anonymous_args = 0
 150              		@ link register save eliminated.
 177:Libraries/STM32F4xx_HAL_Driver/Src/stm32f4xx_hal_dac_ex.c ****   /* Check the parameters */
 178:Libraries/STM32F4xx_HAL_Driver/Src/stm32f4xx_hal_dac_ex.c ****   assert_param(IS_DAC_CHANNEL(Channel));
 151              		.loc 1 178 3 view .LVU34
 179:Libraries/STM32F4xx_HAL_Driver/Src/stm32f4xx_hal_dac_ex.c ****   assert_param(IS_DAC_LFSR_UNMASK_TRIANGLE_AMPLITUDE(Amplitude));
 152              		.loc 1 179 3 view .LVU35
 180:Libraries/STM32F4xx_HAL_Driver/Src/stm32f4xx_hal_dac_ex.c ****   
 181:Libraries/STM32F4xx_HAL_Driver/Src/stm32f4xx_hal_dac_ex.c ****   /* Process locked */
 182:Libraries/STM32F4xx_HAL_Driver/Src/stm32f4xx_hal_dac_ex.c ****   __HAL_LOCK(hdac);
 153              		.loc 1 182 3 view .LVU36
 154              		.loc 1 182 3 view .LVU37
 155 0000 4379     		ldrb	r3, [r0, #5]	@ zero_extendqisi2
 156 0002 012B     		cmp	r3, #1
 157 0004 17D0     		beq	.L11
 176:Libraries/STM32F4xx_HAL_Driver/Src/stm32f4xx_hal_dac_ex.c ****   /* Check the parameters */
 158              		.loc 1 176 1 is_stmt 0 discriminator 2 view .LVU38
 159 0006 70B4     		push	{r4, r5, r6}
 160              	.LCFI2:
 161              		.cfi_def_cfa_offset 12
 162              		.cfi_offset 4, -12
ARM GAS  C:\Users\yzy\AppData\Local\Temp\ccnqWdkw.s 			page 7


 163              		.cfi_offset 5, -8
 164              		.cfi_offset 6, -4
 165              		.loc 1 182 3 is_stmt 1 discriminator 2 view .LVU39
 166 0008 0125     		movs	r5, #1
 167 000a 4571     		strb	r5, [r0, #5]
 168              		.loc 1 182 3 discriminator 2 view .LVU40
 183:Libraries/STM32F4xx_HAL_Driver/Src/stm32f4xx_hal_dac_ex.c ****   
 184:Libraries/STM32F4xx_HAL_Driver/Src/stm32f4xx_hal_dac_ex.c ****   /* Change DAC state */
 185:Libraries/STM32F4xx_HAL_Driver/Src/stm32f4xx_hal_dac_ex.c ****   hdac->State = HAL_DAC_STATE_BUSY;
 169              		.loc 1 185 3 discriminator 2 view .LVU41
 170              		.loc 1 185 15 is_stmt 0 discriminator 2 view .LVU42
 171 000c 0223     		movs	r3, #2
 172 000e 0371     		strb	r3, [r0, #4]
 186:Libraries/STM32F4xx_HAL_Driver/Src/stm32f4xx_hal_dac_ex.c ****   
 187:Libraries/STM32F4xx_HAL_Driver/Src/stm32f4xx_hal_dac_ex.c ****   /* Enable the selected wave generation for the selected DAC channel */
 188:Libraries/STM32F4xx_HAL_Driver/Src/stm32f4xx_hal_dac_ex.c ****   MODIFY_REG(hdac->Instance->CR, (DAC_CR_WAVE1 | DAC_CR_MAMP1) << Channel, (DAC_CR_WAVE1_0 | Amplit
 173              		.loc 1 188 3 is_stmt 1 discriminator 2 view .LVU43
 174 0010 0668     		ldr	r6, [r0]
 175 0012 3368     		ldr	r3, [r6]
 176 0014 4FF47C64 		mov	r4, #4032
 177 0018 8C40     		lsls	r4, r4, r1
 178 001a 23EA0403 		bic	r3, r3, r4
 179 001e 42F04002 		orr	r2, r2, #64
 180              	.LVL11:
 181              		.loc 1 188 3 is_stmt 0 discriminator 2 view .LVU44
 182 0022 02FA01F1 		lsl	r1, r2, r1
 183              	.LVL12:
 184              		.loc 1 188 3 discriminator 2 view .LVU45
 185 0026 1943     		orrs	r1, r1, r3
 186 0028 3160     		str	r1, [r6]
 189:Libraries/STM32F4xx_HAL_Driver/Src/stm32f4xx_hal_dac_ex.c ****   
 190:Libraries/STM32F4xx_HAL_Driver/Src/stm32f4xx_hal_dac_ex.c ****   /* Change DAC state */
 191:Libraries/STM32F4xx_HAL_Driver/Src/stm32f4xx_hal_dac_ex.c ****   hdac->State = HAL_DAC_STATE_READY;
 187              		.loc 1 191 3 is_stmt 1 discriminator 2 view .LVU46
 188              		.loc 1 191 15 is_stmt 0 discriminator 2 view .LVU47
 189 002a 0571     		strb	r5, [r0, #4]
 192:Libraries/STM32F4xx_HAL_Driver/Src/stm32f4xx_hal_dac_ex.c ****   
 193:Libraries/STM32F4xx_HAL_Driver/Src/stm32f4xx_hal_dac_ex.c ****   /* Process unlocked */
 194:Libraries/STM32F4xx_HAL_Driver/Src/stm32f4xx_hal_dac_ex.c ****   __HAL_UNLOCK(hdac);
 190              		.loc 1 194 3 is_stmt 1 discriminator 2 view .LVU48
 191              		.loc 1 194 3 discriminator 2 view .LVU49
 192 002c 0023     		movs	r3, #0
 193 002e 4371     		strb	r3, [r0, #5]
 194              		.loc 1 194 3 discriminator 2 view .LVU50
 195:Libraries/STM32F4xx_HAL_Driver/Src/stm32f4xx_hal_dac_ex.c ****   
 196:Libraries/STM32F4xx_HAL_Driver/Src/stm32f4xx_hal_dac_ex.c ****   /* Return function status */
 197:Libraries/STM32F4xx_HAL_Driver/Src/stm32f4xx_hal_dac_ex.c ****   return HAL_OK;
 195              		.loc 1 197 3 discriminator 2 view .LVU51
 196              		.loc 1 197 10 is_stmt 0 discriminator 2 view .LVU52
 197 0030 1846     		mov	r0, r3
 198              	.LVL13:
 198:Libraries/STM32F4xx_HAL_Driver/Src/stm32f4xx_hal_dac_ex.c **** }
 199              		.loc 1 198 1 discriminator 2 view .LVU53
 200 0032 70BC     		pop	{r4, r5, r6}
 201              	.LCFI3:
 202              		.cfi_restore 6
 203              		.cfi_restore 5
ARM GAS  C:\Users\yzy\AppData\Local\Temp\ccnqWdkw.s 			page 8


 204              		.cfi_restore 4
 205              		.cfi_def_cfa_offset 0
 206 0034 7047     		bx	lr
 207              	.LVL14:
 208              	.L11:
 182:Libraries/STM32F4xx_HAL_Driver/Src/stm32f4xx_hal_dac_ex.c ****   
 209              		.loc 1 182 3 view .LVU54
 210 0036 0220     		movs	r0, #2
 211              	.LVL15:
 212              		.loc 1 198 1 view .LVU55
 213 0038 7047     		bx	lr
 214              		.cfi_endproc
 215              	.LFE132:
 217              		.section	.text.HAL_DACEx_DualSetValue,"ax",%progbits
 218              		.align	1
 219              		.global	HAL_DACEx_DualSetValue
 220              		.syntax unified
 221              		.thumb
 222              		.thumb_func
 223              		.fpu softvfp
 225              	HAL_DACEx_DualSetValue:
 226              	.LVL16:
 227              	.LFB133:
 199:Libraries/STM32F4xx_HAL_Driver/Src/stm32f4xx_hal_dac_ex.c **** 
 200:Libraries/STM32F4xx_HAL_Driver/Src/stm32f4xx_hal_dac_ex.c **** /**
 201:Libraries/STM32F4xx_HAL_Driver/Src/stm32f4xx_hal_dac_ex.c ****   * @brief  Set the specified data holding register value for dual DAC channel.
 202:Libraries/STM32F4xx_HAL_Driver/Src/stm32f4xx_hal_dac_ex.c ****   * @param  hdac pointer to a DAC_HandleTypeDef structure that contains
 203:Libraries/STM32F4xx_HAL_Driver/Src/stm32f4xx_hal_dac_ex.c ****   *               the configuration information for the specified DAC.
 204:Libraries/STM32F4xx_HAL_Driver/Src/stm32f4xx_hal_dac_ex.c ****   * @param  Alignment Specifies the data alignment for dual channel DAC.
 205:Libraries/STM32F4xx_HAL_Driver/Src/stm32f4xx_hal_dac_ex.c ****   *          This parameter can be one of the following values:
 206:Libraries/STM32F4xx_HAL_Driver/Src/stm32f4xx_hal_dac_ex.c ****   *            DAC_ALIGN_8B_R: 8bit right data alignment selected
 207:Libraries/STM32F4xx_HAL_Driver/Src/stm32f4xx_hal_dac_ex.c ****   *            DAC_ALIGN_12B_L: 12bit left data alignment selected
 208:Libraries/STM32F4xx_HAL_Driver/Src/stm32f4xx_hal_dac_ex.c ****   *            DAC_ALIGN_12B_R: 12bit right data alignment selected
 209:Libraries/STM32F4xx_HAL_Driver/Src/stm32f4xx_hal_dac_ex.c ****   * @param  Data1 Data for DAC Channel2 to be loaded in the selected data holding register.
 210:Libraries/STM32F4xx_HAL_Driver/Src/stm32f4xx_hal_dac_ex.c ****   * @param  Data2 Data for DAC Channel1 to be loaded in the selected data  holding register.
 211:Libraries/STM32F4xx_HAL_Driver/Src/stm32f4xx_hal_dac_ex.c ****   * @note   In dual mode, a unique register access is required to write in both
 212:Libraries/STM32F4xx_HAL_Driver/Src/stm32f4xx_hal_dac_ex.c ****   *          DAC channels at the same time.
 213:Libraries/STM32F4xx_HAL_Driver/Src/stm32f4xx_hal_dac_ex.c ****   * @retval HAL status
 214:Libraries/STM32F4xx_HAL_Driver/Src/stm32f4xx_hal_dac_ex.c ****   */
 215:Libraries/STM32F4xx_HAL_Driver/Src/stm32f4xx_hal_dac_ex.c **** HAL_StatusTypeDef HAL_DACEx_DualSetValue(DAC_HandleTypeDef* hdac, uint32_t Alignment, uint32_t Data
 216:Libraries/STM32F4xx_HAL_Driver/Src/stm32f4xx_hal_dac_ex.c **** {  
 228              		.loc 1 216 1 is_stmt 1 view -0
 229              		.cfi_startproc
 230              		@ args = 0, pretend = 0, frame = 0
 231              		@ frame_needed = 0, uses_anonymous_args = 0
 232              		@ link register save eliminated.
 217:Libraries/STM32F4xx_HAL_Driver/Src/stm32f4xx_hal_dac_ex.c ****   uint32_t data = 0U, tmp = 0U;
 233              		.loc 1 217 3 view .LVU57
 218:Libraries/STM32F4xx_HAL_Driver/Src/stm32f4xx_hal_dac_ex.c ****   
 219:Libraries/STM32F4xx_HAL_Driver/Src/stm32f4xx_hal_dac_ex.c ****   /* Check the parameters */
 220:Libraries/STM32F4xx_HAL_Driver/Src/stm32f4xx_hal_dac_ex.c ****   assert_param(IS_DAC_ALIGN(Alignment));
 234              		.loc 1 220 3 view .LVU58
 221:Libraries/STM32F4xx_HAL_Driver/Src/stm32f4xx_hal_dac_ex.c ****   assert_param(IS_DAC_DATA(Data1));
 235              		.loc 1 221 3 view .LVU59
 222:Libraries/STM32F4xx_HAL_Driver/Src/stm32f4xx_hal_dac_ex.c ****   assert_param(IS_DAC_DATA(Data2));
 236              		.loc 1 222 3 view .LVU60
 223:Libraries/STM32F4xx_HAL_Driver/Src/stm32f4xx_hal_dac_ex.c ****   
ARM GAS  C:\Users\yzy\AppData\Local\Temp\ccnqWdkw.s 			page 9


 224:Libraries/STM32F4xx_HAL_Driver/Src/stm32f4xx_hal_dac_ex.c ****   /* Calculate and set dual DAC data holding register value */
 225:Libraries/STM32F4xx_HAL_Driver/Src/stm32f4xx_hal_dac_ex.c ****   if (Alignment == DAC_ALIGN_8B_R)
 237              		.loc 1 225 3 view .LVU61
 238              		.loc 1 225 6 is_stmt 0 view .LVU62
 239 0000 0829     		cmp	r1, #8
 240 0002 06D0     		beq	.L19
 226:Libraries/STM32F4xx_HAL_Driver/Src/stm32f4xx_hal_dac_ex.c ****   {
 227:Libraries/STM32F4xx_HAL_Driver/Src/stm32f4xx_hal_dac_ex.c ****     data = ((uint32_t)Data2 << 8U) | Data1; 
 228:Libraries/STM32F4xx_HAL_Driver/Src/stm32f4xx_hal_dac_ex.c ****   }
 229:Libraries/STM32F4xx_HAL_Driver/Src/stm32f4xx_hal_dac_ex.c ****   else
 230:Libraries/STM32F4xx_HAL_Driver/Src/stm32f4xx_hal_dac_ex.c ****   {
 231:Libraries/STM32F4xx_HAL_Driver/Src/stm32f4xx_hal_dac_ex.c ****     data = ((uint32_t)Data2 << 16U) | Data1;
 241              		.loc 1 231 5 is_stmt 1 view .LVU63
 242              		.loc 1 231 10 is_stmt 0 view .LVU64
 243 0004 42EA0342 		orr	r2, r2, r3, lsl #16
 244              	.LVL17:
 245              	.L18:
 232:Libraries/STM32F4xx_HAL_Driver/Src/stm32f4xx_hal_dac_ex.c ****   }
 233:Libraries/STM32F4xx_HAL_Driver/Src/stm32f4xx_hal_dac_ex.c ****   
 234:Libraries/STM32F4xx_HAL_Driver/Src/stm32f4xx_hal_dac_ex.c ****   tmp = (uint32_t)hdac->Instance;
 246              		.loc 1 234 3 is_stmt 1 view .LVU65
 247              		.loc 1 234 23 is_stmt 0 view .LVU66
 248 0008 0368     		ldr	r3, [r0]
 249              	.LVL18:
 235:Libraries/STM32F4xx_HAL_Driver/Src/stm32f4xx_hal_dac_ex.c ****   tmp += DAC_DHR12RD_ALIGNMENT(Alignment);
 250              		.loc 1 235 3 is_stmt 1 view .LVU67
 251              		.loc 1 235 7 is_stmt 0 view .LVU68
 252 000a 1944     		add	r1, r1, r3
 253              	.LVL19:
 236:Libraries/STM32F4xx_HAL_Driver/Src/stm32f4xx_hal_dac_ex.c **** 
 237:Libraries/STM32F4xx_HAL_Driver/Src/stm32f4xx_hal_dac_ex.c ****   /* Set the dual DAC selected data holding register */
 238:Libraries/STM32F4xx_HAL_Driver/Src/stm32f4xx_hal_dac_ex.c ****   *(__IO uint32_t *)tmp = data;
 254              		.loc 1 238 3 is_stmt 1 view .LVU69
 255              		.loc 1 238 25 is_stmt 0 view .LVU70
 256 000c 0A62     		str	r2, [r1, #32]
 239:Libraries/STM32F4xx_HAL_Driver/Src/stm32f4xx_hal_dac_ex.c ****   
 240:Libraries/STM32F4xx_HAL_Driver/Src/stm32f4xx_hal_dac_ex.c ****   /* Return function status */
 241:Libraries/STM32F4xx_HAL_Driver/Src/stm32f4xx_hal_dac_ex.c ****   return HAL_OK;
 257              		.loc 1 241 3 is_stmt 1 view .LVU71
 242:Libraries/STM32F4xx_HAL_Driver/Src/stm32f4xx_hal_dac_ex.c **** }
 258              		.loc 1 242 1 is_stmt 0 view .LVU72
 259 000e 0020     		movs	r0, #0
 260              	.LVL20:
 261              		.loc 1 242 1 view .LVU73
 262 0010 7047     		bx	lr
 263              	.LVL21:
 264              	.L19:
 227:Libraries/STM32F4xx_HAL_Driver/Src/stm32f4xx_hal_dac_ex.c ****   }
 265              		.loc 1 227 5 is_stmt 1 view .LVU74
 227:Libraries/STM32F4xx_HAL_Driver/Src/stm32f4xx_hal_dac_ex.c ****   }
 266              		.loc 1 227 10 is_stmt 0 view .LVU75
 267 0012 42EA0322 		orr	r2, r2, r3, lsl #8
 268              	.LVL22:
 227:Libraries/STM32F4xx_HAL_Driver/Src/stm32f4xx_hal_dac_ex.c ****   }
 269              		.loc 1 227 10 view .LVU76
 270 0016 F7E7     		b	.L18
 271              		.cfi_endproc
ARM GAS  C:\Users\yzy\AppData\Local\Temp\ccnqWdkw.s 			page 10


 272              	.LFE133:
 274              		.section	.text.HAL_DACEx_ConvCpltCallbackCh2,"ax",%progbits
 275              		.align	1
 276              		.weak	HAL_DACEx_ConvCpltCallbackCh2
 277              		.syntax unified
 278              		.thumb
 279              		.thumb_func
 280              		.fpu softvfp
 282              	HAL_DACEx_ConvCpltCallbackCh2:
 283              	.LVL23:
 284              	.LFB134:
 243:Libraries/STM32F4xx_HAL_Driver/Src/stm32f4xx_hal_dac_ex.c **** 
 244:Libraries/STM32F4xx_HAL_Driver/Src/stm32f4xx_hal_dac_ex.c **** /**
 245:Libraries/STM32F4xx_HAL_Driver/Src/stm32f4xx_hal_dac_ex.c ****   * @}
 246:Libraries/STM32F4xx_HAL_Driver/Src/stm32f4xx_hal_dac_ex.c ****   */
 247:Libraries/STM32F4xx_HAL_Driver/Src/stm32f4xx_hal_dac_ex.c **** 
 248:Libraries/STM32F4xx_HAL_Driver/Src/stm32f4xx_hal_dac_ex.c **** /**
 249:Libraries/STM32F4xx_HAL_Driver/Src/stm32f4xx_hal_dac_ex.c ****   * @brief  Conversion complete callback in non blocking mode for Channel2 
 250:Libraries/STM32F4xx_HAL_Driver/Src/stm32f4xx_hal_dac_ex.c ****   * @param  hdac pointer to a DAC_HandleTypeDef structure that contains
 251:Libraries/STM32F4xx_HAL_Driver/Src/stm32f4xx_hal_dac_ex.c ****   *         the configuration information for the specified DAC.
 252:Libraries/STM32F4xx_HAL_Driver/Src/stm32f4xx_hal_dac_ex.c ****   * @retval None
 253:Libraries/STM32F4xx_HAL_Driver/Src/stm32f4xx_hal_dac_ex.c ****   */
 254:Libraries/STM32F4xx_HAL_Driver/Src/stm32f4xx_hal_dac_ex.c **** __weak void HAL_DACEx_ConvCpltCallbackCh2(DAC_HandleTypeDef* hdac)
 255:Libraries/STM32F4xx_HAL_Driver/Src/stm32f4xx_hal_dac_ex.c **** {
 285              		.loc 1 255 1 is_stmt 1 view -0
 286              		.cfi_startproc
 287              		@ args = 0, pretend = 0, frame = 0
 288              		@ frame_needed = 0, uses_anonymous_args = 0
 289              		@ link register save eliminated.
 256:Libraries/STM32F4xx_HAL_Driver/Src/stm32f4xx_hal_dac_ex.c ****   /* Prevent unused argument(s) compilation warning */
 257:Libraries/STM32F4xx_HAL_Driver/Src/stm32f4xx_hal_dac_ex.c ****   UNUSED(hdac);
 290              		.loc 1 257 3 view .LVU78
 258:Libraries/STM32F4xx_HAL_Driver/Src/stm32f4xx_hal_dac_ex.c ****   /* NOTE : This function Should not be modified, when the callback is needed,
 259:Libraries/STM32F4xx_HAL_Driver/Src/stm32f4xx_hal_dac_ex.c ****             the HAL_DAC_ConvCpltCallback could be implemented in the user file
 260:Libraries/STM32F4xx_HAL_Driver/Src/stm32f4xx_hal_dac_ex.c ****    */
 261:Libraries/STM32F4xx_HAL_Driver/Src/stm32f4xx_hal_dac_ex.c **** }
 291              		.loc 1 261 1 is_stmt 0 view .LVU79
 292 0000 7047     		bx	lr
 293              		.cfi_endproc
 294              	.LFE134:
 296              		.section	.text.HAL_DACEx_ConvHalfCpltCallbackCh2,"ax",%progbits
 297              		.align	1
 298              		.weak	HAL_DACEx_ConvHalfCpltCallbackCh2
 299              		.syntax unified
 300              		.thumb
 301              		.thumb_func
 302              		.fpu softvfp
 304              	HAL_DACEx_ConvHalfCpltCallbackCh2:
 305              	.LVL24:
 306              	.LFB135:
 262:Libraries/STM32F4xx_HAL_Driver/Src/stm32f4xx_hal_dac_ex.c **** 
 263:Libraries/STM32F4xx_HAL_Driver/Src/stm32f4xx_hal_dac_ex.c **** /**
 264:Libraries/STM32F4xx_HAL_Driver/Src/stm32f4xx_hal_dac_ex.c ****   * @brief  Conversion half DMA transfer callback in non blocking mode for Channel2 
 265:Libraries/STM32F4xx_HAL_Driver/Src/stm32f4xx_hal_dac_ex.c ****   * @param  hdac pointer to a DAC_HandleTypeDef structure that contains
 266:Libraries/STM32F4xx_HAL_Driver/Src/stm32f4xx_hal_dac_ex.c ****   *         the configuration information for the specified DAC.
 267:Libraries/STM32F4xx_HAL_Driver/Src/stm32f4xx_hal_dac_ex.c ****   * @retval None
 268:Libraries/STM32F4xx_HAL_Driver/Src/stm32f4xx_hal_dac_ex.c ****   */
ARM GAS  C:\Users\yzy\AppData\Local\Temp\ccnqWdkw.s 			page 11


 269:Libraries/STM32F4xx_HAL_Driver/Src/stm32f4xx_hal_dac_ex.c **** __weak void HAL_DACEx_ConvHalfCpltCallbackCh2(DAC_HandleTypeDef* hdac)
 270:Libraries/STM32F4xx_HAL_Driver/Src/stm32f4xx_hal_dac_ex.c **** {
 307              		.loc 1 270 1 is_stmt 1 view -0
 308              		.cfi_startproc
 309              		@ args = 0, pretend = 0, frame = 0
 310              		@ frame_needed = 0, uses_anonymous_args = 0
 311              		@ link register save eliminated.
 271:Libraries/STM32F4xx_HAL_Driver/Src/stm32f4xx_hal_dac_ex.c ****   /* Prevent unused argument(s) compilation warning */
 272:Libraries/STM32F4xx_HAL_Driver/Src/stm32f4xx_hal_dac_ex.c ****   UNUSED(hdac);
 312              		.loc 1 272 3 view .LVU81
 273:Libraries/STM32F4xx_HAL_Driver/Src/stm32f4xx_hal_dac_ex.c ****   /* NOTE : This function Should not be modified, when the callback is needed,
 274:Libraries/STM32F4xx_HAL_Driver/Src/stm32f4xx_hal_dac_ex.c ****             the HAL_DAC_ConvHalfCpltCallbackCh2 could be implemented in the user file
 275:Libraries/STM32F4xx_HAL_Driver/Src/stm32f4xx_hal_dac_ex.c ****    */
 276:Libraries/STM32F4xx_HAL_Driver/Src/stm32f4xx_hal_dac_ex.c **** }
 313              		.loc 1 276 1 is_stmt 0 view .LVU82
 314 0000 7047     		bx	lr
 315              		.cfi_endproc
 316              	.LFE135:
 318              		.section	.text.HAL_DACEx_ErrorCallbackCh2,"ax",%progbits
 319              		.align	1
 320              		.weak	HAL_DACEx_ErrorCallbackCh2
 321              		.syntax unified
 322              		.thumb
 323              		.thumb_func
 324              		.fpu softvfp
 326              	HAL_DACEx_ErrorCallbackCh2:
 327              	.LVL25:
 328              	.LFB136:
 277:Libraries/STM32F4xx_HAL_Driver/Src/stm32f4xx_hal_dac_ex.c **** 
 278:Libraries/STM32F4xx_HAL_Driver/Src/stm32f4xx_hal_dac_ex.c **** /**
 279:Libraries/STM32F4xx_HAL_Driver/Src/stm32f4xx_hal_dac_ex.c ****   * @brief  Error DAC callback for Channel2.
 280:Libraries/STM32F4xx_HAL_Driver/Src/stm32f4xx_hal_dac_ex.c ****   * @param  hdac pointer to a DAC_HandleTypeDef structure that contains
 281:Libraries/STM32F4xx_HAL_Driver/Src/stm32f4xx_hal_dac_ex.c ****   *         the configuration information for the specified DAC.
 282:Libraries/STM32F4xx_HAL_Driver/Src/stm32f4xx_hal_dac_ex.c ****   * @retval None
 283:Libraries/STM32F4xx_HAL_Driver/Src/stm32f4xx_hal_dac_ex.c ****   */
 284:Libraries/STM32F4xx_HAL_Driver/Src/stm32f4xx_hal_dac_ex.c **** __weak void HAL_DACEx_ErrorCallbackCh2(DAC_HandleTypeDef *hdac)
 285:Libraries/STM32F4xx_HAL_Driver/Src/stm32f4xx_hal_dac_ex.c **** {
 329              		.loc 1 285 1 is_stmt 1 view -0
 330              		.cfi_startproc
 331              		@ args = 0, pretend = 0, frame = 0
 332              		@ frame_needed = 0, uses_anonymous_args = 0
 333              		@ link register save eliminated.
 286:Libraries/STM32F4xx_HAL_Driver/Src/stm32f4xx_hal_dac_ex.c ****   /* Prevent unused argument(s) compilation warning */
 287:Libraries/STM32F4xx_HAL_Driver/Src/stm32f4xx_hal_dac_ex.c ****   UNUSED(hdac);
 334              		.loc 1 287 3 view .LVU84
 288:Libraries/STM32F4xx_HAL_Driver/Src/stm32f4xx_hal_dac_ex.c ****   /* NOTE : This function Should not be modified, when the callback is needed,
 289:Libraries/STM32F4xx_HAL_Driver/Src/stm32f4xx_hal_dac_ex.c ****             the HAL_DAC_ErrorCallback could be implemented in the user file
 290:Libraries/STM32F4xx_HAL_Driver/Src/stm32f4xx_hal_dac_ex.c ****    */
 291:Libraries/STM32F4xx_HAL_Driver/Src/stm32f4xx_hal_dac_ex.c **** }
 335              		.loc 1 291 1 is_stmt 0 view .LVU85
 336 0000 7047     		bx	lr
 337              		.cfi_endproc
 338              	.LFE136:
 340              		.section	.text.HAL_DACEx_DMAUnderrunCallbackCh2,"ax",%progbits
 341              		.align	1
 342              		.weak	HAL_DACEx_DMAUnderrunCallbackCh2
 343              		.syntax unified
ARM GAS  C:\Users\yzy\AppData\Local\Temp\ccnqWdkw.s 			page 12


 344              		.thumb
 345              		.thumb_func
 346              		.fpu softvfp
 348              	HAL_DACEx_DMAUnderrunCallbackCh2:
 349              	.LVL26:
 350              	.LFB137:
 292:Libraries/STM32F4xx_HAL_Driver/Src/stm32f4xx_hal_dac_ex.c **** 
 293:Libraries/STM32F4xx_HAL_Driver/Src/stm32f4xx_hal_dac_ex.c **** /**
 294:Libraries/STM32F4xx_HAL_Driver/Src/stm32f4xx_hal_dac_ex.c ****   * @brief  DMA underrun DAC callback for channel2.
 295:Libraries/STM32F4xx_HAL_Driver/Src/stm32f4xx_hal_dac_ex.c ****   * @param  hdac pointer to a DAC_HandleTypeDef structure that contains
 296:Libraries/STM32F4xx_HAL_Driver/Src/stm32f4xx_hal_dac_ex.c ****   *         the configuration information for the specified DAC.
 297:Libraries/STM32F4xx_HAL_Driver/Src/stm32f4xx_hal_dac_ex.c ****   * @retval None
 298:Libraries/STM32F4xx_HAL_Driver/Src/stm32f4xx_hal_dac_ex.c ****   */
 299:Libraries/STM32F4xx_HAL_Driver/Src/stm32f4xx_hal_dac_ex.c **** __weak void HAL_DACEx_DMAUnderrunCallbackCh2(DAC_HandleTypeDef *hdac)
 300:Libraries/STM32F4xx_HAL_Driver/Src/stm32f4xx_hal_dac_ex.c **** {
 351              		.loc 1 300 1 is_stmt 1 view -0
 352              		.cfi_startproc
 353              		@ args = 0, pretend = 0, frame = 0
 354              		@ frame_needed = 0, uses_anonymous_args = 0
 355              		@ link register save eliminated.
 301:Libraries/STM32F4xx_HAL_Driver/Src/stm32f4xx_hal_dac_ex.c ****   /* Prevent unused argument(s) compilation warning */
 302:Libraries/STM32F4xx_HAL_Driver/Src/stm32f4xx_hal_dac_ex.c ****   UNUSED(hdac);
 356              		.loc 1 302 3 view .LVU87
 303:Libraries/STM32F4xx_HAL_Driver/Src/stm32f4xx_hal_dac_ex.c ****   /* NOTE : This function Should not be modified, when the callback is needed,
 304:Libraries/STM32F4xx_HAL_Driver/Src/stm32f4xx_hal_dac_ex.c ****             the HAL_DAC_DMAUnderrunCallbackCh2 could be implemented in the user file
 305:Libraries/STM32F4xx_HAL_Driver/Src/stm32f4xx_hal_dac_ex.c ****    */
 306:Libraries/STM32F4xx_HAL_Driver/Src/stm32f4xx_hal_dac_ex.c **** }
 357              		.loc 1 306 1 is_stmt 0 view .LVU88
 358 0000 7047     		bx	lr
 359              		.cfi_endproc
 360              	.LFE137:
 362              		.section	.text.DAC_DMAConvCpltCh2,"ax",%progbits
 363              		.align	1
 364              		.global	DAC_DMAConvCpltCh2
 365              		.syntax unified
 366              		.thumb
 367              		.thumb_func
 368              		.fpu softvfp
 370              	DAC_DMAConvCpltCh2:
 371              	.LVL27:
 372              	.LFB138:
 307:Libraries/STM32F4xx_HAL_Driver/Src/stm32f4xx_hal_dac_ex.c **** 
 308:Libraries/STM32F4xx_HAL_Driver/Src/stm32f4xx_hal_dac_ex.c **** /**
 309:Libraries/STM32F4xx_HAL_Driver/Src/stm32f4xx_hal_dac_ex.c ****   * @brief  DMA conversion complete callback. 
 310:Libraries/STM32F4xx_HAL_Driver/Src/stm32f4xx_hal_dac_ex.c ****   * @param  hdma pointer to a DMA_HandleTypeDef structure that contains
 311:Libraries/STM32F4xx_HAL_Driver/Src/stm32f4xx_hal_dac_ex.c ****   *                the configuration information for the specified DMA module.
 312:Libraries/STM32F4xx_HAL_Driver/Src/stm32f4xx_hal_dac_ex.c ****   * @retval None
 313:Libraries/STM32F4xx_HAL_Driver/Src/stm32f4xx_hal_dac_ex.c ****   */
 314:Libraries/STM32F4xx_HAL_Driver/Src/stm32f4xx_hal_dac_ex.c **** void DAC_DMAConvCpltCh2(DMA_HandleTypeDef *hdma)   
 315:Libraries/STM32F4xx_HAL_Driver/Src/stm32f4xx_hal_dac_ex.c **** {
 373              		.loc 1 315 1 is_stmt 1 view -0
 374              		.cfi_startproc
 375              		@ args = 0, pretend = 0, frame = 0
 376              		@ frame_needed = 0, uses_anonymous_args = 0
 377              		.loc 1 315 1 is_stmt 0 view .LVU90
 378 0000 10B5     		push	{r4, lr}
 379              	.LCFI4:
ARM GAS  C:\Users\yzy\AppData\Local\Temp\ccnqWdkw.s 			page 13


 380              		.cfi_def_cfa_offset 8
 381              		.cfi_offset 4, -8
 382              		.cfi_offset 14, -4
 316:Libraries/STM32F4xx_HAL_Driver/Src/stm32f4xx_hal_dac_ex.c ****   DAC_HandleTypeDef* hdac = ( DAC_HandleTypeDef* )((DMA_HandleTypeDef* )hdma)->Parent;
 383              		.loc 1 316 3 is_stmt 1 view .LVU91
 384              		.loc 1 316 22 is_stmt 0 view .LVU92
 385 0002 846B     		ldr	r4, [r0, #56]
 386              	.LVL28:
 317:Libraries/STM32F4xx_HAL_Driver/Src/stm32f4xx_hal_dac_ex.c ****   
 318:Libraries/STM32F4xx_HAL_Driver/Src/stm32f4xx_hal_dac_ex.c **** #if (USE_HAL_DAC_REGISTER_CALLBACKS == 1)
 319:Libraries/STM32F4xx_HAL_Driver/Src/stm32f4xx_hal_dac_ex.c ****   hdac->ConvCpltCallbackCh2(hdac);
 320:Libraries/STM32F4xx_HAL_Driver/Src/stm32f4xx_hal_dac_ex.c **** #else
 321:Libraries/STM32F4xx_HAL_Driver/Src/stm32f4xx_hal_dac_ex.c ****   HAL_DACEx_ConvCpltCallbackCh2(hdac); 
 387              		.loc 1 321 3 is_stmt 1 view .LVU93
 388 0004 2046     		mov	r0, r4
 389              	.LVL29:
 390              		.loc 1 321 3 is_stmt 0 view .LVU94
 391 0006 FFF7FEFF 		bl	HAL_DACEx_ConvCpltCallbackCh2
 392              	.LVL30:
 322:Libraries/STM32F4xx_HAL_Driver/Src/stm32f4xx_hal_dac_ex.c **** #endif /* USE_HAL_DAC_REGISTER_CALLBACKS */
 323:Libraries/STM32F4xx_HAL_Driver/Src/stm32f4xx_hal_dac_ex.c ****   
 324:Libraries/STM32F4xx_HAL_Driver/Src/stm32f4xx_hal_dac_ex.c ****   hdac->State= HAL_DAC_STATE_READY;
 393              		.loc 1 324 3 is_stmt 1 view .LVU95
 394              		.loc 1 324 14 is_stmt 0 view .LVU96
 395 000a 0123     		movs	r3, #1
 396 000c 2371     		strb	r3, [r4, #4]
 325:Libraries/STM32F4xx_HAL_Driver/Src/stm32f4xx_hal_dac_ex.c **** }
 397              		.loc 1 325 1 view .LVU97
 398 000e 10BD     		pop	{r4, pc}
 399              		.loc 1 325 1 view .LVU98
 400              		.cfi_endproc
 401              	.LFE138:
 403              		.section	.text.DAC_DMAHalfConvCpltCh2,"ax",%progbits
 404              		.align	1
 405              		.global	DAC_DMAHalfConvCpltCh2
 406              		.syntax unified
 407              		.thumb
 408              		.thumb_func
 409              		.fpu softvfp
 411              	DAC_DMAHalfConvCpltCh2:
 412              	.LVL31:
 413              	.LFB139:
 326:Libraries/STM32F4xx_HAL_Driver/Src/stm32f4xx_hal_dac_ex.c **** 
 327:Libraries/STM32F4xx_HAL_Driver/Src/stm32f4xx_hal_dac_ex.c **** /**
 328:Libraries/STM32F4xx_HAL_Driver/Src/stm32f4xx_hal_dac_ex.c ****   * @brief  DMA half transfer complete callback. 
 329:Libraries/STM32F4xx_HAL_Driver/Src/stm32f4xx_hal_dac_ex.c ****   * @param  hdma pointer to a DMA_HandleTypeDef structure that contains
 330:Libraries/STM32F4xx_HAL_Driver/Src/stm32f4xx_hal_dac_ex.c ****   *                the configuration information for the specified DMA module.
 331:Libraries/STM32F4xx_HAL_Driver/Src/stm32f4xx_hal_dac_ex.c ****   * @retval None
 332:Libraries/STM32F4xx_HAL_Driver/Src/stm32f4xx_hal_dac_ex.c ****   */
 333:Libraries/STM32F4xx_HAL_Driver/Src/stm32f4xx_hal_dac_ex.c **** void DAC_DMAHalfConvCpltCh2(DMA_HandleTypeDef *hdma)   
 334:Libraries/STM32F4xx_HAL_Driver/Src/stm32f4xx_hal_dac_ex.c **** {
 414              		.loc 1 334 1 is_stmt 1 view -0
 415              		.cfi_startproc
 416              		@ args = 0, pretend = 0, frame = 0
 417              		@ frame_needed = 0, uses_anonymous_args = 0
 418              		.loc 1 334 1 is_stmt 0 view .LVU100
 419 0000 08B5     		push	{r3, lr}
ARM GAS  C:\Users\yzy\AppData\Local\Temp\ccnqWdkw.s 			page 14


 420              	.LCFI5:
 421              		.cfi_def_cfa_offset 8
 422              		.cfi_offset 3, -8
 423              		.cfi_offset 14, -4
 335:Libraries/STM32F4xx_HAL_Driver/Src/stm32f4xx_hal_dac_ex.c ****     DAC_HandleTypeDef* hdac = ( DAC_HandleTypeDef* )((DMA_HandleTypeDef* )hdma)->Parent;
 424              		.loc 1 335 5 is_stmt 1 view .LVU101
 425              	.LVL32:
 336:Libraries/STM32F4xx_HAL_Driver/Src/stm32f4xx_hal_dac_ex.c ****     /* Conversion complete callback */
 337:Libraries/STM32F4xx_HAL_Driver/Src/stm32f4xx_hal_dac_ex.c **** #if (USE_HAL_DAC_REGISTER_CALLBACKS == 1)
 338:Libraries/STM32F4xx_HAL_Driver/Src/stm32f4xx_hal_dac_ex.c ****   hdac->ConvHalfCpltCallbackCh2(hdac);
 339:Libraries/STM32F4xx_HAL_Driver/Src/stm32f4xx_hal_dac_ex.c **** #else
 340:Libraries/STM32F4xx_HAL_Driver/Src/stm32f4xx_hal_dac_ex.c ****     HAL_DACEx_ConvHalfCpltCallbackCh2(hdac); 
 426              		.loc 1 340 5 view .LVU102
 427 0002 806B     		ldr	r0, [r0, #56]
 428              	.LVL33:
 429              		.loc 1 340 5 is_stmt 0 view .LVU103
 430 0004 FFF7FEFF 		bl	HAL_DACEx_ConvHalfCpltCallbackCh2
 431              	.LVL34:
 341:Libraries/STM32F4xx_HAL_Driver/Src/stm32f4xx_hal_dac_ex.c **** #endif /* USE_HAL_DAC_REGISTER_CALLBACKS */
 342:Libraries/STM32F4xx_HAL_Driver/Src/stm32f4xx_hal_dac_ex.c **** }
 432              		.loc 1 342 1 view .LVU104
 433 0008 08BD     		pop	{r3, pc}
 434              		.cfi_endproc
 435              	.LFE139:
 437              		.section	.text.DAC_DMAErrorCh2,"ax",%progbits
 438              		.align	1
 439              		.global	DAC_DMAErrorCh2
 440              		.syntax unified
 441              		.thumb
 442              		.thumb_func
 443              		.fpu softvfp
 445              	DAC_DMAErrorCh2:
 446              	.LVL35:
 447              	.LFB140:
 343:Libraries/STM32F4xx_HAL_Driver/Src/stm32f4xx_hal_dac_ex.c **** 
 344:Libraries/STM32F4xx_HAL_Driver/Src/stm32f4xx_hal_dac_ex.c **** /**
 345:Libraries/STM32F4xx_HAL_Driver/Src/stm32f4xx_hal_dac_ex.c ****   * @brief  DMA error callback 
 346:Libraries/STM32F4xx_HAL_Driver/Src/stm32f4xx_hal_dac_ex.c ****   * @param  hdma pointer to a DMA_HandleTypeDef structure that contains
 347:Libraries/STM32F4xx_HAL_Driver/Src/stm32f4xx_hal_dac_ex.c ****   *                the configuration information for the specified DMA module.
 348:Libraries/STM32F4xx_HAL_Driver/Src/stm32f4xx_hal_dac_ex.c ****   * @retval None
 349:Libraries/STM32F4xx_HAL_Driver/Src/stm32f4xx_hal_dac_ex.c ****   */
 350:Libraries/STM32F4xx_HAL_Driver/Src/stm32f4xx_hal_dac_ex.c **** void DAC_DMAErrorCh2(DMA_HandleTypeDef *hdma)   
 351:Libraries/STM32F4xx_HAL_Driver/Src/stm32f4xx_hal_dac_ex.c **** {
 448              		.loc 1 351 1 is_stmt 1 view -0
 449              		.cfi_startproc
 450              		@ args = 0, pretend = 0, frame = 0
 451              		@ frame_needed = 0, uses_anonymous_args = 0
 452              		.loc 1 351 1 is_stmt 0 view .LVU106
 453 0000 10B5     		push	{r4, lr}
 454              	.LCFI6:
 455              		.cfi_def_cfa_offset 8
 456              		.cfi_offset 4, -8
 457              		.cfi_offset 14, -4
 352:Libraries/STM32F4xx_HAL_Driver/Src/stm32f4xx_hal_dac_ex.c ****   DAC_HandleTypeDef* hdac = ( DAC_HandleTypeDef* )((DMA_HandleTypeDef* )hdma)->Parent;
 458              		.loc 1 352 3 is_stmt 1 view .LVU107
 459              		.loc 1 352 22 is_stmt 0 view .LVU108
 460 0002 846B     		ldr	r4, [r0, #56]
ARM GAS  C:\Users\yzy\AppData\Local\Temp\ccnqWdkw.s 			page 15


 461              	.LVL36:
 353:Libraries/STM32F4xx_HAL_Driver/Src/stm32f4xx_hal_dac_ex.c ****     
 354:Libraries/STM32F4xx_HAL_Driver/Src/stm32f4xx_hal_dac_ex.c ****   /* Set DAC error code to DMA error */
 355:Libraries/STM32F4xx_HAL_Driver/Src/stm32f4xx_hal_dac_ex.c ****   hdac->ErrorCode |= HAL_DAC_ERROR_DMA;
 462              		.loc 1 355 3 is_stmt 1 view .LVU109
 463              		.loc 1 355 19 is_stmt 0 view .LVU110
 464 0004 2369     		ldr	r3, [r4, #16]
 465 0006 43F00403 		orr	r3, r3, #4
 466 000a 2361     		str	r3, [r4, #16]
 356:Libraries/STM32F4xx_HAL_Driver/Src/stm32f4xx_hal_dac_ex.c ****     
 357:Libraries/STM32F4xx_HAL_Driver/Src/stm32f4xx_hal_dac_ex.c **** #if (USE_HAL_DAC_REGISTER_CALLBACKS == 1)
 358:Libraries/STM32F4xx_HAL_Driver/Src/stm32f4xx_hal_dac_ex.c ****   hdac->ErrorCallbackCh2(hdac);
 359:Libraries/STM32F4xx_HAL_Driver/Src/stm32f4xx_hal_dac_ex.c **** #else
 360:Libraries/STM32F4xx_HAL_Driver/Src/stm32f4xx_hal_dac_ex.c ****   HAL_DACEx_ErrorCallbackCh2(hdac); 
 467              		.loc 1 360 3 is_stmt 1 view .LVU111
 468 000c 2046     		mov	r0, r4
 469              	.LVL37:
 470              		.loc 1 360 3 is_stmt 0 view .LVU112
 471 000e FFF7FEFF 		bl	HAL_DACEx_ErrorCallbackCh2
 472              	.LVL38:
 361:Libraries/STM32F4xx_HAL_Driver/Src/stm32f4xx_hal_dac_ex.c **** #endif /* USE_HAL_DAC_REGISTER_CALLBACKS */
 362:Libraries/STM32F4xx_HAL_Driver/Src/stm32f4xx_hal_dac_ex.c ****     
 363:Libraries/STM32F4xx_HAL_Driver/Src/stm32f4xx_hal_dac_ex.c ****   hdac->State= HAL_DAC_STATE_READY;
 473              		.loc 1 363 3 is_stmt 1 view .LVU113
 474              		.loc 1 363 14 is_stmt 0 view .LVU114
 475 0012 0123     		movs	r3, #1
 476 0014 2371     		strb	r3, [r4, #4]
 364:Libraries/STM32F4xx_HAL_Driver/Src/stm32f4xx_hal_dac_ex.c **** }
 477              		.loc 1 364 1 view .LVU115
 478 0016 10BD     		pop	{r4, pc}
 479              		.loc 1 364 1 view .LVU116
 480              		.cfi_endproc
 481              	.LFE140:
 483              		.text
 484              	.Letext0:
 485              		.file 2 "c:\\program files (x86)\\gnu arm embedded toolchain\\2020-q2-update\\arm-none-eabi\\inclu
 486              		.file 3 "c:\\program files (x86)\\gnu arm embedded toolchain\\2020-q2-update\\arm-none-eabi\\inclu
 487              		.file 4 "Libraries/CMSIS/Include/core_cm4.h"
 488              		.file 5 "Libraries/CMSIS/Device/ST/STM32F4xx/Include/system_stm32f4xx.h"
 489              		.file 6 "Libraries/CMSIS/Device/ST/STM32F4xx/Include/stm32f407xx.h"
 490              		.file 7 "Libraries/STM32F4xx_HAL_Driver/Inc/stm32f4xx_hal_def.h"
 491              		.file 8 "Libraries/STM32F4xx_HAL_Driver/Inc/stm32f4xx_hal_dma.h"
 492              		.file 9 "Libraries/STM32F4xx_HAL_Driver/Inc/stm32f4xx_hal_dac.h"
 493              		.file 10 "Libraries/STM32F4xx_HAL_Driver/Inc/stm32f4xx_hal.h"
ARM GAS  C:\Users\yzy\AppData\Local\Temp\ccnqWdkw.s 			page 16


DEFINED SYMBOLS
                            *ABS*:00000000 stm32f4xx_hal_dac_ex.c
C:\Users\yzy\AppData\Local\Temp\ccnqWdkw.s:16     .text.HAL_DACEx_DualGetValue:00000000 $t
C:\Users\yzy\AppData\Local\Temp\ccnqWdkw.s:24     .text.HAL_DACEx_DualGetValue:00000000 HAL_DACEx_DualGetValue
C:\Users\yzy\AppData\Local\Temp\ccnqWdkw.s:54     .text.HAL_DACEx_TriangleWaveGenerate:00000000 $t
C:\Users\yzy\AppData\Local\Temp\ccnqWdkw.s:61     .text.HAL_DACEx_TriangleWaveGenerate:00000000 HAL_DACEx_TriangleWaveGenerate
C:\Users\yzy\AppData\Local\Temp\ccnqWdkw.s:136    .text.HAL_DACEx_NoiseWaveGenerate:00000000 $t
C:\Users\yzy\AppData\Local\Temp\ccnqWdkw.s:143    .text.HAL_DACEx_NoiseWaveGenerate:00000000 HAL_DACEx_NoiseWaveGenerate
C:\Users\yzy\AppData\Local\Temp\ccnqWdkw.s:218    .text.HAL_DACEx_DualSetValue:00000000 $t
C:\Users\yzy\AppData\Local\Temp\ccnqWdkw.s:225    .text.HAL_DACEx_DualSetValue:00000000 HAL_DACEx_DualSetValue
C:\Users\yzy\AppData\Local\Temp\ccnqWdkw.s:275    .text.HAL_DACEx_ConvCpltCallbackCh2:00000000 $t
C:\Users\yzy\AppData\Local\Temp\ccnqWdkw.s:282    .text.HAL_DACEx_ConvCpltCallbackCh2:00000000 HAL_DACEx_ConvCpltCallbackCh2
C:\Users\yzy\AppData\Local\Temp\ccnqWdkw.s:297    .text.HAL_DACEx_ConvHalfCpltCallbackCh2:00000000 $t
C:\Users\yzy\AppData\Local\Temp\ccnqWdkw.s:304    .text.HAL_DACEx_ConvHalfCpltCallbackCh2:00000000 HAL_DACEx_ConvHalfCpltCallbackCh2
C:\Users\yzy\AppData\Local\Temp\ccnqWdkw.s:319    .text.HAL_DACEx_ErrorCallbackCh2:00000000 $t
C:\Users\yzy\AppData\Local\Temp\ccnqWdkw.s:326    .text.HAL_DACEx_ErrorCallbackCh2:00000000 HAL_DACEx_ErrorCallbackCh2
C:\Users\yzy\AppData\Local\Temp\ccnqWdkw.s:341    .text.HAL_DACEx_DMAUnderrunCallbackCh2:00000000 $t
C:\Users\yzy\AppData\Local\Temp\ccnqWdkw.s:348    .text.HAL_DACEx_DMAUnderrunCallbackCh2:00000000 HAL_DACEx_DMAUnderrunCallbackCh2
C:\Users\yzy\AppData\Local\Temp\ccnqWdkw.s:363    .text.DAC_DMAConvCpltCh2:00000000 $t
C:\Users\yzy\AppData\Local\Temp\ccnqWdkw.s:370    .text.DAC_DMAConvCpltCh2:00000000 DAC_DMAConvCpltCh2
C:\Users\yzy\AppData\Local\Temp\ccnqWdkw.s:404    .text.DAC_DMAHalfConvCpltCh2:00000000 $t
C:\Users\yzy\AppData\Local\Temp\ccnqWdkw.s:411    .text.DAC_DMAHalfConvCpltCh2:00000000 DAC_DMAHalfConvCpltCh2
C:\Users\yzy\AppData\Local\Temp\ccnqWdkw.s:438    .text.DAC_DMAErrorCh2:00000000 $t
C:\Users\yzy\AppData\Local\Temp\ccnqWdkw.s:445    .text.DAC_DMAErrorCh2:00000000 DAC_DMAErrorCh2

NO UNDEFINED SYMBOLS
