ARM GAS  C:\Users\yzy\AppData\Local\Temp\ccPCVM7G.s 			page 1


   1              		.cpu cortex-m4
   2              		.eabi_attribute 20, 1
   3              		.eabi_attribute 21, 1
   4              		.eabi_attribute 23, 3
   5              		.eabi_attribute 24, 1
   6              		.eabi_attribute 25, 1
   7              		.eabi_attribute 26, 1
   8              		.eabi_attribute 30, 1
   9              		.eabi_attribute 34, 1
  10              		.eabi_attribute 18, 4
  11              		.file	"stm32f4xx_hal_crc.c"
  12              		.text
  13              	.Ltext0:
  14              		.cfi_sections	.debug_frame
  15              		.section	.text.HAL_CRC_MspInit,"ax",%progbits
  16              		.align	1
  17              		.weak	HAL_CRC_MspInit
  18              		.arch armv7e-m
  19              		.syntax unified
  20              		.thumb
  21              		.thumb_func
  22              		.fpu softvfp
  24              	HAL_CRC_MspInit:
  25              	.LVL0:
  26              	.LFB132:
  27              		.file 1 "Libraries/STM32F4xx_HAL_Driver/Src/stm32f4xx_hal_crc.c"
   1:Libraries/STM32F4xx_HAL_Driver/Src/stm32f4xx_hal_crc.c **** /**
   2:Libraries/STM32F4xx_HAL_Driver/Src/stm32f4xx_hal_crc.c ****   ******************************************************************************
   3:Libraries/STM32F4xx_HAL_Driver/Src/stm32f4xx_hal_crc.c ****   * @file    stm32f4xx_hal_crc.c
   4:Libraries/STM32F4xx_HAL_Driver/Src/stm32f4xx_hal_crc.c ****   * @author  MCD Application Team
   5:Libraries/STM32F4xx_HAL_Driver/Src/stm32f4xx_hal_crc.c ****   * @brief   CRC HAL module driver.
   6:Libraries/STM32F4xx_HAL_Driver/Src/stm32f4xx_hal_crc.c ****   *          This file provides firmware functions to manage the following
   7:Libraries/STM32F4xx_HAL_Driver/Src/stm32f4xx_hal_crc.c ****   *          functionalities of the Cyclic Redundancy Check (CRC) peripheral:
   8:Libraries/STM32F4xx_HAL_Driver/Src/stm32f4xx_hal_crc.c ****   *           + Initialization and de-initialization functions
   9:Libraries/STM32F4xx_HAL_Driver/Src/stm32f4xx_hal_crc.c ****   *           + Peripheral Control functions
  10:Libraries/STM32F4xx_HAL_Driver/Src/stm32f4xx_hal_crc.c ****   *           + Peripheral State functions
  11:Libraries/STM32F4xx_HAL_Driver/Src/stm32f4xx_hal_crc.c ****   *
  12:Libraries/STM32F4xx_HAL_Driver/Src/stm32f4xx_hal_crc.c ****   @verbatim
  13:Libraries/STM32F4xx_HAL_Driver/Src/stm32f4xx_hal_crc.c ****  ===============================================================================
  14:Libraries/STM32F4xx_HAL_Driver/Src/stm32f4xx_hal_crc.c ****                      ##### How to use this driver #####
  15:Libraries/STM32F4xx_HAL_Driver/Src/stm32f4xx_hal_crc.c ****  ===============================================================================
  16:Libraries/STM32F4xx_HAL_Driver/Src/stm32f4xx_hal_crc.c ****     [..]
  17:Libraries/STM32F4xx_HAL_Driver/Src/stm32f4xx_hal_crc.c ****          (+) Enable CRC AHB clock using __HAL_RCC_CRC_CLK_ENABLE();
  18:Libraries/STM32F4xx_HAL_Driver/Src/stm32f4xx_hal_crc.c ****          (+) Initialize CRC calculator
  19:Libraries/STM32F4xx_HAL_Driver/Src/stm32f4xx_hal_crc.c ****              (++) specify generating polynomial (peripheral default or non-default one)
  20:Libraries/STM32F4xx_HAL_Driver/Src/stm32f4xx_hal_crc.c ****              (++) specify initialization value (peripheral default or non-default one)
  21:Libraries/STM32F4xx_HAL_Driver/Src/stm32f4xx_hal_crc.c ****              (++) specify input data format
  22:Libraries/STM32F4xx_HAL_Driver/Src/stm32f4xx_hal_crc.c ****              (++) specify input or output data inversion mode if any
  23:Libraries/STM32F4xx_HAL_Driver/Src/stm32f4xx_hal_crc.c ****          (+) Use HAL_CRC_Accumulate() function to compute the CRC value of the
  24:Libraries/STM32F4xx_HAL_Driver/Src/stm32f4xx_hal_crc.c ****              input data buffer starting with the previously computed CRC as
  25:Libraries/STM32F4xx_HAL_Driver/Src/stm32f4xx_hal_crc.c ****              initialization value
  26:Libraries/STM32F4xx_HAL_Driver/Src/stm32f4xx_hal_crc.c ****          (+) Use HAL_CRC_Calculate() function to compute the CRC value of the
  27:Libraries/STM32F4xx_HAL_Driver/Src/stm32f4xx_hal_crc.c ****              input data buffer starting with the defined initialization value
  28:Libraries/STM32F4xx_HAL_Driver/Src/stm32f4xx_hal_crc.c ****              (default or non-default) to initiate CRC calculation
  29:Libraries/STM32F4xx_HAL_Driver/Src/stm32f4xx_hal_crc.c **** 
  30:Libraries/STM32F4xx_HAL_Driver/Src/stm32f4xx_hal_crc.c ****   @endverbatim
  31:Libraries/STM32F4xx_HAL_Driver/Src/stm32f4xx_hal_crc.c ****   ******************************************************************************
ARM GAS  C:\Users\yzy\AppData\Local\Temp\ccPCVM7G.s 			page 2


  32:Libraries/STM32F4xx_HAL_Driver/Src/stm32f4xx_hal_crc.c ****   * @attention
  33:Libraries/STM32F4xx_HAL_Driver/Src/stm32f4xx_hal_crc.c ****   *
  34:Libraries/STM32F4xx_HAL_Driver/Src/stm32f4xx_hal_crc.c ****   * <h2><center>&copy; Copyright (c) 2016 STMicroelectronics.
  35:Libraries/STM32F4xx_HAL_Driver/Src/stm32f4xx_hal_crc.c ****   * All rights reserved.</center></h2>
  36:Libraries/STM32F4xx_HAL_Driver/Src/stm32f4xx_hal_crc.c ****   *
  37:Libraries/STM32F4xx_HAL_Driver/Src/stm32f4xx_hal_crc.c ****   * This software component is licensed by ST under BSD 3-Clause license,
  38:Libraries/STM32F4xx_HAL_Driver/Src/stm32f4xx_hal_crc.c ****   * the "License"; You may not use this file except in compliance with the
  39:Libraries/STM32F4xx_HAL_Driver/Src/stm32f4xx_hal_crc.c ****   * License. You may obtain a copy of the License at:
  40:Libraries/STM32F4xx_HAL_Driver/Src/stm32f4xx_hal_crc.c ****   *                        opensource.org/licenses/BSD-3-Clause
  41:Libraries/STM32F4xx_HAL_Driver/Src/stm32f4xx_hal_crc.c ****   *
  42:Libraries/STM32F4xx_HAL_Driver/Src/stm32f4xx_hal_crc.c ****   ******************************************************************************
  43:Libraries/STM32F4xx_HAL_Driver/Src/stm32f4xx_hal_crc.c ****   */
  44:Libraries/STM32F4xx_HAL_Driver/Src/stm32f4xx_hal_crc.c **** 
  45:Libraries/STM32F4xx_HAL_Driver/Src/stm32f4xx_hal_crc.c **** /* Includes ------------------------------------------------------------------*/
  46:Libraries/STM32F4xx_HAL_Driver/Src/stm32f4xx_hal_crc.c **** #include "stm32f4xx_hal.h"
  47:Libraries/STM32F4xx_HAL_Driver/Src/stm32f4xx_hal_crc.c **** 
  48:Libraries/STM32F4xx_HAL_Driver/Src/stm32f4xx_hal_crc.c **** /** @addtogroup STM32F4xx_HAL_Driver
  49:Libraries/STM32F4xx_HAL_Driver/Src/stm32f4xx_hal_crc.c ****   * @{
  50:Libraries/STM32F4xx_HAL_Driver/Src/stm32f4xx_hal_crc.c ****   */
  51:Libraries/STM32F4xx_HAL_Driver/Src/stm32f4xx_hal_crc.c **** 
  52:Libraries/STM32F4xx_HAL_Driver/Src/stm32f4xx_hal_crc.c **** /** @defgroup CRC CRC
  53:Libraries/STM32F4xx_HAL_Driver/Src/stm32f4xx_hal_crc.c ****   * @brief CRC HAL module driver.
  54:Libraries/STM32F4xx_HAL_Driver/Src/stm32f4xx_hal_crc.c ****   * @{
  55:Libraries/STM32F4xx_HAL_Driver/Src/stm32f4xx_hal_crc.c ****   */
  56:Libraries/STM32F4xx_HAL_Driver/Src/stm32f4xx_hal_crc.c **** 
  57:Libraries/STM32F4xx_HAL_Driver/Src/stm32f4xx_hal_crc.c **** #ifdef HAL_CRC_MODULE_ENABLED
  58:Libraries/STM32F4xx_HAL_Driver/Src/stm32f4xx_hal_crc.c **** 
  59:Libraries/STM32F4xx_HAL_Driver/Src/stm32f4xx_hal_crc.c **** /* Private typedef -----------------------------------------------------------*/
  60:Libraries/STM32F4xx_HAL_Driver/Src/stm32f4xx_hal_crc.c **** /* Private define ------------------------------------------------------------*/
  61:Libraries/STM32F4xx_HAL_Driver/Src/stm32f4xx_hal_crc.c **** /* Private macro -------------------------------------------------------------*/
  62:Libraries/STM32F4xx_HAL_Driver/Src/stm32f4xx_hal_crc.c **** /* Private variables ---------------------------------------------------------*/
  63:Libraries/STM32F4xx_HAL_Driver/Src/stm32f4xx_hal_crc.c **** /* Private function prototypes -----------------------------------------------*/
  64:Libraries/STM32F4xx_HAL_Driver/Src/stm32f4xx_hal_crc.c **** 
  65:Libraries/STM32F4xx_HAL_Driver/Src/stm32f4xx_hal_crc.c **** /* Exported functions --------------------------------------------------------*/
  66:Libraries/STM32F4xx_HAL_Driver/Src/stm32f4xx_hal_crc.c **** 
  67:Libraries/STM32F4xx_HAL_Driver/Src/stm32f4xx_hal_crc.c **** /** @defgroup CRC_Exported_Functions CRC Exported Functions
  68:Libraries/STM32F4xx_HAL_Driver/Src/stm32f4xx_hal_crc.c ****   * @{
  69:Libraries/STM32F4xx_HAL_Driver/Src/stm32f4xx_hal_crc.c ****   */
  70:Libraries/STM32F4xx_HAL_Driver/Src/stm32f4xx_hal_crc.c **** 
  71:Libraries/STM32F4xx_HAL_Driver/Src/stm32f4xx_hal_crc.c **** /** @defgroup CRC_Exported_Functions_Group1 Initialization and de-initialization functions
  72:Libraries/STM32F4xx_HAL_Driver/Src/stm32f4xx_hal_crc.c ****  *  @brief    Initialization and Configuration functions.
  73:Libraries/STM32F4xx_HAL_Driver/Src/stm32f4xx_hal_crc.c ****  *
  74:Libraries/STM32F4xx_HAL_Driver/Src/stm32f4xx_hal_crc.c **** @verbatim
  75:Libraries/STM32F4xx_HAL_Driver/Src/stm32f4xx_hal_crc.c ****  ===============================================================================
  76:Libraries/STM32F4xx_HAL_Driver/Src/stm32f4xx_hal_crc.c ****             ##### Initialization and de-initialization functions #####
  77:Libraries/STM32F4xx_HAL_Driver/Src/stm32f4xx_hal_crc.c ****  ===============================================================================
  78:Libraries/STM32F4xx_HAL_Driver/Src/stm32f4xx_hal_crc.c ****     [..]  This section provides functions allowing to:
  79:Libraries/STM32F4xx_HAL_Driver/Src/stm32f4xx_hal_crc.c ****       (+) Initialize the CRC according to the specified parameters
  80:Libraries/STM32F4xx_HAL_Driver/Src/stm32f4xx_hal_crc.c ****           in the CRC_InitTypeDef and create the associated handle
  81:Libraries/STM32F4xx_HAL_Driver/Src/stm32f4xx_hal_crc.c ****       (+) DeInitialize the CRC peripheral
  82:Libraries/STM32F4xx_HAL_Driver/Src/stm32f4xx_hal_crc.c ****       (+) Initialize the CRC MSP (MCU Specific Package)
  83:Libraries/STM32F4xx_HAL_Driver/Src/stm32f4xx_hal_crc.c ****       (+) DeInitialize the CRC MSP
  84:Libraries/STM32F4xx_HAL_Driver/Src/stm32f4xx_hal_crc.c **** 
  85:Libraries/STM32F4xx_HAL_Driver/Src/stm32f4xx_hal_crc.c **** @endverbatim
  86:Libraries/STM32F4xx_HAL_Driver/Src/stm32f4xx_hal_crc.c ****   * @{
  87:Libraries/STM32F4xx_HAL_Driver/Src/stm32f4xx_hal_crc.c ****   */
  88:Libraries/STM32F4xx_HAL_Driver/Src/stm32f4xx_hal_crc.c **** 
ARM GAS  C:\Users\yzy\AppData\Local\Temp\ccPCVM7G.s 			page 3


  89:Libraries/STM32F4xx_HAL_Driver/Src/stm32f4xx_hal_crc.c **** /**
  90:Libraries/STM32F4xx_HAL_Driver/Src/stm32f4xx_hal_crc.c ****   * @brief  Initialize the CRC according to the specified
  91:Libraries/STM32F4xx_HAL_Driver/Src/stm32f4xx_hal_crc.c ****   *         parameters in the CRC_InitTypeDef and create the associated handle.
  92:Libraries/STM32F4xx_HAL_Driver/Src/stm32f4xx_hal_crc.c ****   * @param  hcrc CRC handle
  93:Libraries/STM32F4xx_HAL_Driver/Src/stm32f4xx_hal_crc.c ****   * @retval HAL status
  94:Libraries/STM32F4xx_HAL_Driver/Src/stm32f4xx_hal_crc.c ****   */
  95:Libraries/STM32F4xx_HAL_Driver/Src/stm32f4xx_hal_crc.c **** HAL_StatusTypeDef HAL_CRC_Init(CRC_HandleTypeDef *hcrc)
  96:Libraries/STM32F4xx_HAL_Driver/Src/stm32f4xx_hal_crc.c **** {
  97:Libraries/STM32F4xx_HAL_Driver/Src/stm32f4xx_hal_crc.c ****   /* Check the CRC handle allocation */
  98:Libraries/STM32F4xx_HAL_Driver/Src/stm32f4xx_hal_crc.c ****   if (hcrc == NULL)
  99:Libraries/STM32F4xx_HAL_Driver/Src/stm32f4xx_hal_crc.c ****   {
 100:Libraries/STM32F4xx_HAL_Driver/Src/stm32f4xx_hal_crc.c ****     return HAL_ERROR;
 101:Libraries/STM32F4xx_HAL_Driver/Src/stm32f4xx_hal_crc.c ****   }
 102:Libraries/STM32F4xx_HAL_Driver/Src/stm32f4xx_hal_crc.c **** 
 103:Libraries/STM32F4xx_HAL_Driver/Src/stm32f4xx_hal_crc.c ****   /* Check the parameters */
 104:Libraries/STM32F4xx_HAL_Driver/Src/stm32f4xx_hal_crc.c ****   assert_param(IS_CRC_ALL_INSTANCE(hcrc->Instance));
 105:Libraries/STM32F4xx_HAL_Driver/Src/stm32f4xx_hal_crc.c **** 
 106:Libraries/STM32F4xx_HAL_Driver/Src/stm32f4xx_hal_crc.c ****   if (hcrc->State == HAL_CRC_STATE_RESET)
 107:Libraries/STM32F4xx_HAL_Driver/Src/stm32f4xx_hal_crc.c ****   {
 108:Libraries/STM32F4xx_HAL_Driver/Src/stm32f4xx_hal_crc.c ****     /* Allocate lock resource and initialize it */
 109:Libraries/STM32F4xx_HAL_Driver/Src/stm32f4xx_hal_crc.c ****     hcrc->Lock = HAL_UNLOCKED;
 110:Libraries/STM32F4xx_HAL_Driver/Src/stm32f4xx_hal_crc.c ****     /* Init the low level hardware */
 111:Libraries/STM32F4xx_HAL_Driver/Src/stm32f4xx_hal_crc.c ****     HAL_CRC_MspInit(hcrc);
 112:Libraries/STM32F4xx_HAL_Driver/Src/stm32f4xx_hal_crc.c ****   }
 113:Libraries/STM32F4xx_HAL_Driver/Src/stm32f4xx_hal_crc.c **** 
 114:Libraries/STM32F4xx_HAL_Driver/Src/stm32f4xx_hal_crc.c ****   /* Change CRC peripheral state */
 115:Libraries/STM32F4xx_HAL_Driver/Src/stm32f4xx_hal_crc.c ****   hcrc->State = HAL_CRC_STATE_READY;
 116:Libraries/STM32F4xx_HAL_Driver/Src/stm32f4xx_hal_crc.c **** 
 117:Libraries/STM32F4xx_HAL_Driver/Src/stm32f4xx_hal_crc.c ****   /* Return function status */
 118:Libraries/STM32F4xx_HAL_Driver/Src/stm32f4xx_hal_crc.c ****   return HAL_OK;
 119:Libraries/STM32F4xx_HAL_Driver/Src/stm32f4xx_hal_crc.c **** }
 120:Libraries/STM32F4xx_HAL_Driver/Src/stm32f4xx_hal_crc.c **** 
 121:Libraries/STM32F4xx_HAL_Driver/Src/stm32f4xx_hal_crc.c **** /**
 122:Libraries/STM32F4xx_HAL_Driver/Src/stm32f4xx_hal_crc.c ****   * @brief  DeInitialize the CRC peripheral.
 123:Libraries/STM32F4xx_HAL_Driver/Src/stm32f4xx_hal_crc.c ****   * @param  hcrc CRC handle
 124:Libraries/STM32F4xx_HAL_Driver/Src/stm32f4xx_hal_crc.c ****   * @retval HAL status
 125:Libraries/STM32F4xx_HAL_Driver/Src/stm32f4xx_hal_crc.c ****   */
 126:Libraries/STM32F4xx_HAL_Driver/Src/stm32f4xx_hal_crc.c **** HAL_StatusTypeDef HAL_CRC_DeInit(CRC_HandleTypeDef *hcrc)
 127:Libraries/STM32F4xx_HAL_Driver/Src/stm32f4xx_hal_crc.c **** {
 128:Libraries/STM32F4xx_HAL_Driver/Src/stm32f4xx_hal_crc.c ****   /* Check the CRC handle allocation */
 129:Libraries/STM32F4xx_HAL_Driver/Src/stm32f4xx_hal_crc.c ****   if (hcrc == NULL)
 130:Libraries/STM32F4xx_HAL_Driver/Src/stm32f4xx_hal_crc.c ****   {
 131:Libraries/STM32F4xx_HAL_Driver/Src/stm32f4xx_hal_crc.c ****     return HAL_ERROR;
 132:Libraries/STM32F4xx_HAL_Driver/Src/stm32f4xx_hal_crc.c ****   }
 133:Libraries/STM32F4xx_HAL_Driver/Src/stm32f4xx_hal_crc.c **** 
 134:Libraries/STM32F4xx_HAL_Driver/Src/stm32f4xx_hal_crc.c ****   /* Check the parameters */
 135:Libraries/STM32F4xx_HAL_Driver/Src/stm32f4xx_hal_crc.c ****   assert_param(IS_CRC_ALL_INSTANCE(hcrc->Instance));
 136:Libraries/STM32F4xx_HAL_Driver/Src/stm32f4xx_hal_crc.c **** 
 137:Libraries/STM32F4xx_HAL_Driver/Src/stm32f4xx_hal_crc.c ****   /* Check the CRC peripheral state */
 138:Libraries/STM32F4xx_HAL_Driver/Src/stm32f4xx_hal_crc.c ****   if (hcrc->State == HAL_CRC_STATE_BUSY)
 139:Libraries/STM32F4xx_HAL_Driver/Src/stm32f4xx_hal_crc.c ****   {
 140:Libraries/STM32F4xx_HAL_Driver/Src/stm32f4xx_hal_crc.c ****     return HAL_BUSY;
 141:Libraries/STM32F4xx_HAL_Driver/Src/stm32f4xx_hal_crc.c ****   }
 142:Libraries/STM32F4xx_HAL_Driver/Src/stm32f4xx_hal_crc.c **** 
 143:Libraries/STM32F4xx_HAL_Driver/Src/stm32f4xx_hal_crc.c ****   /* Change CRC peripheral state */
 144:Libraries/STM32F4xx_HAL_Driver/Src/stm32f4xx_hal_crc.c ****   hcrc->State = HAL_CRC_STATE_BUSY;
 145:Libraries/STM32F4xx_HAL_Driver/Src/stm32f4xx_hal_crc.c **** 
ARM GAS  C:\Users\yzy\AppData\Local\Temp\ccPCVM7G.s 			page 4


 146:Libraries/STM32F4xx_HAL_Driver/Src/stm32f4xx_hal_crc.c ****   /* Reset CRC calculation unit */
 147:Libraries/STM32F4xx_HAL_Driver/Src/stm32f4xx_hal_crc.c ****   __HAL_CRC_DR_RESET(hcrc);
 148:Libraries/STM32F4xx_HAL_Driver/Src/stm32f4xx_hal_crc.c **** 
 149:Libraries/STM32F4xx_HAL_Driver/Src/stm32f4xx_hal_crc.c ****   /* Reset IDR register content */
 150:Libraries/STM32F4xx_HAL_Driver/Src/stm32f4xx_hal_crc.c ****   CLEAR_BIT(hcrc->Instance->IDR, CRC_IDR_IDR);
 151:Libraries/STM32F4xx_HAL_Driver/Src/stm32f4xx_hal_crc.c **** 
 152:Libraries/STM32F4xx_HAL_Driver/Src/stm32f4xx_hal_crc.c ****   /* DeInit the low level hardware */
 153:Libraries/STM32F4xx_HAL_Driver/Src/stm32f4xx_hal_crc.c ****   HAL_CRC_MspDeInit(hcrc);
 154:Libraries/STM32F4xx_HAL_Driver/Src/stm32f4xx_hal_crc.c **** 
 155:Libraries/STM32F4xx_HAL_Driver/Src/stm32f4xx_hal_crc.c ****   /* Change CRC peripheral state */
 156:Libraries/STM32F4xx_HAL_Driver/Src/stm32f4xx_hal_crc.c ****   hcrc->State = HAL_CRC_STATE_RESET;
 157:Libraries/STM32F4xx_HAL_Driver/Src/stm32f4xx_hal_crc.c **** 
 158:Libraries/STM32F4xx_HAL_Driver/Src/stm32f4xx_hal_crc.c ****   /* Process unlocked */
 159:Libraries/STM32F4xx_HAL_Driver/Src/stm32f4xx_hal_crc.c ****   __HAL_UNLOCK(hcrc);
 160:Libraries/STM32F4xx_HAL_Driver/Src/stm32f4xx_hal_crc.c **** 
 161:Libraries/STM32F4xx_HAL_Driver/Src/stm32f4xx_hal_crc.c ****   /* Return function status */
 162:Libraries/STM32F4xx_HAL_Driver/Src/stm32f4xx_hal_crc.c ****   return HAL_OK;
 163:Libraries/STM32F4xx_HAL_Driver/Src/stm32f4xx_hal_crc.c **** }
 164:Libraries/STM32F4xx_HAL_Driver/Src/stm32f4xx_hal_crc.c **** 
 165:Libraries/STM32F4xx_HAL_Driver/Src/stm32f4xx_hal_crc.c **** /**
 166:Libraries/STM32F4xx_HAL_Driver/Src/stm32f4xx_hal_crc.c ****   * @brief  Initializes the CRC MSP.
 167:Libraries/STM32F4xx_HAL_Driver/Src/stm32f4xx_hal_crc.c ****   * @param  hcrc CRC handle
 168:Libraries/STM32F4xx_HAL_Driver/Src/stm32f4xx_hal_crc.c ****   * @retval None
 169:Libraries/STM32F4xx_HAL_Driver/Src/stm32f4xx_hal_crc.c ****   */
 170:Libraries/STM32F4xx_HAL_Driver/Src/stm32f4xx_hal_crc.c **** __weak void HAL_CRC_MspInit(CRC_HandleTypeDef *hcrc)
 171:Libraries/STM32F4xx_HAL_Driver/Src/stm32f4xx_hal_crc.c **** {
  28              		.loc 1 171 1 view -0
  29              		.cfi_startproc
  30              		@ args = 0, pretend = 0, frame = 0
  31              		@ frame_needed = 0, uses_anonymous_args = 0
  32              		@ link register save eliminated.
 172:Libraries/STM32F4xx_HAL_Driver/Src/stm32f4xx_hal_crc.c ****   /* Prevent unused argument(s) compilation warning */
 173:Libraries/STM32F4xx_HAL_Driver/Src/stm32f4xx_hal_crc.c ****   UNUSED(hcrc);
  33              		.loc 1 173 3 view .LVU1
 174:Libraries/STM32F4xx_HAL_Driver/Src/stm32f4xx_hal_crc.c **** 
 175:Libraries/STM32F4xx_HAL_Driver/Src/stm32f4xx_hal_crc.c ****   /* NOTE : This function should not be modified, when the callback is needed,
 176:Libraries/STM32F4xx_HAL_Driver/Src/stm32f4xx_hal_crc.c ****             the HAL_CRC_MspInit can be implemented in the user file
 177:Libraries/STM32F4xx_HAL_Driver/Src/stm32f4xx_hal_crc.c ****    */
 178:Libraries/STM32F4xx_HAL_Driver/Src/stm32f4xx_hal_crc.c **** }
  34              		.loc 1 178 1 is_stmt 0 view .LVU2
  35 0000 7047     		bx	lr
  36              		.cfi_endproc
  37              	.LFE132:
  39              		.section	.text.HAL_CRC_Init,"ax",%progbits
  40              		.align	1
  41              		.global	HAL_CRC_Init
  42              		.syntax unified
  43              		.thumb
  44              		.thumb_func
  45              		.fpu softvfp
  47              	HAL_CRC_Init:
  48              	.LVL1:
  49              	.LFB130:
  96:Libraries/STM32F4xx_HAL_Driver/Src/stm32f4xx_hal_crc.c ****   /* Check the CRC handle allocation */
  50              		.loc 1 96 1 is_stmt 1 view -0
  51              		.cfi_startproc
  52              		@ args = 0, pretend = 0, frame = 0
ARM GAS  C:\Users\yzy\AppData\Local\Temp\ccPCVM7G.s 			page 5


  53              		@ frame_needed = 0, uses_anonymous_args = 0
  98:Libraries/STM32F4xx_HAL_Driver/Src/stm32f4xx_hal_crc.c ****   {
  54              		.loc 1 98 3 view .LVU4
  98:Libraries/STM32F4xx_HAL_Driver/Src/stm32f4xx_hal_crc.c ****   {
  55              		.loc 1 98 6 is_stmt 0 view .LVU5
  56 0000 58B1     		cbz	r0, .L5
  96:Libraries/STM32F4xx_HAL_Driver/Src/stm32f4xx_hal_crc.c ****   /* Check the CRC handle allocation */
  57              		.loc 1 96 1 view .LVU6
  58 0002 10B5     		push	{r4, lr}
  59              	.LCFI0:
  60              		.cfi_def_cfa_offset 8
  61              		.cfi_offset 4, -8
  62              		.cfi_offset 14, -4
  63 0004 0446     		mov	r4, r0
 104:Libraries/STM32F4xx_HAL_Driver/Src/stm32f4xx_hal_crc.c **** 
  64              		.loc 1 104 3 is_stmt 1 view .LVU7
 106:Libraries/STM32F4xx_HAL_Driver/Src/stm32f4xx_hal_crc.c ****   {
  65              		.loc 1 106 3 view .LVU8
 106:Libraries/STM32F4xx_HAL_Driver/Src/stm32f4xx_hal_crc.c ****   {
  66              		.loc 1 106 11 is_stmt 0 view .LVU9
  67 0006 4379     		ldrb	r3, [r0, #5]	@ zero_extendqisi2
 106:Libraries/STM32F4xx_HAL_Driver/Src/stm32f4xx_hal_crc.c ****   {
  68              		.loc 1 106 6 view .LVU10
  69 0008 1BB1     		cbz	r3, .L10
  70              	.LVL2:
  71              	.L4:
 115:Libraries/STM32F4xx_HAL_Driver/Src/stm32f4xx_hal_crc.c **** 
  72              		.loc 1 115 3 is_stmt 1 view .LVU11
 115:Libraries/STM32F4xx_HAL_Driver/Src/stm32f4xx_hal_crc.c **** 
  73              		.loc 1 115 15 is_stmt 0 view .LVU12
  74 000a 0123     		movs	r3, #1
  75 000c 6371     		strb	r3, [r4, #5]
 118:Libraries/STM32F4xx_HAL_Driver/Src/stm32f4xx_hal_crc.c **** }
  76              		.loc 1 118 3 is_stmt 1 view .LVU13
 118:Libraries/STM32F4xx_HAL_Driver/Src/stm32f4xx_hal_crc.c **** }
  77              		.loc 1 118 10 is_stmt 0 view .LVU14
  78 000e 0020     		movs	r0, #0
 119:Libraries/STM32F4xx_HAL_Driver/Src/stm32f4xx_hal_crc.c **** 
  79              		.loc 1 119 1 view .LVU15
  80 0010 10BD     		pop	{r4, pc}
  81              	.LVL3:
  82              	.L10:
 109:Libraries/STM32F4xx_HAL_Driver/Src/stm32f4xx_hal_crc.c ****     /* Init the low level hardware */
  83              		.loc 1 109 5 is_stmt 1 view .LVU16
 109:Libraries/STM32F4xx_HAL_Driver/Src/stm32f4xx_hal_crc.c ****     /* Init the low level hardware */
  84              		.loc 1 109 16 is_stmt 0 view .LVU17
  85 0012 0371     		strb	r3, [r0, #4]
 111:Libraries/STM32F4xx_HAL_Driver/Src/stm32f4xx_hal_crc.c ****   }
  86              		.loc 1 111 5 is_stmt 1 view .LVU18
  87 0014 FFF7FEFF 		bl	HAL_CRC_MspInit
  88              	.LVL4:
 111:Libraries/STM32F4xx_HAL_Driver/Src/stm32f4xx_hal_crc.c ****   }
  89              		.loc 1 111 5 is_stmt 0 view .LVU19
  90 0018 F7E7     		b	.L4
  91              	.LVL5:
  92              	.L5:
  93              	.LCFI1:
ARM GAS  C:\Users\yzy\AppData\Local\Temp\ccPCVM7G.s 			page 6


  94              		.cfi_def_cfa_offset 0
  95              		.cfi_restore 4
  96              		.cfi_restore 14
 100:Libraries/STM32F4xx_HAL_Driver/Src/stm32f4xx_hal_crc.c ****   }
  97              		.loc 1 100 12 view .LVU20
  98 001a 0120     		movs	r0, #1
  99              	.LVL6:
 119:Libraries/STM32F4xx_HAL_Driver/Src/stm32f4xx_hal_crc.c **** 
 100              		.loc 1 119 1 view .LVU21
 101 001c 7047     		bx	lr
 102              		.cfi_endproc
 103              	.LFE130:
 105              		.section	.text.HAL_CRC_MspDeInit,"ax",%progbits
 106              		.align	1
 107              		.weak	HAL_CRC_MspDeInit
 108              		.syntax unified
 109              		.thumb
 110              		.thumb_func
 111              		.fpu softvfp
 113              	HAL_CRC_MspDeInit:
 114              	.LVL7:
 115              	.LFB133:
 179:Libraries/STM32F4xx_HAL_Driver/Src/stm32f4xx_hal_crc.c **** 
 180:Libraries/STM32F4xx_HAL_Driver/Src/stm32f4xx_hal_crc.c **** /**
 181:Libraries/STM32F4xx_HAL_Driver/Src/stm32f4xx_hal_crc.c ****   * @brief  DeInitialize the CRC MSP.
 182:Libraries/STM32F4xx_HAL_Driver/Src/stm32f4xx_hal_crc.c ****   * @param  hcrc CRC handle
 183:Libraries/STM32F4xx_HAL_Driver/Src/stm32f4xx_hal_crc.c ****   * @retval None
 184:Libraries/STM32F4xx_HAL_Driver/Src/stm32f4xx_hal_crc.c ****   */
 185:Libraries/STM32F4xx_HAL_Driver/Src/stm32f4xx_hal_crc.c **** __weak void HAL_CRC_MspDeInit(CRC_HandleTypeDef *hcrc)
 186:Libraries/STM32F4xx_HAL_Driver/Src/stm32f4xx_hal_crc.c **** {
 116              		.loc 1 186 1 is_stmt 1 view -0
 117              		.cfi_startproc
 118              		@ args = 0, pretend = 0, frame = 0
 119              		@ frame_needed = 0, uses_anonymous_args = 0
 120              		@ link register save eliminated.
 187:Libraries/STM32F4xx_HAL_Driver/Src/stm32f4xx_hal_crc.c ****   /* Prevent unused argument(s) compilation warning */
 188:Libraries/STM32F4xx_HAL_Driver/Src/stm32f4xx_hal_crc.c ****   UNUSED(hcrc);
 121              		.loc 1 188 3 view .LVU23
 189:Libraries/STM32F4xx_HAL_Driver/Src/stm32f4xx_hal_crc.c **** 
 190:Libraries/STM32F4xx_HAL_Driver/Src/stm32f4xx_hal_crc.c ****   /* NOTE : This function should not be modified, when the callback is needed,
 191:Libraries/STM32F4xx_HAL_Driver/Src/stm32f4xx_hal_crc.c ****             the HAL_CRC_MspDeInit can be implemented in the user file
 192:Libraries/STM32F4xx_HAL_Driver/Src/stm32f4xx_hal_crc.c ****    */
 193:Libraries/STM32F4xx_HAL_Driver/Src/stm32f4xx_hal_crc.c **** }
 122              		.loc 1 193 1 is_stmt 0 view .LVU24
 123 0000 7047     		bx	lr
 124              		.cfi_endproc
 125              	.LFE133:
 127              		.section	.text.HAL_CRC_DeInit,"ax",%progbits
 128              		.align	1
 129              		.global	HAL_CRC_DeInit
 130              		.syntax unified
 131              		.thumb
 132              		.thumb_func
 133              		.fpu softvfp
 135              	HAL_CRC_DeInit:
 136              	.LVL8:
 137              	.LFB131:
ARM GAS  C:\Users\yzy\AppData\Local\Temp\ccPCVM7G.s 			page 7


 127:Libraries/STM32F4xx_HAL_Driver/Src/stm32f4xx_hal_crc.c ****   /* Check the CRC handle allocation */
 138              		.loc 1 127 1 is_stmt 1 view -0
 139              		.cfi_startproc
 140              		@ args = 0, pretend = 0, frame = 0
 141              		@ frame_needed = 0, uses_anonymous_args = 0
 129:Libraries/STM32F4xx_HAL_Driver/Src/stm32f4xx_hal_crc.c ****   {
 142              		.loc 1 129 3 view .LVU26
 129:Libraries/STM32F4xx_HAL_Driver/Src/stm32f4xx_hal_crc.c ****   {
 143              		.loc 1 129 6 is_stmt 0 view .LVU27
 144 0000 B8B1     		cbz	r0, .L14
 127:Libraries/STM32F4xx_HAL_Driver/Src/stm32f4xx_hal_crc.c ****   /* Check the CRC handle allocation */
 145              		.loc 1 127 1 view .LVU28
 146 0002 38B5     		push	{r3, r4, r5, lr}
 147              	.LCFI2:
 148              		.cfi_def_cfa_offset 16
 149              		.cfi_offset 3, -16
 150              		.cfi_offset 4, -12
 151              		.cfi_offset 5, -8
 152              		.cfi_offset 14, -4
 153 0004 0546     		mov	r5, r0
 135:Libraries/STM32F4xx_HAL_Driver/Src/stm32f4xx_hal_crc.c **** 
 154              		.loc 1 135 3 is_stmt 1 view .LVU29
 138:Libraries/STM32F4xx_HAL_Driver/Src/stm32f4xx_hal_crc.c ****   {
 155              		.loc 1 138 3 view .LVU30
 138:Libraries/STM32F4xx_HAL_Driver/Src/stm32f4xx_hal_crc.c ****   {
 156              		.loc 1 138 11 is_stmt 0 view .LVU31
 157 0006 4079     		ldrb	r0, [r0, #5]	@ zero_extendqisi2
 158              	.LVL9:
 138:Libraries/STM32F4xx_HAL_Driver/Src/stm32f4xx_hal_crc.c ****   {
 159              		.loc 1 138 11 view .LVU32
 160 0008 C0B2     		uxtb	r0, r0
 138:Libraries/STM32F4xx_HAL_Driver/Src/stm32f4xx_hal_crc.c ****   {
 161              		.loc 1 138 6 view .LVU33
 162 000a 0228     		cmp	r0, #2
 163 000c 10D0     		beq	.L13
 144:Libraries/STM32F4xx_HAL_Driver/Src/stm32f4xx_hal_crc.c **** 
 164              		.loc 1 144 3 is_stmt 1 view .LVU34
 144:Libraries/STM32F4xx_HAL_Driver/Src/stm32f4xx_hal_crc.c **** 
 165              		.loc 1 144 15 is_stmt 0 view .LVU35
 166 000e 0223     		movs	r3, #2
 167 0010 6B71     		strb	r3, [r5, #5]
 147:Libraries/STM32F4xx_HAL_Driver/Src/stm32f4xx_hal_crc.c **** 
 168              		.loc 1 147 3 is_stmt 1 view .LVU36
 169 0012 2A68     		ldr	r2, [r5]
 170 0014 9368     		ldr	r3, [r2, #8]
 171 0016 43F00103 		orr	r3, r3, #1
 172 001a 9360     		str	r3, [r2, #8]
 150:Libraries/STM32F4xx_HAL_Driver/Src/stm32f4xx_hal_crc.c **** 
 173              		.loc 1 150 3 view .LVU37
 174 001c 2B68     		ldr	r3, [r5]
 175 001e 1A79     		ldrb	r2, [r3, #4]	@ zero_extendqisi2
 176 0020 0024     		movs	r4, #0
 177 0022 1C71     		strb	r4, [r3, #4]
 153:Libraries/STM32F4xx_HAL_Driver/Src/stm32f4xx_hal_crc.c **** 
 178              		.loc 1 153 3 view .LVU38
 179 0024 2846     		mov	r0, r5
 180 0026 FFF7FEFF 		bl	HAL_CRC_MspDeInit
ARM GAS  C:\Users\yzy\AppData\Local\Temp\ccPCVM7G.s 			page 8


 181              	.LVL10:
 156:Libraries/STM32F4xx_HAL_Driver/Src/stm32f4xx_hal_crc.c **** 
 182              		.loc 1 156 3 view .LVU39
 156:Libraries/STM32F4xx_HAL_Driver/Src/stm32f4xx_hal_crc.c **** 
 183              		.loc 1 156 15 is_stmt 0 view .LVU40
 184 002a 6C71     		strb	r4, [r5, #5]
 159:Libraries/STM32F4xx_HAL_Driver/Src/stm32f4xx_hal_crc.c **** 
 185              		.loc 1 159 3 is_stmt 1 view .LVU41
 159:Libraries/STM32F4xx_HAL_Driver/Src/stm32f4xx_hal_crc.c **** 
 186              		.loc 1 159 3 view .LVU42
 187 002c 2C71     		strb	r4, [r5, #4]
 159:Libraries/STM32F4xx_HAL_Driver/Src/stm32f4xx_hal_crc.c **** 
 188              		.loc 1 159 3 view .LVU43
 162:Libraries/STM32F4xx_HAL_Driver/Src/stm32f4xx_hal_crc.c **** }
 189              		.loc 1 162 3 view .LVU44
 162:Libraries/STM32F4xx_HAL_Driver/Src/stm32f4xx_hal_crc.c **** }
 190              		.loc 1 162 10 is_stmt 0 view .LVU45
 191 002e 2046     		mov	r0, r4
 192              	.L13:
 163:Libraries/STM32F4xx_HAL_Driver/Src/stm32f4xx_hal_crc.c **** 
 193              		.loc 1 163 1 view .LVU46
 194 0030 38BD     		pop	{r3, r4, r5, pc}
 195              	.LVL11:
 196              	.L14:
 197              	.LCFI3:
 198              		.cfi_def_cfa_offset 0
 199              		.cfi_restore 3
 200              		.cfi_restore 4
 201              		.cfi_restore 5
 202              		.cfi_restore 14
 131:Libraries/STM32F4xx_HAL_Driver/Src/stm32f4xx_hal_crc.c ****   }
 203              		.loc 1 131 12 view .LVU47
 204 0032 0120     		movs	r0, #1
 205              	.LVL12:
 163:Libraries/STM32F4xx_HAL_Driver/Src/stm32f4xx_hal_crc.c **** 
 206              		.loc 1 163 1 view .LVU48
 207 0034 7047     		bx	lr
 208              		.cfi_endproc
 209              	.LFE131:
 211              		.section	.text.HAL_CRC_Accumulate,"ax",%progbits
 212              		.align	1
 213              		.global	HAL_CRC_Accumulate
 214              		.syntax unified
 215              		.thumb
 216              		.thumb_func
 217              		.fpu softvfp
 219              	HAL_CRC_Accumulate:
 220              	.LVL13:
 221              	.LFB134:
 194:Libraries/STM32F4xx_HAL_Driver/Src/stm32f4xx_hal_crc.c **** 
 195:Libraries/STM32F4xx_HAL_Driver/Src/stm32f4xx_hal_crc.c **** /**
 196:Libraries/STM32F4xx_HAL_Driver/Src/stm32f4xx_hal_crc.c ****   * @}
 197:Libraries/STM32F4xx_HAL_Driver/Src/stm32f4xx_hal_crc.c ****   */
 198:Libraries/STM32F4xx_HAL_Driver/Src/stm32f4xx_hal_crc.c **** 
 199:Libraries/STM32F4xx_HAL_Driver/Src/stm32f4xx_hal_crc.c **** /** @defgroup CRC_Exported_Functions_Group2 Peripheral Control functions
 200:Libraries/STM32F4xx_HAL_Driver/Src/stm32f4xx_hal_crc.c ****  *  @brief    management functions.
 201:Libraries/STM32F4xx_HAL_Driver/Src/stm32f4xx_hal_crc.c ****  *
ARM GAS  C:\Users\yzy\AppData\Local\Temp\ccPCVM7G.s 			page 9


 202:Libraries/STM32F4xx_HAL_Driver/Src/stm32f4xx_hal_crc.c **** @verbatim
 203:Libraries/STM32F4xx_HAL_Driver/Src/stm32f4xx_hal_crc.c ****  ===============================================================================
 204:Libraries/STM32F4xx_HAL_Driver/Src/stm32f4xx_hal_crc.c ****                       ##### Peripheral Control functions #####
 205:Libraries/STM32F4xx_HAL_Driver/Src/stm32f4xx_hal_crc.c ****  ===============================================================================
 206:Libraries/STM32F4xx_HAL_Driver/Src/stm32f4xx_hal_crc.c ****     [..]  This section provides functions allowing to:
 207:Libraries/STM32F4xx_HAL_Driver/Src/stm32f4xx_hal_crc.c ****       (+) compute the 32-bit CRC value of a 32-bit data buffer
 208:Libraries/STM32F4xx_HAL_Driver/Src/stm32f4xx_hal_crc.c ****           using combination of the previous CRC value and the new one.
 209:Libraries/STM32F4xx_HAL_Driver/Src/stm32f4xx_hal_crc.c **** 
 210:Libraries/STM32F4xx_HAL_Driver/Src/stm32f4xx_hal_crc.c ****        [..]  or
 211:Libraries/STM32F4xx_HAL_Driver/Src/stm32f4xx_hal_crc.c **** 
 212:Libraries/STM32F4xx_HAL_Driver/Src/stm32f4xx_hal_crc.c ****       (+) compute the 32-bit CRC value of a 32-bit data buffer
 213:Libraries/STM32F4xx_HAL_Driver/Src/stm32f4xx_hal_crc.c ****           independently of the previous CRC value.
 214:Libraries/STM32F4xx_HAL_Driver/Src/stm32f4xx_hal_crc.c **** 
 215:Libraries/STM32F4xx_HAL_Driver/Src/stm32f4xx_hal_crc.c **** @endverbatim
 216:Libraries/STM32F4xx_HAL_Driver/Src/stm32f4xx_hal_crc.c ****   * @{
 217:Libraries/STM32F4xx_HAL_Driver/Src/stm32f4xx_hal_crc.c ****   */
 218:Libraries/STM32F4xx_HAL_Driver/Src/stm32f4xx_hal_crc.c **** 
 219:Libraries/STM32F4xx_HAL_Driver/Src/stm32f4xx_hal_crc.c **** /**
 220:Libraries/STM32F4xx_HAL_Driver/Src/stm32f4xx_hal_crc.c ****   * @brief  Compute the 32-bit CRC value of a 32-bit data buffer
 221:Libraries/STM32F4xx_HAL_Driver/Src/stm32f4xx_hal_crc.c ****   *         starting with the previously computed CRC as initialization value.
 222:Libraries/STM32F4xx_HAL_Driver/Src/stm32f4xx_hal_crc.c ****   * @param  hcrc CRC handle
 223:Libraries/STM32F4xx_HAL_Driver/Src/stm32f4xx_hal_crc.c ****   * @param  pBuffer pointer to the input data buffer.
 224:Libraries/STM32F4xx_HAL_Driver/Src/stm32f4xx_hal_crc.c ****   * @param  BufferLength input data buffer length (number of uint32_t words).
 225:Libraries/STM32F4xx_HAL_Driver/Src/stm32f4xx_hal_crc.c ****   * @retval uint32_t CRC (returned value LSBs for CRC shorter than 32 bits)
 226:Libraries/STM32F4xx_HAL_Driver/Src/stm32f4xx_hal_crc.c ****   */
 227:Libraries/STM32F4xx_HAL_Driver/Src/stm32f4xx_hal_crc.c **** uint32_t HAL_CRC_Accumulate(CRC_HandleTypeDef *hcrc, uint32_t pBuffer[], uint32_t BufferLength)
 228:Libraries/STM32F4xx_HAL_Driver/Src/stm32f4xx_hal_crc.c **** {
 222              		.loc 1 228 1 is_stmt 1 view -0
 223              		.cfi_startproc
 224              		@ args = 0, pretend = 0, frame = 0
 225              		@ frame_needed = 0, uses_anonymous_args = 0
 226              		@ link register save eliminated.
 227              		.loc 1 228 1 is_stmt 0 view .LVU50
 228 0000 70B4     		push	{r4, r5, r6}
 229              	.LCFI4:
 230              		.cfi_def_cfa_offset 12
 231              		.cfi_offset 4, -12
 232              		.cfi_offset 5, -8
 233              		.cfi_offset 6, -4
 234 0002 0646     		mov	r6, r0
 229:Libraries/STM32F4xx_HAL_Driver/Src/stm32f4xx_hal_crc.c ****   uint32_t index;      /* CRC input data buffer index */
 235              		.loc 1 229 3 is_stmt 1 view .LVU51
 230:Libraries/STM32F4xx_HAL_Driver/Src/stm32f4xx_hal_crc.c ****   uint32_t temp = 0U;  /* CRC output (read from hcrc->Instance->DR register) */
 236              		.loc 1 230 3 view .LVU52
 237              	.LVL14:
 231:Libraries/STM32F4xx_HAL_Driver/Src/stm32f4xx_hal_crc.c **** 
 232:Libraries/STM32F4xx_HAL_Driver/Src/stm32f4xx_hal_crc.c ****   /* Change CRC peripheral state */
 233:Libraries/STM32F4xx_HAL_Driver/Src/stm32f4xx_hal_crc.c ****   hcrc->State = HAL_CRC_STATE_BUSY;
 238              		.loc 1 233 3 view .LVU53
 239              		.loc 1 233 15 is_stmt 0 view .LVU54
 240 0004 0223     		movs	r3, #2
 241 0006 4371     		strb	r3, [r0, #5]
 234:Libraries/STM32F4xx_HAL_Driver/Src/stm32f4xx_hal_crc.c **** 
 235:Libraries/STM32F4xx_HAL_Driver/Src/stm32f4xx_hal_crc.c ****   /* Enter Data to the CRC calculator */
 236:Libraries/STM32F4xx_HAL_Driver/Src/stm32f4xx_hal_crc.c ****   for (index = 0U; index < BufferLength; index++)
 242              		.loc 1 236 3 is_stmt 1 view .LVU55
 243              	.LVL15:
ARM GAS  C:\Users\yzy\AppData\Local\Temp\ccPCVM7G.s 			page 10


 244              		.loc 1 236 14 is_stmt 0 view .LVU56
 245 0008 0023     		movs	r3, #0
 246              	.LVL16:
 247              	.L20:
 248              		.loc 1 236 20 is_stmt 1 discriminator 1 view .LVU57
 249              		.loc 1 236 3 is_stmt 0 discriminator 1 view .LVU58
 250 000a 9342     		cmp	r3, r2
 251 000c 05D2     		bcs	.L23
 237:Libraries/STM32F4xx_HAL_Driver/Src/stm32f4xx_hal_crc.c ****   {
 238:Libraries/STM32F4xx_HAL_Driver/Src/stm32f4xx_hal_crc.c ****     hcrc->Instance->DR = pBuffer[index];
 252              		.loc 1 238 5 is_stmt 1 discriminator 3 view .LVU59
 253              		.loc 1 238 9 is_stmt 0 discriminator 3 view .LVU60
 254 000e 3468     		ldr	r4, [r6]
 255              		.loc 1 238 33 discriminator 3 view .LVU61
 256 0010 51F82350 		ldr	r5, [r1, r3, lsl #2]
 257              		.loc 1 238 24 discriminator 3 view .LVU62
 258 0014 2560     		str	r5, [r4]
 236:Libraries/STM32F4xx_HAL_Driver/Src/stm32f4xx_hal_crc.c ****   {
 259              		.loc 1 236 42 is_stmt 1 discriminator 3 view .LVU63
 236:Libraries/STM32F4xx_HAL_Driver/Src/stm32f4xx_hal_crc.c ****   {
 260              		.loc 1 236 47 is_stmt 0 discriminator 3 view .LVU64
 261 0016 0133     		adds	r3, r3, #1
 262              	.LVL17:
 236:Libraries/STM32F4xx_HAL_Driver/Src/stm32f4xx_hal_crc.c ****   {
 263              		.loc 1 236 47 discriminator 3 view .LVU65
 264 0018 F7E7     		b	.L20
 265              	.L23:
 239:Libraries/STM32F4xx_HAL_Driver/Src/stm32f4xx_hal_crc.c ****   }
 240:Libraries/STM32F4xx_HAL_Driver/Src/stm32f4xx_hal_crc.c ****   temp = hcrc->Instance->DR;
 266              		.loc 1 240 3 is_stmt 1 view .LVU66
 267              		.loc 1 240 14 is_stmt 0 view .LVU67
 268 001a 3368     		ldr	r3, [r6]
 269              	.LVL18:
 270              		.loc 1 240 8 view .LVU68
 271 001c 1868     		ldr	r0, [r3]
 272              	.LVL19:
 241:Libraries/STM32F4xx_HAL_Driver/Src/stm32f4xx_hal_crc.c **** 
 242:Libraries/STM32F4xx_HAL_Driver/Src/stm32f4xx_hal_crc.c ****   /* Change CRC peripheral state */
 243:Libraries/STM32F4xx_HAL_Driver/Src/stm32f4xx_hal_crc.c ****   hcrc->State = HAL_CRC_STATE_READY;
 273              		.loc 1 243 3 is_stmt 1 view .LVU69
 274              		.loc 1 243 15 is_stmt 0 view .LVU70
 275 001e 0123     		movs	r3, #1
 276 0020 7371     		strb	r3, [r6, #5]
 244:Libraries/STM32F4xx_HAL_Driver/Src/stm32f4xx_hal_crc.c **** 
 245:Libraries/STM32F4xx_HAL_Driver/Src/stm32f4xx_hal_crc.c ****   /* Return the CRC computed value */
 246:Libraries/STM32F4xx_HAL_Driver/Src/stm32f4xx_hal_crc.c ****   return temp;
 277              		.loc 1 246 3 is_stmt 1 view .LVU71
 247:Libraries/STM32F4xx_HAL_Driver/Src/stm32f4xx_hal_crc.c **** }
 278              		.loc 1 247 1 is_stmt 0 view .LVU72
 279 0022 70BC     		pop	{r4, r5, r6}
 280              	.LCFI5:
 281              		.cfi_restore 6
 282              		.cfi_restore 5
 283              		.cfi_restore 4
 284              		.cfi_def_cfa_offset 0
 285              	.LVL20:
 286              		.loc 1 247 1 view .LVU73
ARM GAS  C:\Users\yzy\AppData\Local\Temp\ccPCVM7G.s 			page 11


 287 0024 7047     		bx	lr
 288              		.cfi_endproc
 289              	.LFE134:
 291              		.section	.text.HAL_CRC_Calculate,"ax",%progbits
 292              		.align	1
 293              		.global	HAL_CRC_Calculate
 294              		.syntax unified
 295              		.thumb
 296              		.thumb_func
 297              		.fpu softvfp
 299              	HAL_CRC_Calculate:
 300              	.LVL21:
 301              	.LFB135:
 248:Libraries/STM32F4xx_HAL_Driver/Src/stm32f4xx_hal_crc.c **** 
 249:Libraries/STM32F4xx_HAL_Driver/Src/stm32f4xx_hal_crc.c **** /**
 250:Libraries/STM32F4xx_HAL_Driver/Src/stm32f4xx_hal_crc.c ****   * @brief  Compute the 32-bit CRC value of a 32-bit data buffer
 251:Libraries/STM32F4xx_HAL_Driver/Src/stm32f4xx_hal_crc.c ****   *         starting with hcrc->Instance->INIT as initialization value.
 252:Libraries/STM32F4xx_HAL_Driver/Src/stm32f4xx_hal_crc.c ****   * @param  hcrc CRC handle
 253:Libraries/STM32F4xx_HAL_Driver/Src/stm32f4xx_hal_crc.c ****   * @param  pBuffer pointer to the input data buffer.
 254:Libraries/STM32F4xx_HAL_Driver/Src/stm32f4xx_hal_crc.c ****   * @param  BufferLength input data buffer length (number of uint32_t words).
 255:Libraries/STM32F4xx_HAL_Driver/Src/stm32f4xx_hal_crc.c ****   * @retval uint32_t CRC (returned value LSBs for CRC shorter than 32 bits)
 256:Libraries/STM32F4xx_HAL_Driver/Src/stm32f4xx_hal_crc.c ****   */
 257:Libraries/STM32F4xx_HAL_Driver/Src/stm32f4xx_hal_crc.c **** uint32_t HAL_CRC_Calculate(CRC_HandleTypeDef *hcrc, uint32_t pBuffer[], uint32_t BufferLength)
 258:Libraries/STM32F4xx_HAL_Driver/Src/stm32f4xx_hal_crc.c **** {
 302              		.loc 1 258 1 is_stmt 1 view -0
 303              		.cfi_startproc
 304              		@ args = 0, pretend = 0, frame = 0
 305              		@ frame_needed = 0, uses_anonymous_args = 0
 306              		@ link register save eliminated.
 307              		.loc 1 258 1 is_stmt 0 view .LVU75
 308 0000 70B4     		push	{r4, r5, r6}
 309              	.LCFI6:
 310              		.cfi_def_cfa_offset 12
 311              		.cfi_offset 4, -12
 312              		.cfi_offset 5, -8
 313              		.cfi_offset 6, -4
 314 0002 0646     		mov	r6, r0
 259:Libraries/STM32F4xx_HAL_Driver/Src/stm32f4xx_hal_crc.c ****   uint32_t index;      /* CRC input data buffer index */
 315              		.loc 1 259 3 is_stmt 1 view .LVU76
 260:Libraries/STM32F4xx_HAL_Driver/Src/stm32f4xx_hal_crc.c ****   uint32_t temp = 0U;  /* CRC output (read from hcrc->Instance->DR register) */
 316              		.loc 1 260 3 view .LVU77
 317              	.LVL22:
 261:Libraries/STM32F4xx_HAL_Driver/Src/stm32f4xx_hal_crc.c **** 
 262:Libraries/STM32F4xx_HAL_Driver/Src/stm32f4xx_hal_crc.c ****   /* Change CRC peripheral state */
 263:Libraries/STM32F4xx_HAL_Driver/Src/stm32f4xx_hal_crc.c ****   hcrc->State = HAL_CRC_STATE_BUSY;
 318              		.loc 1 263 3 view .LVU78
 319              		.loc 1 263 15 is_stmt 0 view .LVU79
 320 0004 0223     		movs	r3, #2
 321 0006 4371     		strb	r3, [r0, #5]
 264:Libraries/STM32F4xx_HAL_Driver/Src/stm32f4xx_hal_crc.c **** 
 265:Libraries/STM32F4xx_HAL_Driver/Src/stm32f4xx_hal_crc.c ****   /* Reset CRC Calculation Unit (hcrc->Instance->INIT is
 266:Libraries/STM32F4xx_HAL_Driver/Src/stm32f4xx_hal_crc.c ****   *  written in hcrc->Instance->DR) */
 267:Libraries/STM32F4xx_HAL_Driver/Src/stm32f4xx_hal_crc.c ****   __HAL_CRC_DR_RESET(hcrc);
 322              		.loc 1 267 3 is_stmt 1 view .LVU80
 323 0008 0068     		ldr	r0, [r0]
 324              	.LVL23:
 325              		.loc 1 267 3 is_stmt 0 view .LVU81
ARM GAS  C:\Users\yzy\AppData\Local\Temp\ccPCVM7G.s 			page 12


 326 000a 8368     		ldr	r3, [r0, #8]
 327 000c 43F00103 		orr	r3, r3, #1
 328 0010 8360     		str	r3, [r0, #8]
 268:Libraries/STM32F4xx_HAL_Driver/Src/stm32f4xx_hal_crc.c **** 
 269:Libraries/STM32F4xx_HAL_Driver/Src/stm32f4xx_hal_crc.c ****   /* Enter 32-bit input data to the CRC calculator */
 270:Libraries/STM32F4xx_HAL_Driver/Src/stm32f4xx_hal_crc.c ****   for (index = 0U; index < BufferLength; index++)
 329              		.loc 1 270 3 is_stmt 1 view .LVU82
 330              	.LVL24:
 331              		.loc 1 270 14 is_stmt 0 view .LVU83
 332 0012 0023     		movs	r3, #0
 333              	.LVL25:
 334              	.L25:
 335              		.loc 1 270 20 is_stmt 1 discriminator 1 view .LVU84
 336              		.loc 1 270 3 is_stmt 0 discriminator 1 view .LVU85
 337 0014 9342     		cmp	r3, r2
 338 0016 05D2     		bcs	.L28
 271:Libraries/STM32F4xx_HAL_Driver/Src/stm32f4xx_hal_crc.c ****   {
 272:Libraries/STM32F4xx_HAL_Driver/Src/stm32f4xx_hal_crc.c ****     hcrc->Instance->DR = pBuffer[index];
 339              		.loc 1 272 5 is_stmt 1 discriminator 3 view .LVU86
 340              		.loc 1 272 9 is_stmt 0 discriminator 3 view .LVU87
 341 0018 3468     		ldr	r4, [r6]
 342              		.loc 1 272 33 discriminator 3 view .LVU88
 343 001a 51F82350 		ldr	r5, [r1, r3, lsl #2]
 344              		.loc 1 272 24 discriminator 3 view .LVU89
 345 001e 2560     		str	r5, [r4]
 270:Libraries/STM32F4xx_HAL_Driver/Src/stm32f4xx_hal_crc.c ****   {
 346              		.loc 1 270 42 is_stmt 1 discriminator 3 view .LVU90
 270:Libraries/STM32F4xx_HAL_Driver/Src/stm32f4xx_hal_crc.c ****   {
 347              		.loc 1 270 47 is_stmt 0 discriminator 3 view .LVU91
 348 0020 0133     		adds	r3, r3, #1
 349              	.LVL26:
 270:Libraries/STM32F4xx_HAL_Driver/Src/stm32f4xx_hal_crc.c ****   {
 350              		.loc 1 270 47 discriminator 3 view .LVU92
 351 0022 F7E7     		b	.L25
 352              	.L28:
 273:Libraries/STM32F4xx_HAL_Driver/Src/stm32f4xx_hal_crc.c ****   }
 274:Libraries/STM32F4xx_HAL_Driver/Src/stm32f4xx_hal_crc.c ****   temp = hcrc->Instance->DR;
 353              		.loc 1 274 3 is_stmt 1 view .LVU93
 354              		.loc 1 274 14 is_stmt 0 view .LVU94
 355 0024 3368     		ldr	r3, [r6]
 356              	.LVL27:
 357              		.loc 1 274 8 view .LVU95
 358 0026 1868     		ldr	r0, [r3]
 359              	.LVL28:
 275:Libraries/STM32F4xx_HAL_Driver/Src/stm32f4xx_hal_crc.c **** 
 276:Libraries/STM32F4xx_HAL_Driver/Src/stm32f4xx_hal_crc.c ****   /* Change CRC peripheral state */
 277:Libraries/STM32F4xx_HAL_Driver/Src/stm32f4xx_hal_crc.c ****   hcrc->State = HAL_CRC_STATE_READY;
 360              		.loc 1 277 3 is_stmt 1 view .LVU96
 361              		.loc 1 277 15 is_stmt 0 view .LVU97
 362 0028 0123     		movs	r3, #1
 363 002a 7371     		strb	r3, [r6, #5]
 278:Libraries/STM32F4xx_HAL_Driver/Src/stm32f4xx_hal_crc.c **** 
 279:Libraries/STM32F4xx_HAL_Driver/Src/stm32f4xx_hal_crc.c ****   /* Return the CRC computed value */
 280:Libraries/STM32F4xx_HAL_Driver/Src/stm32f4xx_hal_crc.c ****   return temp;
 364              		.loc 1 280 3 is_stmt 1 view .LVU98
 281:Libraries/STM32F4xx_HAL_Driver/Src/stm32f4xx_hal_crc.c **** }
 365              		.loc 1 281 1 is_stmt 0 view .LVU99
ARM GAS  C:\Users\yzy\AppData\Local\Temp\ccPCVM7G.s 			page 13


 366 002c 70BC     		pop	{r4, r5, r6}
 367              	.LCFI7:
 368              		.cfi_restore 6
 369              		.cfi_restore 5
 370              		.cfi_restore 4
 371              		.cfi_def_cfa_offset 0
 372              	.LVL29:
 373              		.loc 1 281 1 view .LVU100
 374 002e 7047     		bx	lr
 375              		.cfi_endproc
 376              	.LFE135:
 378              		.section	.text.HAL_CRC_GetState,"ax",%progbits
 379              		.align	1
 380              		.global	HAL_CRC_GetState
 381              		.syntax unified
 382              		.thumb
 383              		.thumb_func
 384              		.fpu softvfp
 386              	HAL_CRC_GetState:
 387              	.LVL30:
 388              	.LFB136:
 282:Libraries/STM32F4xx_HAL_Driver/Src/stm32f4xx_hal_crc.c **** 
 283:Libraries/STM32F4xx_HAL_Driver/Src/stm32f4xx_hal_crc.c **** /**
 284:Libraries/STM32F4xx_HAL_Driver/Src/stm32f4xx_hal_crc.c ****   * @}
 285:Libraries/STM32F4xx_HAL_Driver/Src/stm32f4xx_hal_crc.c ****   */
 286:Libraries/STM32F4xx_HAL_Driver/Src/stm32f4xx_hal_crc.c **** 
 287:Libraries/STM32F4xx_HAL_Driver/Src/stm32f4xx_hal_crc.c **** /** @defgroup CRC_Exported_Functions_Group3 Peripheral State functions
 288:Libraries/STM32F4xx_HAL_Driver/Src/stm32f4xx_hal_crc.c ****  *  @brief    Peripheral State functions.
 289:Libraries/STM32F4xx_HAL_Driver/Src/stm32f4xx_hal_crc.c ****  *
 290:Libraries/STM32F4xx_HAL_Driver/Src/stm32f4xx_hal_crc.c **** @verbatim
 291:Libraries/STM32F4xx_HAL_Driver/Src/stm32f4xx_hal_crc.c ****  ===============================================================================
 292:Libraries/STM32F4xx_HAL_Driver/Src/stm32f4xx_hal_crc.c ****                       ##### Peripheral State functions #####
 293:Libraries/STM32F4xx_HAL_Driver/Src/stm32f4xx_hal_crc.c ****  ===============================================================================
 294:Libraries/STM32F4xx_HAL_Driver/Src/stm32f4xx_hal_crc.c ****     [..]
 295:Libraries/STM32F4xx_HAL_Driver/Src/stm32f4xx_hal_crc.c ****     This subsection permits to get in run-time the status of the peripheral.
 296:Libraries/STM32F4xx_HAL_Driver/Src/stm32f4xx_hal_crc.c **** 
 297:Libraries/STM32F4xx_HAL_Driver/Src/stm32f4xx_hal_crc.c **** @endverbatim
 298:Libraries/STM32F4xx_HAL_Driver/Src/stm32f4xx_hal_crc.c ****   * @{
 299:Libraries/STM32F4xx_HAL_Driver/Src/stm32f4xx_hal_crc.c ****   */
 300:Libraries/STM32F4xx_HAL_Driver/Src/stm32f4xx_hal_crc.c **** 
 301:Libraries/STM32F4xx_HAL_Driver/Src/stm32f4xx_hal_crc.c **** /**
 302:Libraries/STM32F4xx_HAL_Driver/Src/stm32f4xx_hal_crc.c ****   * @brief  Return the CRC handle state.
 303:Libraries/STM32F4xx_HAL_Driver/Src/stm32f4xx_hal_crc.c ****   * @param  hcrc CRC handle
 304:Libraries/STM32F4xx_HAL_Driver/Src/stm32f4xx_hal_crc.c ****   * @retval HAL state
 305:Libraries/STM32F4xx_HAL_Driver/Src/stm32f4xx_hal_crc.c ****   */
 306:Libraries/STM32F4xx_HAL_Driver/Src/stm32f4xx_hal_crc.c **** HAL_CRC_StateTypeDef HAL_CRC_GetState(CRC_HandleTypeDef *hcrc)
 307:Libraries/STM32F4xx_HAL_Driver/Src/stm32f4xx_hal_crc.c **** {
 389              		.loc 1 307 1 is_stmt 1 view -0
 390              		.cfi_startproc
 391              		@ args = 0, pretend = 0, frame = 0
 392              		@ frame_needed = 0, uses_anonymous_args = 0
 393              		@ link register save eliminated.
 308:Libraries/STM32F4xx_HAL_Driver/Src/stm32f4xx_hal_crc.c ****   /* Return CRC handle state */
 309:Libraries/STM32F4xx_HAL_Driver/Src/stm32f4xx_hal_crc.c ****   return hcrc->State;
 394              		.loc 1 309 3 view .LVU102
 395              		.loc 1 309 14 is_stmt 0 view .LVU103
 396 0000 4079     		ldrb	r0, [r0, #5]	@ zero_extendqisi2
ARM GAS  C:\Users\yzy\AppData\Local\Temp\ccPCVM7G.s 			page 14


 397              	.LVL31:
 310:Libraries/STM32F4xx_HAL_Driver/Src/stm32f4xx_hal_crc.c **** }
 398              		.loc 1 310 1 view .LVU104
 399 0002 7047     		bx	lr
 400              		.cfi_endproc
 401              	.LFE136:
 403              		.text
 404              	.Letext0:
 405              		.file 2 "c:\\program files (x86)\\gnu arm embedded toolchain\\2020-q2-update\\arm-none-eabi\\inclu
 406              		.file 3 "c:\\program files (x86)\\gnu arm embedded toolchain\\2020-q2-update\\arm-none-eabi\\inclu
 407              		.file 4 "Libraries/CMSIS/Include/core_cm4.h"
 408              		.file 5 "Libraries/CMSIS/Device/ST/STM32F4xx/Include/system_stm32f4xx.h"
 409              		.file 6 "Libraries/CMSIS/Device/ST/STM32F4xx/Include/stm32f407xx.h"
 410              		.file 7 "Libraries/STM32F4xx_HAL_Driver/Inc/stm32f4xx_hal_def.h"
 411              		.file 8 "Libraries/STM32F4xx_HAL_Driver/Inc/stm32f4xx_hal_crc.h"
 412              		.file 9 "Libraries/STM32F4xx_HAL_Driver/Inc/stm32f4xx_hal.h"
ARM GAS  C:\Users\yzy\AppData\Local\Temp\ccPCVM7G.s 			page 15


DEFINED SYMBOLS
                            *ABS*:00000000 stm32f4xx_hal_crc.c
C:\Users\yzy\AppData\Local\Temp\ccPCVM7G.s:16     .text.HAL_CRC_MspInit:00000000 $t
C:\Users\yzy\AppData\Local\Temp\ccPCVM7G.s:24     .text.HAL_CRC_MspInit:00000000 HAL_CRC_MspInit
C:\Users\yzy\AppData\Local\Temp\ccPCVM7G.s:40     .text.HAL_CRC_Init:00000000 $t
C:\Users\yzy\AppData\Local\Temp\ccPCVM7G.s:47     .text.HAL_CRC_Init:00000000 HAL_CRC_Init
C:\Users\yzy\AppData\Local\Temp\ccPCVM7G.s:106    .text.HAL_CRC_MspDeInit:00000000 $t
C:\Users\yzy\AppData\Local\Temp\ccPCVM7G.s:113    .text.HAL_CRC_MspDeInit:00000000 HAL_CRC_MspDeInit
C:\Users\yzy\AppData\Local\Temp\ccPCVM7G.s:128    .text.HAL_CRC_DeInit:00000000 $t
C:\Users\yzy\AppData\Local\Temp\ccPCVM7G.s:135    .text.HAL_CRC_DeInit:00000000 HAL_CRC_DeInit
C:\Users\yzy\AppData\Local\Temp\ccPCVM7G.s:212    .text.HAL_CRC_Accumulate:00000000 $t
C:\Users\yzy\AppData\Local\Temp\ccPCVM7G.s:219    .text.HAL_CRC_Accumulate:00000000 HAL_CRC_Accumulate
C:\Users\yzy\AppData\Local\Temp\ccPCVM7G.s:292    .text.HAL_CRC_Calculate:00000000 $t
C:\Users\yzy\AppData\Local\Temp\ccPCVM7G.s:299    .text.HAL_CRC_Calculate:00000000 HAL_CRC_Calculate
C:\Users\yzy\AppData\Local\Temp\ccPCVM7G.s:379    .text.HAL_CRC_GetState:00000000 $t
C:\Users\yzy\AppData\Local\Temp\ccPCVM7G.s:386    .text.HAL_CRC_GetState:00000000 HAL_CRC_GetState

NO UNDEFINED SYMBOLS
