ARM GAS  C:\Users\yzy\AppData\Local\Temp\cc9qxtLQ.s 			page 1


   1              		.cpu cortex-m4
   2              		.eabi_attribute 20, 1
   3              		.eabi_attribute 21, 1
   4              		.eabi_attribute 23, 3
   5              		.eabi_attribute 24, 1
   6              		.eabi_attribute 25, 1
   7              		.eabi_attribute 26, 1
   8              		.eabi_attribute 30, 1
   9              		.eabi_attribute 34, 1
  10              		.eabi_attribute 18, 4
  11              		.file	"stm32f4xx_hal_dcmi_ex.c"
  12              		.text
  13              	.Ltext0:
  14              		.cfi_sections	.debug_frame
  15              		.section	.text.HAL_DCMI_Init,"ax",%progbits
  16              		.align	1
  17              		.global	HAL_DCMI_Init
  18              		.arch armv7e-m
  19              		.syntax unified
  20              		.thumb
  21              		.thumb_func
  22              		.fpu softvfp
  24              	HAL_DCMI_Init:
  25              	.LVL0:
  26              	.LFB130:
  27              		.file 1 "Libraries/STM32F4xx_HAL_Driver/Src/stm32f4xx_hal_dcmi_ex.c"
   1:Libraries/STM32F4xx_HAL_Driver/Src/stm32f4xx_hal_dcmi_ex.c **** /**
   2:Libraries/STM32F4xx_HAL_Driver/Src/stm32f4xx_hal_dcmi_ex.c ****   ******************************************************************************
   3:Libraries/STM32F4xx_HAL_Driver/Src/stm32f4xx_hal_dcmi_ex.c ****   * @file    stm32f4xx_hal_dcmi_ex.c
   4:Libraries/STM32F4xx_HAL_Driver/Src/stm32f4xx_hal_dcmi_ex.c ****   * @author  MCD Application Team
   5:Libraries/STM32F4xx_HAL_Driver/Src/stm32f4xx_hal_dcmi_ex.c ****   * @brief   DCMI Extension HAL module driver
   6:Libraries/STM32F4xx_HAL_Driver/Src/stm32f4xx_hal_dcmi_ex.c ****   *          This file provides firmware functions to manage the following
   7:Libraries/STM32F4xx_HAL_Driver/Src/stm32f4xx_hal_dcmi_ex.c ****   *          functionalities of DCMI extension peripheral:
   8:Libraries/STM32F4xx_HAL_Driver/Src/stm32f4xx_hal_dcmi_ex.c ****   *           + Extension features functions
   9:Libraries/STM32F4xx_HAL_Driver/Src/stm32f4xx_hal_dcmi_ex.c ****   *
  10:Libraries/STM32F4xx_HAL_Driver/Src/stm32f4xx_hal_dcmi_ex.c ****   @verbatim
  11:Libraries/STM32F4xx_HAL_Driver/Src/stm32f4xx_hal_dcmi_ex.c ****   ==============================================================================
  12:Libraries/STM32F4xx_HAL_Driver/Src/stm32f4xx_hal_dcmi_ex.c ****                ##### DCMI peripheral extension features  #####
  13:Libraries/STM32F4xx_HAL_Driver/Src/stm32f4xx_hal_dcmi_ex.c ****   ==============================================================================
  14:Libraries/STM32F4xx_HAL_Driver/Src/stm32f4xx_hal_dcmi_ex.c **** 
  15:Libraries/STM32F4xx_HAL_Driver/Src/stm32f4xx_hal_dcmi_ex.c ****   [..] Comparing to other previous devices, the DCMI interface for STM32F446xx 
  16:Libraries/STM32F4xx_HAL_Driver/Src/stm32f4xx_hal_dcmi_ex.c ****        devices contains the following additional features :
  17:Libraries/STM32F4xx_HAL_Driver/Src/stm32f4xx_hal_dcmi_ex.c **** 
  18:Libraries/STM32F4xx_HAL_Driver/Src/stm32f4xx_hal_dcmi_ex.c ****        (+) Support of Black and White cameras 
  19:Libraries/STM32F4xx_HAL_Driver/Src/stm32f4xx_hal_dcmi_ex.c **** 
  20:Libraries/STM32F4xx_HAL_Driver/Src/stm32f4xx_hal_dcmi_ex.c ****                      ##### How to use this driver #####
  21:Libraries/STM32F4xx_HAL_Driver/Src/stm32f4xx_hal_dcmi_ex.c ****   ==============================================================================
  22:Libraries/STM32F4xx_HAL_Driver/Src/stm32f4xx_hal_dcmi_ex.c ****   [..] This driver provides functions to manage the Black and White feature
  23:Libraries/STM32F4xx_HAL_Driver/Src/stm32f4xx_hal_dcmi_ex.c **** 
  24:Libraries/STM32F4xx_HAL_Driver/Src/stm32f4xx_hal_dcmi_ex.c ****   @endverbatim
  25:Libraries/STM32F4xx_HAL_Driver/Src/stm32f4xx_hal_dcmi_ex.c ****   ******************************************************************************
  26:Libraries/STM32F4xx_HAL_Driver/Src/stm32f4xx_hal_dcmi_ex.c ****   * @attention
  27:Libraries/STM32F4xx_HAL_Driver/Src/stm32f4xx_hal_dcmi_ex.c ****   *
  28:Libraries/STM32F4xx_HAL_Driver/Src/stm32f4xx_hal_dcmi_ex.c ****   * <h2><center>&copy; Copyright (c) 2017 STMicroelectronics.
  29:Libraries/STM32F4xx_HAL_Driver/Src/stm32f4xx_hal_dcmi_ex.c ****   * All rights reserved.</center></h2>
  30:Libraries/STM32F4xx_HAL_Driver/Src/stm32f4xx_hal_dcmi_ex.c ****   *
  31:Libraries/STM32F4xx_HAL_Driver/Src/stm32f4xx_hal_dcmi_ex.c ****   * This software component is licensed by ST under BSD 3-Clause license,
ARM GAS  C:\Users\yzy\AppData\Local\Temp\cc9qxtLQ.s 			page 2


  32:Libraries/STM32F4xx_HAL_Driver/Src/stm32f4xx_hal_dcmi_ex.c ****   * the "License"; You may not use this file except in compliance with the
  33:Libraries/STM32F4xx_HAL_Driver/Src/stm32f4xx_hal_dcmi_ex.c ****   * License. You may obtain a copy of the License at:
  34:Libraries/STM32F4xx_HAL_Driver/Src/stm32f4xx_hal_dcmi_ex.c ****   *                        opensource.org/licenses/BSD-3-Clause
  35:Libraries/STM32F4xx_HAL_Driver/Src/stm32f4xx_hal_dcmi_ex.c ****   *
  36:Libraries/STM32F4xx_HAL_Driver/Src/stm32f4xx_hal_dcmi_ex.c ****   ******************************************************************************
  37:Libraries/STM32F4xx_HAL_Driver/Src/stm32f4xx_hal_dcmi_ex.c ****   */
  38:Libraries/STM32F4xx_HAL_Driver/Src/stm32f4xx_hal_dcmi_ex.c **** 
  39:Libraries/STM32F4xx_HAL_Driver/Src/stm32f4xx_hal_dcmi_ex.c **** /* Includes ------------------------------------------------------------------*/
  40:Libraries/STM32F4xx_HAL_Driver/Src/stm32f4xx_hal_dcmi_ex.c **** #include "stm32f4xx_hal.h"
  41:Libraries/STM32F4xx_HAL_Driver/Src/stm32f4xx_hal_dcmi_ex.c **** 
  42:Libraries/STM32F4xx_HAL_Driver/Src/stm32f4xx_hal_dcmi_ex.c **** /** @addtogroup STM32F4xx_HAL_Driver
  43:Libraries/STM32F4xx_HAL_Driver/Src/stm32f4xx_hal_dcmi_ex.c ****   * @{
  44:Libraries/STM32F4xx_HAL_Driver/Src/stm32f4xx_hal_dcmi_ex.c ****   */
  45:Libraries/STM32F4xx_HAL_Driver/Src/stm32f4xx_hal_dcmi_ex.c **** /** @defgroup DCMIEx DCMIEx
  46:Libraries/STM32F4xx_HAL_Driver/Src/stm32f4xx_hal_dcmi_ex.c ****   * @brief DCMI Extended HAL module driver
  47:Libraries/STM32F4xx_HAL_Driver/Src/stm32f4xx_hal_dcmi_ex.c ****   * @{
  48:Libraries/STM32F4xx_HAL_Driver/Src/stm32f4xx_hal_dcmi_ex.c ****   */
  49:Libraries/STM32F4xx_HAL_Driver/Src/stm32f4xx_hal_dcmi_ex.c **** 
  50:Libraries/STM32F4xx_HAL_Driver/Src/stm32f4xx_hal_dcmi_ex.c **** #ifdef HAL_DCMI_MODULE_ENABLED
  51:Libraries/STM32F4xx_HAL_Driver/Src/stm32f4xx_hal_dcmi_ex.c **** 
  52:Libraries/STM32F4xx_HAL_Driver/Src/stm32f4xx_hal_dcmi_ex.c **** #if defined(STM32F407xx) || defined(STM32F417xx) || defined(STM32F427xx) || defined(STM32F437xx) ||
  53:Libraries/STM32F4xx_HAL_Driver/Src/stm32f4xx_hal_dcmi_ex.c ****     defined(STM32F439xx) || defined(STM32F446xx) || defined(STM32F469xx) || defined(STM32F479xx)
  54:Libraries/STM32F4xx_HAL_Driver/Src/stm32f4xx_hal_dcmi_ex.c **** /* Private typedef -----------------------------------------------------------*/
  55:Libraries/STM32F4xx_HAL_Driver/Src/stm32f4xx_hal_dcmi_ex.c **** /* Private define ------------------------------------------------------------*/
  56:Libraries/STM32F4xx_HAL_Driver/Src/stm32f4xx_hal_dcmi_ex.c **** /* Private macro -------------------------------------------------------------*/
  57:Libraries/STM32F4xx_HAL_Driver/Src/stm32f4xx_hal_dcmi_ex.c **** /* Private variables ---------------------------------------------------------*/
  58:Libraries/STM32F4xx_HAL_Driver/Src/stm32f4xx_hal_dcmi_ex.c **** /* Private function prototypes -----------------------------------------------*/
  59:Libraries/STM32F4xx_HAL_Driver/Src/stm32f4xx_hal_dcmi_ex.c **** /* Exported functions --------------------------------------------------------*/
  60:Libraries/STM32F4xx_HAL_Driver/Src/stm32f4xx_hal_dcmi_ex.c **** 
  61:Libraries/STM32F4xx_HAL_Driver/Src/stm32f4xx_hal_dcmi_ex.c **** /** @defgroup DCMIEx_Exported_Functions DCMI Extended Exported Functions
  62:Libraries/STM32F4xx_HAL_Driver/Src/stm32f4xx_hal_dcmi_ex.c ****   * @{
  63:Libraries/STM32F4xx_HAL_Driver/Src/stm32f4xx_hal_dcmi_ex.c ****   */
  64:Libraries/STM32F4xx_HAL_Driver/Src/stm32f4xx_hal_dcmi_ex.c **** 
  65:Libraries/STM32F4xx_HAL_Driver/Src/stm32f4xx_hal_dcmi_ex.c **** /**
  66:Libraries/STM32F4xx_HAL_Driver/Src/stm32f4xx_hal_dcmi_ex.c ****   * @}
  67:Libraries/STM32F4xx_HAL_Driver/Src/stm32f4xx_hal_dcmi_ex.c ****   */
  68:Libraries/STM32F4xx_HAL_Driver/Src/stm32f4xx_hal_dcmi_ex.c **** 
  69:Libraries/STM32F4xx_HAL_Driver/Src/stm32f4xx_hal_dcmi_ex.c **** /** @addtogroup DCMI_Exported_Functions_Group1 Initialization and Configuration functions
  70:Libraries/STM32F4xx_HAL_Driver/Src/stm32f4xx_hal_dcmi_ex.c ****   * @{
  71:Libraries/STM32F4xx_HAL_Driver/Src/stm32f4xx_hal_dcmi_ex.c ****   */
  72:Libraries/STM32F4xx_HAL_Driver/Src/stm32f4xx_hal_dcmi_ex.c **** 
  73:Libraries/STM32F4xx_HAL_Driver/Src/stm32f4xx_hal_dcmi_ex.c **** /**
  74:Libraries/STM32F4xx_HAL_Driver/Src/stm32f4xx_hal_dcmi_ex.c ****   * @brief  Initializes the DCMI according to the specified
  75:Libraries/STM32F4xx_HAL_Driver/Src/stm32f4xx_hal_dcmi_ex.c ****   *         parameters in the DCMI_InitTypeDef and create the associated handle.
  76:Libraries/STM32F4xx_HAL_Driver/Src/stm32f4xx_hal_dcmi_ex.c ****   * @param  hdcmi pointer to a DCMI_HandleTypeDef structure that contains
  77:Libraries/STM32F4xx_HAL_Driver/Src/stm32f4xx_hal_dcmi_ex.c ****   *                the configuration information for DCMI.
  78:Libraries/STM32F4xx_HAL_Driver/Src/stm32f4xx_hal_dcmi_ex.c ****   * @retval HAL status
  79:Libraries/STM32F4xx_HAL_Driver/Src/stm32f4xx_hal_dcmi_ex.c ****   */
  80:Libraries/STM32F4xx_HAL_Driver/Src/stm32f4xx_hal_dcmi_ex.c **** HAL_StatusTypeDef HAL_DCMI_Init(DCMI_HandleTypeDef *hdcmi)
  81:Libraries/STM32F4xx_HAL_Driver/Src/stm32f4xx_hal_dcmi_ex.c **** {
  28              		.loc 1 81 1 view -0
  29              		.cfi_startproc
  30              		@ args = 0, pretend = 0, frame = 0
  31              		@ frame_needed = 0, uses_anonymous_args = 0
  82:Libraries/STM32F4xx_HAL_Driver/Src/stm32f4xx_hal_dcmi_ex.c ****   /* Check the DCMI peripheral state */
  83:Libraries/STM32F4xx_HAL_Driver/Src/stm32f4xx_hal_dcmi_ex.c ****   if(hdcmi == NULL)
  32              		.loc 1 83 3 view .LVU1
ARM GAS  C:\Users\yzy\AppData\Local\Temp\cc9qxtLQ.s 			page 3


  33              		.loc 1 83 5 is_stmt 0 view .LVU2
  34 0000 0028     		cmp	r0, #0
  35 0002 3DD0     		beq	.L5
  81:Libraries/STM32F4xx_HAL_Driver/Src/stm32f4xx_hal_dcmi_ex.c ****   /* Check the DCMI peripheral state */
  36              		.loc 1 81 1 view .LVU3
  37 0004 10B5     		push	{r4, lr}
  38              	.LCFI0:
  39              		.cfi_def_cfa_offset 8
  40              		.cfi_offset 4, -8
  41              		.cfi_offset 14, -4
  42 0006 0446     		mov	r4, r0
  84:Libraries/STM32F4xx_HAL_Driver/Src/stm32f4xx_hal_dcmi_ex.c ****   {
  85:Libraries/STM32F4xx_HAL_Driver/Src/stm32f4xx_hal_dcmi_ex.c ****      return HAL_ERROR;
  86:Libraries/STM32F4xx_HAL_Driver/Src/stm32f4xx_hal_dcmi_ex.c ****   }
  87:Libraries/STM32F4xx_HAL_Driver/Src/stm32f4xx_hal_dcmi_ex.c **** 
  88:Libraries/STM32F4xx_HAL_Driver/Src/stm32f4xx_hal_dcmi_ex.c ****   /* Check function parameters */
  89:Libraries/STM32F4xx_HAL_Driver/Src/stm32f4xx_hal_dcmi_ex.c ****   assert_param(IS_DCMI_ALL_INSTANCE(hdcmi->Instance));
  43              		.loc 1 89 3 is_stmt 1 view .LVU4
  90:Libraries/STM32F4xx_HAL_Driver/Src/stm32f4xx_hal_dcmi_ex.c ****   assert_param(IS_DCMI_PCKPOLARITY(hdcmi->Init.PCKPolarity));
  44              		.loc 1 90 3 view .LVU5
  91:Libraries/STM32F4xx_HAL_Driver/Src/stm32f4xx_hal_dcmi_ex.c ****   assert_param(IS_DCMI_VSPOLARITY(hdcmi->Init.VSPolarity));
  45              		.loc 1 91 3 view .LVU6
  92:Libraries/STM32F4xx_HAL_Driver/Src/stm32f4xx_hal_dcmi_ex.c ****   assert_param(IS_DCMI_HSPOLARITY(hdcmi->Init.HSPolarity));
  46              		.loc 1 92 3 view .LVU7
  93:Libraries/STM32F4xx_HAL_Driver/Src/stm32f4xx_hal_dcmi_ex.c ****   assert_param(IS_DCMI_SYNCHRO(hdcmi->Init.SynchroMode));
  47              		.loc 1 93 3 view .LVU8
  94:Libraries/STM32F4xx_HAL_Driver/Src/stm32f4xx_hal_dcmi_ex.c ****   assert_param(IS_DCMI_CAPTURE_RATE(hdcmi->Init.CaptureRate));
  48              		.loc 1 94 3 view .LVU9
  95:Libraries/STM32F4xx_HAL_Driver/Src/stm32f4xx_hal_dcmi_ex.c ****   assert_param(IS_DCMI_EXTENDED_DATA(hdcmi->Init.ExtendedDataMode));
  49              		.loc 1 95 3 view .LVU10
  96:Libraries/STM32F4xx_HAL_Driver/Src/stm32f4xx_hal_dcmi_ex.c ****   assert_param(IS_DCMI_MODE_JPEG(hdcmi->Init.JPEGMode));
  50              		.loc 1 96 3 view .LVU11
  97:Libraries/STM32F4xx_HAL_Driver/Src/stm32f4xx_hal_dcmi_ex.c **** #if defined(STM32F446xx) || defined(STM32F469xx) || defined(STM32F479xx)
  98:Libraries/STM32F4xx_HAL_Driver/Src/stm32f4xx_hal_dcmi_ex.c ****   assert_param(IS_DCMI_BYTE_SELECT_MODE(hdcmi->Init.ByteSelectMode));
  99:Libraries/STM32F4xx_HAL_Driver/Src/stm32f4xx_hal_dcmi_ex.c ****   assert_param(IS_DCMI_BYTE_SELECT_START(hdcmi->Init.ByteSelectStart));
 100:Libraries/STM32F4xx_HAL_Driver/Src/stm32f4xx_hal_dcmi_ex.c ****   assert_param(IS_DCMI_LINE_SELECT_MODE(hdcmi->Init.LineSelectMode));
 101:Libraries/STM32F4xx_HAL_Driver/Src/stm32f4xx_hal_dcmi_ex.c ****   assert_param(IS_DCMI_LINE_SELECT_START(hdcmi->Init.LineSelectStart));
 102:Libraries/STM32F4xx_HAL_Driver/Src/stm32f4xx_hal_dcmi_ex.c **** #endif /* STM32F446xx || STM32F469xx || STM32F479xx */
 103:Libraries/STM32F4xx_HAL_Driver/Src/stm32f4xx_hal_dcmi_ex.c ****   if(hdcmi->State == HAL_DCMI_STATE_RESET)
  51              		.loc 1 103 3 view .LVU12
  52              		.loc 1 103 11 is_stmt 0 view .LVU13
  53 0008 90F82530 		ldrb	r3, [r0, #37]	@ zero_extendqisi2
  54              		.loc 1 103 5 view .LVU14
  55 000c 43B3     		cbz	r3, .L10
  56              	.LVL1:
  57              	.L3:
 104:Libraries/STM32F4xx_HAL_Driver/Src/stm32f4xx_hal_dcmi_ex.c ****   {
 105:Libraries/STM32F4xx_HAL_Driver/Src/stm32f4xx_hal_dcmi_ex.c ****     /* Init the low level hardware */
 106:Libraries/STM32F4xx_HAL_Driver/Src/stm32f4xx_hal_dcmi_ex.c ****     HAL_DCMI_MspInit(hdcmi);
 107:Libraries/STM32F4xx_HAL_Driver/Src/stm32f4xx_hal_dcmi_ex.c ****   }
 108:Libraries/STM32F4xx_HAL_Driver/Src/stm32f4xx_hal_dcmi_ex.c **** 
 109:Libraries/STM32F4xx_HAL_Driver/Src/stm32f4xx_hal_dcmi_ex.c ****   /* Change the DCMI state */
 110:Libraries/STM32F4xx_HAL_Driver/Src/stm32f4xx_hal_dcmi_ex.c ****   hdcmi->State = HAL_DCMI_STATE_BUSY;
  58              		.loc 1 110 3 is_stmt 1 view .LVU15
  59              		.loc 1 110 16 is_stmt 0 view .LVU16
  60 000e 0223     		movs	r3, #2
  61 0010 84F82530 		strb	r3, [r4, #37]
ARM GAS  C:\Users\yzy\AppData\Local\Temp\cc9qxtLQ.s 			page 4


 111:Libraries/STM32F4xx_HAL_Driver/Src/stm32f4xx_hal_dcmi_ex.c ****                           /* Configures the HS, VS, DE and PC polarity */
 112:Libraries/STM32F4xx_HAL_Driver/Src/stm32f4xx_hal_dcmi_ex.c ****   hdcmi->Instance->CR &= ~(DCMI_CR_PCKPOL | DCMI_CR_HSPOL  | DCMI_CR_VSPOL  | DCMI_CR_EDM_0 |\
  62              		.loc 1 112 3 is_stmt 1 view .LVU17
  63              		.loc 1 112 8 is_stmt 0 view .LVU18
  64 0014 2268     		ldr	r2, [r4]
  65              		.loc 1 112 23 view .LVU19
  66 0016 1368     		ldr	r3, [r2]
  67 0018 23F47F63 		bic	r3, r3, #4080
  68 001c 23F00803 		bic	r3, r3, #8
  69 0020 1360     		str	r3, [r2]
 113:Libraries/STM32F4xx_HAL_Driver/Src/stm32f4xx_hal_dcmi_ex.c ****                            DCMI_CR_EDM_1  | DCMI_CR_FCRC_0 | DCMI_CR_FCRC_1 | DCMI_CR_JPEG  |\
 114:Libraries/STM32F4xx_HAL_Driver/Src/stm32f4xx_hal_dcmi_ex.c ****                            DCMI_CR_ESS
 115:Libraries/STM32F4xx_HAL_Driver/Src/stm32f4xx_hal_dcmi_ex.c **** #if defined(STM32F446xx) || defined(STM32F469xx) || defined(STM32F479xx)
 116:Libraries/STM32F4xx_HAL_Driver/Src/stm32f4xx_hal_dcmi_ex.c ****                            | DCMI_CR_BSM_0 | DCMI_CR_BSM_1 | DCMI_CR_OEBS |\
 117:Libraries/STM32F4xx_HAL_Driver/Src/stm32f4xx_hal_dcmi_ex.c ****                            DCMI_CR_LSM | DCMI_CR_OELS
 118:Libraries/STM32F4xx_HAL_Driver/Src/stm32f4xx_hal_dcmi_ex.c **** #endif /* STM32F446xx || STM32F469xx || STM32F479xx */
 119:Libraries/STM32F4xx_HAL_Driver/Src/stm32f4xx_hal_dcmi_ex.c ****                            );
 120:Libraries/STM32F4xx_HAL_Driver/Src/stm32f4xx_hal_dcmi_ex.c ****   hdcmi->Instance->CR |=  (uint32_t)(hdcmi->Init.SynchroMode | hdcmi->Init.CaptureRate |\
  70              		.loc 1 120 3 is_stmt 1 view .LVU20
  71              		.loc 1 120 8 is_stmt 0 view .LVU21
  72 0022 2168     		ldr	r1, [r4]
  73              		.loc 1 120 23 view .LVU22
  74 0024 0A68     		ldr	r2, [r1]
  75              		.loc 1 120 49 view .LVU23
  76 0026 6368     		ldr	r3, [r4, #4]
  77              		.loc 1 120 75 view .LVU24
  78 0028 6069     		ldr	r0, [r4, #20]
  79              		.loc 1 120 62 view .LVU25
  80 002a 0343     		orrs	r3, r3, r0
 121:Libraries/STM32F4xx_HAL_Driver/Src/stm32f4xx_hal_dcmi_ex.c ****                                      hdcmi->Init.VSPolarity  | hdcmi->Init.HSPolarity  |\
  81              		.loc 1 121 49 view .LVU26
  82 002c E068     		ldr	r0, [r4, #12]
 120:Libraries/STM32F4xx_HAL_Driver/Src/stm32f4xx_hal_dcmi_ex.c ****                                      hdcmi->Init.VSPolarity  | hdcmi->Init.HSPolarity  |\
  83              		.loc 1 120 88 view .LVU27
  84 002e 0343     		orrs	r3, r3, r0
  85              		.loc 1 121 75 view .LVU28
  86 0030 2069     		ldr	r0, [r4, #16]
  87              		.loc 1 121 62 view .LVU29
  88 0032 0343     		orrs	r3, r3, r0
 122:Libraries/STM32F4xx_HAL_Driver/Src/stm32f4xx_hal_dcmi_ex.c ****                                      hdcmi->Init.PCKPolarity | hdcmi->Init.ExtendedDataMode |\
  89              		.loc 1 122 49 view .LVU30
  90 0034 A068     		ldr	r0, [r4, #8]
 121:Libraries/STM32F4xx_HAL_Driver/Src/stm32f4xx_hal_dcmi_ex.c ****                                      hdcmi->Init.VSPolarity  | hdcmi->Init.HSPolarity  |\
  91              		.loc 1 121 88 view .LVU31
  92 0036 0343     		orrs	r3, r3, r0
  93              		.loc 1 122 75 view .LVU32
  94 0038 A069     		ldr	r0, [r4, #24]
  95              		.loc 1 122 62 view .LVU33
  96 003a 0343     		orrs	r3, r3, r0
 123:Libraries/STM32F4xx_HAL_Driver/Src/stm32f4xx_hal_dcmi_ex.c ****                                      hdcmi->Init.JPEGMode 
  97              		.loc 1 123 49 view .LVU34
  98 003c 206A     		ldr	r0, [r4, #32]
 122:Libraries/STM32F4xx_HAL_Driver/Src/stm32f4xx_hal_dcmi_ex.c ****                                      hdcmi->Init.PCKPolarity | hdcmi->Init.ExtendedDataMode |\
  99              		.loc 1 122 93 view .LVU35
 100 003e 0343     		orrs	r3, r3, r0
 120:Libraries/STM32F4xx_HAL_Driver/Src/stm32f4xx_hal_dcmi_ex.c ****                                      hdcmi->Init.VSPolarity  | hdcmi->Init.HSPolarity  |\
 101              		.loc 1 120 23 view .LVU36
ARM GAS  C:\Users\yzy\AppData\Local\Temp\cc9qxtLQ.s 			page 5


 102 0040 1343     		orrs	r3, r3, r2
 103 0042 0B60     		str	r3, [r1]
 124:Libraries/STM32F4xx_HAL_Driver/Src/stm32f4xx_hal_dcmi_ex.c **** #if defined(STM32F446xx) || defined(STM32F469xx) || defined(STM32F479xx)
 125:Libraries/STM32F4xx_HAL_Driver/Src/stm32f4xx_hal_dcmi_ex.c ****                                      | hdcmi->Init.ByteSelectMode |\
 126:Libraries/STM32F4xx_HAL_Driver/Src/stm32f4xx_hal_dcmi_ex.c ****                                      hdcmi->Init.ByteSelectStart | hdcmi->Init.LineSelectMode |\
 127:Libraries/STM32F4xx_HAL_Driver/Src/stm32f4xx_hal_dcmi_ex.c ****                                      hdcmi->Init.LineSelectStart
 128:Libraries/STM32F4xx_HAL_Driver/Src/stm32f4xx_hal_dcmi_ex.c **** #endif /* STM32F446xx || STM32F469xx || STM32F479xx */
 129:Libraries/STM32F4xx_HAL_Driver/Src/stm32f4xx_hal_dcmi_ex.c ****                                      );
 130:Libraries/STM32F4xx_HAL_Driver/Src/stm32f4xx_hal_dcmi_ex.c ****   if(hdcmi->Init.SynchroMode == DCMI_SYNCHRO_EMBEDDED)
 104              		.loc 1 130 3 is_stmt 1 view .LVU37
 105              		.loc 1 130 17 is_stmt 0 view .LVU38
 106 0044 6368     		ldr	r3, [r4, #4]
 107              		.loc 1 130 5 view .LVU39
 108 0046 102B     		cmp	r3, #16
 109 0048 0DD0     		beq	.L11
 110              	.L4:
 131:Libraries/STM32F4xx_HAL_Driver/Src/stm32f4xx_hal_dcmi_ex.c ****   {
 132:Libraries/STM32F4xx_HAL_Driver/Src/stm32f4xx_hal_dcmi_ex.c ****     hdcmi->Instance->ESCR = (((uint32_t)hdcmi->Init.SyncroCode.FrameStartCode)    |
 133:Libraries/STM32F4xx_HAL_Driver/Src/stm32f4xx_hal_dcmi_ex.c ****                              ((uint32_t)hdcmi->Init.SyncroCode.LineStartCode << DCMI_POSITION_ESCR_
 134:Libraries/STM32F4xx_HAL_Driver/Src/stm32f4xx_hal_dcmi_ex.c ****                              ((uint32_t)hdcmi->Init.SyncroCode.LineEndCode << DCMI_POSITION_ESCR_LE
 135:Libraries/STM32F4xx_HAL_Driver/Src/stm32f4xx_hal_dcmi_ex.c ****                              ((uint32_t)hdcmi->Init.SyncroCode.FrameEndCode << DCMI_POSITION_ESCR_F
 136:Libraries/STM32F4xx_HAL_Driver/Src/stm32f4xx_hal_dcmi_ex.c **** 
 137:Libraries/STM32F4xx_HAL_Driver/Src/stm32f4xx_hal_dcmi_ex.c ****   }
 138:Libraries/STM32F4xx_HAL_Driver/Src/stm32f4xx_hal_dcmi_ex.c **** 
 139:Libraries/STM32F4xx_HAL_Driver/Src/stm32f4xx_hal_dcmi_ex.c ****   /* Enable the Line, Vsync, Error and Overrun interrupts */
 140:Libraries/STM32F4xx_HAL_Driver/Src/stm32f4xx_hal_dcmi_ex.c ****   __HAL_DCMI_ENABLE_IT(hdcmi, DCMI_IT_LINE | DCMI_IT_VSYNC | DCMI_IT_ERR | DCMI_IT_OVR);
 111              		.loc 1 140 3 is_stmt 1 view .LVU40
 112 004a 2268     		ldr	r2, [r4]
 113 004c D368     		ldr	r3, [r2, #12]
 114 004e 43F01E03 		orr	r3, r3, #30
 115 0052 D360     		str	r3, [r2, #12]
 141:Libraries/STM32F4xx_HAL_Driver/Src/stm32f4xx_hal_dcmi_ex.c **** 
 142:Libraries/STM32F4xx_HAL_Driver/Src/stm32f4xx_hal_dcmi_ex.c ****   /* Update error code */
 143:Libraries/STM32F4xx_HAL_Driver/Src/stm32f4xx_hal_dcmi_ex.c ****   hdcmi->ErrorCode = HAL_DCMI_ERROR_NONE;
 116              		.loc 1 143 3 view .LVU41
 117              		.loc 1 143 20 is_stmt 0 view .LVU42
 118 0054 0020     		movs	r0, #0
 119 0056 E063     		str	r0, [r4, #60]
 144:Libraries/STM32F4xx_HAL_Driver/Src/stm32f4xx_hal_dcmi_ex.c **** 
 145:Libraries/STM32F4xx_HAL_Driver/Src/stm32f4xx_hal_dcmi_ex.c ****   /* Initialize the DCMI state*/
 146:Libraries/STM32F4xx_HAL_Driver/Src/stm32f4xx_hal_dcmi_ex.c ****   hdcmi->State  = HAL_DCMI_STATE_READY;
 120              		.loc 1 146 3 is_stmt 1 view .LVU43
 121              		.loc 1 146 17 is_stmt 0 view .LVU44
 122 0058 0123     		movs	r3, #1
 123 005a 84F82530 		strb	r3, [r4, #37]
 147:Libraries/STM32F4xx_HAL_Driver/Src/stm32f4xx_hal_dcmi_ex.c **** 
 148:Libraries/STM32F4xx_HAL_Driver/Src/stm32f4xx_hal_dcmi_ex.c ****   return HAL_OK;
 124              		.loc 1 148 3 is_stmt 1 view .LVU45
 149:Libraries/STM32F4xx_HAL_Driver/Src/stm32f4xx_hal_dcmi_ex.c **** }
 125              		.loc 1 149 1 is_stmt 0 view .LVU46
 126 005e 10BD     		pop	{r4, pc}
 127              	.LVL2:
 128              	.L10:
 106:Libraries/STM32F4xx_HAL_Driver/Src/stm32f4xx_hal_dcmi_ex.c ****   }
 129              		.loc 1 106 5 is_stmt 1 view .LVU47
 130 0060 FFF7FEFF 		bl	HAL_DCMI_MspInit
 131              	.LVL3:
ARM GAS  C:\Users\yzy\AppData\Local\Temp\cc9qxtLQ.s 			page 6


 106:Libraries/STM32F4xx_HAL_Driver/Src/stm32f4xx_hal_dcmi_ex.c ****   }
 132              		.loc 1 106 5 is_stmt 0 view .LVU48
 133 0064 D3E7     		b	.L3
 134              	.L11:
 132:Libraries/STM32F4xx_HAL_Driver/Src/stm32f4xx_hal_dcmi_ex.c ****                              ((uint32_t)hdcmi->Init.SyncroCode.LineStartCode << DCMI_POSITION_ESCR_
 135              		.loc 1 132 5 is_stmt 1 view .LVU49
 132:Libraries/STM32F4xx_HAL_Driver/Src/stm32f4xx_hal_dcmi_ex.c ****                              ((uint32_t)hdcmi->Init.SyncroCode.LineStartCode << DCMI_POSITION_ESCR_
 136              		.loc 1 132 63 is_stmt 0 view .LVU50
 137 0066 237F     		ldrb	r3, [r4, #28]	@ zero_extendqisi2
 133:Libraries/STM32F4xx_HAL_Driver/Src/stm32f4xx_hal_dcmi_ex.c ****                              ((uint32_t)hdcmi->Init.SyncroCode.LineEndCode << DCMI_POSITION_ESCR_LE
 138              		.loc 1 133 63 view .LVU51
 139 0068 627F     		ldrb	r2, [r4, #29]	@ zero_extendqisi2
 132:Libraries/STM32F4xx_HAL_Driver/Src/stm32f4xx_hal_dcmi_ex.c ****                              ((uint32_t)hdcmi->Init.SyncroCode.LineStartCode << DCMI_POSITION_ESCR_
 140              		.loc 1 132 83 view .LVU52
 141 006a 43EA0223 		orr	r3, r3, r2, lsl #8
 134:Libraries/STM32F4xx_HAL_Driver/Src/stm32f4xx_hal_dcmi_ex.c ****                              ((uint32_t)hdcmi->Init.SyncroCode.FrameEndCode << DCMI_POSITION_ESCR_F
 142              		.loc 1 134 63 view .LVU53
 143 006e A27F     		ldrb	r2, [r4, #30]	@ zero_extendqisi2
 133:Libraries/STM32F4xx_HAL_Driver/Src/stm32f4xx_hal_dcmi_ex.c ****                              ((uint32_t)hdcmi->Init.SyncroCode.LineEndCode << DCMI_POSITION_ESCR_LE
 144              		.loc 1 133 104 view .LVU54
 145 0070 43EA0243 		orr	r3, r3, r2, lsl #16
 135:Libraries/STM32F4xx_HAL_Driver/Src/stm32f4xx_hal_dcmi_ex.c **** 
 146              		.loc 1 135 63 view .LVU55
 147 0074 E17F     		ldrb	r1, [r4, #31]	@ zero_extendqisi2
 132:Libraries/STM32F4xx_HAL_Driver/Src/stm32f4xx_hal_dcmi_ex.c ****                              ((uint32_t)hdcmi->Init.SyncroCode.LineStartCode << DCMI_POSITION_ESCR_
 148              		.loc 1 132 10 view .LVU56
 149 0076 2268     		ldr	r2, [r4]
 134:Libraries/STM32F4xx_HAL_Driver/Src/stm32f4xx_hal_dcmi_ex.c ****                              ((uint32_t)hdcmi->Init.SyncroCode.FrameEndCode << DCMI_POSITION_ESCR_F
 150              		.loc 1 134 103 view .LVU57
 151 0078 43EA0163 		orr	r3, r3, r1, lsl #24
 132:Libraries/STM32F4xx_HAL_Driver/Src/stm32f4xx_hal_dcmi_ex.c ****                              ((uint32_t)hdcmi->Init.SyncroCode.LineStartCode << DCMI_POSITION_ESCR_
 152              		.loc 1 132 27 view .LVU58
 153 007c 9361     		str	r3, [r2, #24]
 154 007e E4E7     		b	.L4
 155              	.LVL4:
 156              	.L5:
 157              	.LCFI1:
 158              		.cfi_def_cfa_offset 0
 159              		.cfi_restore 4
 160              		.cfi_restore 14
  85:Libraries/STM32F4xx_HAL_Driver/Src/stm32f4xx_hal_dcmi_ex.c ****   }
 161              		.loc 1 85 13 view .LVU59
 162 0080 0120     		movs	r0, #1
 163              	.LVL5:
 164              		.loc 1 149 1 view .LVU60
 165 0082 7047     		bx	lr
 166              		.cfi_endproc
 167              	.LFE130:
 169              		.text
 170              	.Letext0:
 171              		.file 2 "c:\\program files (x86)\\gnu arm embedded toolchain\\2020-q2-update\\arm-none-eabi\\inclu
 172              		.file 3 "c:\\program files (x86)\\gnu arm embedded toolchain\\2020-q2-update\\arm-none-eabi\\inclu
 173              		.file 4 "Libraries/CMSIS/Include/core_cm4.h"
 174              		.file 5 "Libraries/CMSIS/Device/ST/STM32F4xx/Include/system_stm32f4xx.h"
 175              		.file 6 "Libraries/CMSIS/Device/ST/STM32F4xx/Include/stm32f407xx.h"
 176              		.file 7 "Libraries/STM32F4xx_HAL_Driver/Inc/stm32f4xx_hal_def.h"
 177              		.file 8 "Libraries/STM32F4xx_HAL_Driver/Inc/stm32f4xx_hal_dma.h"
ARM GAS  C:\Users\yzy\AppData\Local\Temp\cc9qxtLQ.s 			page 7


 178              		.file 9 "Libraries/STM32F4xx_HAL_Driver/Inc/stm32f4xx_hal_dcmi_ex.h"
 179              		.file 10 "Libraries/STM32F4xx_HAL_Driver/Inc/stm32f4xx_hal_dcmi.h"
 180              		.file 11 "Libraries/STM32F4xx_HAL_Driver/Inc/stm32f4xx_hal.h"
ARM GAS  C:\Users\yzy\AppData\Local\Temp\cc9qxtLQ.s 			page 8


DEFINED SYMBOLS
                            *ABS*:00000000 stm32f4xx_hal_dcmi_ex.c
C:\Users\yzy\AppData\Local\Temp\cc9qxtLQ.s:16     .text.HAL_DCMI_Init:00000000 $t
C:\Users\yzy\AppData\Local\Temp\cc9qxtLQ.s:24     .text.HAL_DCMI_Init:00000000 HAL_DCMI_Init

UNDEFINED SYMBOLS
HAL_DCMI_MspInit
