ARM GAS  C:\Users\yzy\AppData\Local\Temp\ccDObu3g.s 			page 1


   1              		.cpu cortex-m4
   2              		.eabi_attribute 20, 1
   3              		.eabi_attribute 21, 1
   4              		.eabi_attribute 23, 3
   5              		.eabi_attribute 24, 1
   6              		.eabi_attribute 25, 1
   7              		.eabi_attribute 26, 1
   8              		.eabi_attribute 30, 1
   9              		.eabi_attribute 34, 1
  10              		.eabi_attribute 18, 4
  11              		.file	"stm32f4xx_hal_msp.c"
  12              		.text
  13              	.Ltext0:
  14              		.cfi_sections	.debug_frame
  15              		.section	.text.HAL_MspInit,"ax",%progbits
  16              		.align	1
  17              		.global	HAL_MspInit
  18              		.arch armv7e-m
  19              		.syntax unified
  20              		.thumb
  21              		.thumb_func
  22              		.fpu softvfp
  24              	HAL_MspInit:
  25              	.LFB130:
  26              		.file 1 "Applications/stm32f4xx_hal_msp.c"
   1:Applications/stm32f4xx_hal_msp.c **** /*
   2:Applications/stm32f4xx_hal_msp.c ****  * @Author: your name
   3:Applications/stm32f4xx_hal_msp.c ****  * @Date: 2020-09-10 16:29:45
   4:Applications/stm32f4xx_hal_msp.c ****  * @LastEditTime: 2020-10-15 17:35:12
   5:Applications/stm32f4xx_hal_msp.c ****  * @LastEditors: Please set LastEditors
   6:Applications/stm32f4xx_hal_msp.c ****  * @Description: In User Settings Edit
   7:Applications/stm32f4xx_hal_msp.c ****  * @FilePath: \F407_RT_HAL\Applications\stm32f4xx_hal_msp.c
   8:Applications/stm32f4xx_hal_msp.c ****  */
   9:Applications/stm32f4xx_hal_msp.c **** /* USER CODE BEGIN Header */
  10:Applications/stm32f4xx_hal_msp.c **** /**
  11:Applications/stm32f4xx_hal_msp.c ****   ******************************************************************************
  12:Applications/stm32f4xx_hal_msp.c ****   * File Name          : stm32f4xx_hal_msp.c
  13:Applications/stm32f4xx_hal_msp.c ****   * Description        : This file provides code for the MSP Initialization 
  14:Applications/stm32f4xx_hal_msp.c ****   *                      and de-Initialization codes.
  15:Applications/stm32f4xx_hal_msp.c ****   ******************************************************************************
  16:Applications/stm32f4xx_hal_msp.c ****   * @attention
  17:Applications/stm32f4xx_hal_msp.c ****   *
  18:Applications/stm32f4xx_hal_msp.c ****   * <h2><center>&copy; Copyright (c) 2020 STMicroelectronics.
  19:Applications/stm32f4xx_hal_msp.c ****   * All rights reserved.</center></h2>
  20:Applications/stm32f4xx_hal_msp.c ****   *
  21:Applications/stm32f4xx_hal_msp.c ****   * This software component is licensed by ST under Ultimate Liberty license
  22:Applications/stm32f4xx_hal_msp.c ****   * SLA0044, the "License"; You may not use this file except in compliance with
  23:Applications/stm32f4xx_hal_msp.c ****   * the License. You may obtain a copy of the License at:
  24:Applications/stm32f4xx_hal_msp.c ****   *                             www.st.com/SLA0044
  25:Applications/stm32f4xx_hal_msp.c ****   *
  26:Applications/stm32f4xx_hal_msp.c ****   ******************************************************************************
  27:Applications/stm32f4xx_hal_msp.c ****   */
  28:Applications/stm32f4xx_hal_msp.c **** /* USER CODE END Header */
  29:Applications/stm32f4xx_hal_msp.c **** 
  30:Applications/stm32f4xx_hal_msp.c **** /* Includes ------------------------------------------------------------------*/
  31:Applications/stm32f4xx_hal_msp.c **** #include "main.h"
  32:Applications/stm32f4xx_hal_msp.c **** /* USER CODE BEGIN Includes */
ARM GAS  C:\Users\yzy\AppData\Local\Temp\ccDObu3g.s 			page 2


  33:Applications/stm32f4xx_hal_msp.c **** 
  34:Applications/stm32f4xx_hal_msp.c **** /* USER CODE END Includes */
  35:Applications/stm32f4xx_hal_msp.c **** 
  36:Applications/stm32f4xx_hal_msp.c **** /* Private typedef -----------------------------------------------------------*/
  37:Applications/stm32f4xx_hal_msp.c **** /* USER CODE BEGIN TD */
  38:Applications/stm32f4xx_hal_msp.c **** 
  39:Applications/stm32f4xx_hal_msp.c **** /* USER CODE END TD */
  40:Applications/stm32f4xx_hal_msp.c **** 
  41:Applications/stm32f4xx_hal_msp.c **** /* Private define ------------------------------------------------------------*/
  42:Applications/stm32f4xx_hal_msp.c **** /* USER CODE BEGIN Define */
  43:Applications/stm32f4xx_hal_msp.c ****  
  44:Applications/stm32f4xx_hal_msp.c **** /* USER CODE END Define */
  45:Applications/stm32f4xx_hal_msp.c **** 
  46:Applications/stm32f4xx_hal_msp.c **** /* Private macro -------------------------------------------------------------*/
  47:Applications/stm32f4xx_hal_msp.c **** /* USER CODE BEGIN Macro */
  48:Applications/stm32f4xx_hal_msp.c **** 
  49:Applications/stm32f4xx_hal_msp.c **** /* USER CODE END Macro */
  50:Applications/stm32f4xx_hal_msp.c **** 
  51:Applications/stm32f4xx_hal_msp.c **** /* Private variables ---------------------------------------------------------*/
  52:Applications/stm32f4xx_hal_msp.c **** /* USER CODE BEGIN PV */
  53:Applications/stm32f4xx_hal_msp.c **** 
  54:Applications/stm32f4xx_hal_msp.c **** /* USER CODE END PV */
  55:Applications/stm32f4xx_hal_msp.c **** 
  56:Applications/stm32f4xx_hal_msp.c **** /* Private function prototypes -----------------------------------------------*/
  57:Applications/stm32f4xx_hal_msp.c **** /* USER CODE BEGIN PFP */
  58:Applications/stm32f4xx_hal_msp.c **** 
  59:Applications/stm32f4xx_hal_msp.c **** /* USER CODE END PFP */
  60:Applications/stm32f4xx_hal_msp.c **** 
  61:Applications/stm32f4xx_hal_msp.c **** /* External functions --------------------------------------------------------*/
  62:Applications/stm32f4xx_hal_msp.c **** /* USER CODE BEGIN ExternalFunctions */
  63:Applications/stm32f4xx_hal_msp.c **** 
  64:Applications/stm32f4xx_hal_msp.c **** /* USER CODE END ExternalFunctions */
  65:Applications/stm32f4xx_hal_msp.c **** 
  66:Applications/stm32f4xx_hal_msp.c **** /* USER CODE BEGIN 0 */
  67:Applications/stm32f4xx_hal_msp.c **** 
  68:Applications/stm32f4xx_hal_msp.c **** /* USER CODE END 0 */
  69:Applications/stm32f4xx_hal_msp.c **** /**
  70:Applications/stm32f4xx_hal_msp.c ****   * Initializes the Global MSP.
  71:Applications/stm32f4xx_hal_msp.c ****   */
  72:Applications/stm32f4xx_hal_msp.c **** void HAL_MspInit(void)
  73:Applications/stm32f4xx_hal_msp.c **** {
  27              		.loc 1 73 1 view -0
  28              		.cfi_startproc
  29              		@ args = 0, pretend = 0, frame = 8
  30              		@ frame_needed = 0, uses_anonymous_args = 0
  31              		@ link register save eliminated.
  32 0000 82B0     		sub	sp, sp, #8
  33              	.LCFI0:
  34              		.cfi_def_cfa_offset 8
  74:Applications/stm32f4xx_hal_msp.c ****   /* USER CODE BEGIN MspInit 0 */
  75:Applications/stm32f4xx_hal_msp.c **** 
  76:Applications/stm32f4xx_hal_msp.c ****   /* USER CODE END MspInit 0 */
  77:Applications/stm32f4xx_hal_msp.c **** 
  78:Applications/stm32f4xx_hal_msp.c ****   __HAL_RCC_SYSCFG_CLK_ENABLE();
  35              		.loc 1 78 3 view .LVU1
  36              	.LBB2:
  37              		.loc 1 78 3 view .LVU2
ARM GAS  C:\Users\yzy\AppData\Local\Temp\ccDObu3g.s 			page 3


  38 0002 0021     		movs	r1, #0
  39 0004 0091     		str	r1, [sp]
  40              		.loc 1 78 3 view .LVU3
  41 0006 0B4B     		ldr	r3, .L3
  42 0008 5A6C     		ldr	r2, [r3, #68]
  43 000a 42F48042 		orr	r2, r2, #16384
  44 000e 5A64     		str	r2, [r3, #68]
  45              		.loc 1 78 3 view .LVU4
  46 0010 5A6C     		ldr	r2, [r3, #68]
  47 0012 02F48042 		and	r2, r2, #16384
  48 0016 0092     		str	r2, [sp]
  49              		.loc 1 78 3 view .LVU5
  50 0018 009A     		ldr	r2, [sp]
  51              	.LBE2:
  52              		.loc 1 78 3 view .LVU6
  79:Applications/stm32f4xx_hal_msp.c ****   __HAL_RCC_PWR_CLK_ENABLE();
  53              		.loc 1 79 3 view .LVU7
  54              	.LBB3:
  55              		.loc 1 79 3 view .LVU8
  56 001a 0191     		str	r1, [sp, #4]
  57              		.loc 1 79 3 view .LVU9
  58 001c 1A6C     		ldr	r2, [r3, #64]
  59 001e 42F08052 		orr	r2, r2, #268435456
  60 0022 1A64     		str	r2, [r3, #64]
  61              		.loc 1 79 3 view .LVU10
  62 0024 1B6C     		ldr	r3, [r3, #64]
  63 0026 03F08053 		and	r3, r3, #268435456
  64 002a 0193     		str	r3, [sp, #4]
  65              		.loc 1 79 3 view .LVU11
  66 002c 019B     		ldr	r3, [sp, #4]
  67              	.LBE3:
  68              		.loc 1 79 3 view .LVU12
  80:Applications/stm32f4xx_hal_msp.c **** 
  81:Applications/stm32f4xx_hal_msp.c ****   /* System interrupt init*/
  82:Applications/stm32f4xx_hal_msp.c **** 
  83:Applications/stm32f4xx_hal_msp.c ****   /* USER CODE BEGIN MspInit 1 */
  84:Applications/stm32f4xx_hal_msp.c **** 
  85:Applications/stm32f4xx_hal_msp.c ****   /* USER CODE END MspInit 1 */
  86:Applications/stm32f4xx_hal_msp.c **** }
  69              		.loc 1 86 1 is_stmt 0 view .LVU13
  70 002e 02B0     		add	sp, sp, #8
  71              	.LCFI1:
  72              		.cfi_def_cfa_offset 0
  73              		@ sp needed
  74 0030 7047     		bx	lr
  75              	.L4:
  76 0032 00BF     		.align	2
  77              	.L3:
  78 0034 00380240 		.word	1073887232
  79              		.cfi_endproc
  80              	.LFE130:
  82              		.text
  83              	.Letext0:
  84              		.file 2 "c:\\program files (x86)\\gnu arm embedded toolchain\\2020-q2-update\\arm-none-eabi\\inclu
  85              		.file 3 "c:\\program files (x86)\\gnu arm embedded toolchain\\2020-q2-update\\arm-none-eabi\\inclu
  86              		.file 4 "Libraries/CMSIS/Include/core_cm4.h"
  87              		.file 5 "Libraries/CMSIS/Device/ST/STM32F4xx/Include/system_stm32f4xx.h"
ARM GAS  C:\Users\yzy\AppData\Local\Temp\ccDObu3g.s 			page 4


  88              		.file 6 "Libraries/CMSIS/Device/ST/STM32F4xx/Include/stm32f407xx.h"
  89              		.file 7 "Libraries/STM32F4xx_HAL_Driver/Inc/stm32f4xx_hal.h"
ARM GAS  C:\Users\yzy\AppData\Local\Temp\ccDObu3g.s 			page 5


DEFINED SYMBOLS
                            *ABS*:00000000 stm32f4xx_hal_msp.c
C:\Users\yzy\AppData\Local\Temp\ccDObu3g.s:16     .text.HAL_MspInit:00000000 $t
C:\Users\yzy\AppData\Local\Temp\ccDObu3g.s:24     .text.HAL_MspInit:00000000 HAL_MspInit
C:\Users\yzy\AppData\Local\Temp\ccDObu3g.s:78     .text.HAL_MspInit:00000034 $d

NO UNDEFINED SYMBOLS
