ARM GAS  C:\Users\yzy\AppData\Local\Temp\ccjfL4EP.s 			page 1


   1              		.cpu cortex-m4
   2              		.eabi_attribute 20, 1
   3              		.eabi_attribute 21, 1
   4              		.eabi_attribute 23, 3
   5              		.eabi_attribute 24, 1
   6              		.eabi_attribute 25, 1
   7              		.eabi_attribute 26, 1
   8              		.eabi_attribute 30, 1
   9              		.eabi_attribute 34, 1
  10              		.eabi_attribute 18, 4
  11              		.file	"stm32f4xx_hal_iwdg.c"
  12              		.text
  13              	.Ltext0:
  14              		.cfi_sections	.debug_frame
  15              		.section	.text.HAL_IWDG_Init,"ax",%progbits
  16              		.align	1
  17              		.global	HAL_IWDG_Init
  18              		.arch armv7e-m
  19              		.syntax unified
  20              		.thumb
  21              		.thumb_func
  22              		.fpu softvfp
  24              	HAL_IWDG_Init:
  25              	.LVL0:
  26              	.LFB130:
  27              		.file 1 "Libraries/STM32F4xx_HAL_Driver/Src/stm32f4xx_hal_iwdg.c"
   1:Libraries/STM32F4xx_HAL_Driver/Src/stm32f4xx_hal_iwdg.c **** /**
   2:Libraries/STM32F4xx_HAL_Driver/Src/stm32f4xx_hal_iwdg.c ****   ******************************************************************************
   3:Libraries/STM32F4xx_HAL_Driver/Src/stm32f4xx_hal_iwdg.c ****   * @file    stm32f4xx_hal_iwdg.c
   4:Libraries/STM32F4xx_HAL_Driver/Src/stm32f4xx_hal_iwdg.c ****   * @author  MCD Application Team
   5:Libraries/STM32F4xx_HAL_Driver/Src/stm32f4xx_hal_iwdg.c ****   * @brief   IWDG HAL module driver.
   6:Libraries/STM32F4xx_HAL_Driver/Src/stm32f4xx_hal_iwdg.c ****   *          This file provides firmware functions to manage the following
   7:Libraries/STM32F4xx_HAL_Driver/Src/stm32f4xx_hal_iwdg.c ****   *          functionalities of the Independent Watchdog (IWDG) peripheral:
   8:Libraries/STM32F4xx_HAL_Driver/Src/stm32f4xx_hal_iwdg.c ****   *           + Initialization and Start functions
   9:Libraries/STM32F4xx_HAL_Driver/Src/stm32f4xx_hal_iwdg.c ****   *           + IO operation functions
  10:Libraries/STM32F4xx_HAL_Driver/Src/stm32f4xx_hal_iwdg.c ****   *
  11:Libraries/STM32F4xx_HAL_Driver/Src/stm32f4xx_hal_iwdg.c ****   @verbatim
  12:Libraries/STM32F4xx_HAL_Driver/Src/stm32f4xx_hal_iwdg.c ****   ==============================================================================
  13:Libraries/STM32F4xx_HAL_Driver/Src/stm32f4xx_hal_iwdg.c ****                     ##### IWDG Generic features #####
  14:Libraries/STM32F4xx_HAL_Driver/Src/stm32f4xx_hal_iwdg.c ****   ==============================================================================
  15:Libraries/STM32F4xx_HAL_Driver/Src/stm32f4xx_hal_iwdg.c ****   [..]
  16:Libraries/STM32F4xx_HAL_Driver/Src/stm32f4xx_hal_iwdg.c ****     (+) The IWDG can be started by either software or hardware (configurable
  17:Libraries/STM32F4xx_HAL_Driver/Src/stm32f4xx_hal_iwdg.c ****         through option byte).
  18:Libraries/STM32F4xx_HAL_Driver/Src/stm32f4xx_hal_iwdg.c **** 
  19:Libraries/STM32F4xx_HAL_Driver/Src/stm32f4xx_hal_iwdg.c ****     (+) The IWDG is clocked by Low-Speed clock (LSI) and thus stays active even
  20:Libraries/STM32F4xx_HAL_Driver/Src/stm32f4xx_hal_iwdg.c ****         if the main clock fails.
  21:Libraries/STM32F4xx_HAL_Driver/Src/stm32f4xx_hal_iwdg.c **** 
  22:Libraries/STM32F4xx_HAL_Driver/Src/stm32f4xx_hal_iwdg.c ****     (+) Once the IWDG is started, the LSI is forced ON and both can not be
  23:Libraries/STM32F4xx_HAL_Driver/Src/stm32f4xx_hal_iwdg.c ****         disabled. The counter starts counting down from the reset value (0xFFF).
  24:Libraries/STM32F4xx_HAL_Driver/Src/stm32f4xx_hal_iwdg.c ****         When it reaches the end of count value (0x000) a reset signal is
  25:Libraries/STM32F4xx_HAL_Driver/Src/stm32f4xx_hal_iwdg.c ****         generated (IWDG reset).
  26:Libraries/STM32F4xx_HAL_Driver/Src/stm32f4xx_hal_iwdg.c **** 
  27:Libraries/STM32F4xx_HAL_Driver/Src/stm32f4xx_hal_iwdg.c ****     (+) Whenever the key value 0x0000 AAAA is written in the IWDG_KR register,
  28:Libraries/STM32F4xx_HAL_Driver/Src/stm32f4xx_hal_iwdg.c ****         the IWDG_RLR value is reloaded in the counter and the watchdog reset is
  29:Libraries/STM32F4xx_HAL_Driver/Src/stm32f4xx_hal_iwdg.c ****         prevented.
  30:Libraries/STM32F4xx_HAL_Driver/Src/stm32f4xx_hal_iwdg.c **** 
  31:Libraries/STM32F4xx_HAL_Driver/Src/stm32f4xx_hal_iwdg.c ****     (+) The IWDG is implemented in the VDD voltage domain that is still functional
ARM GAS  C:\Users\yzy\AppData\Local\Temp\ccjfL4EP.s 			page 2


  32:Libraries/STM32F4xx_HAL_Driver/Src/stm32f4xx_hal_iwdg.c ****         in STOP and STANDBY mode (IWDG reset can wake-up from STANDBY).
  33:Libraries/STM32F4xx_HAL_Driver/Src/stm32f4xx_hal_iwdg.c ****         IWDGRST flag in RCC_CSR register can be used to inform when an IWDG
  34:Libraries/STM32F4xx_HAL_Driver/Src/stm32f4xx_hal_iwdg.c ****         reset occurs.
  35:Libraries/STM32F4xx_HAL_Driver/Src/stm32f4xx_hal_iwdg.c **** 
  36:Libraries/STM32F4xx_HAL_Driver/Src/stm32f4xx_hal_iwdg.c ****     (+) Debug mode : When the microcontroller enters debug mode (core halted),
  37:Libraries/STM32F4xx_HAL_Driver/Src/stm32f4xx_hal_iwdg.c ****         the IWDG counter either continues to work normally or stops, depending
  38:Libraries/STM32F4xx_HAL_Driver/Src/stm32f4xx_hal_iwdg.c ****         on DBG_IWDG_STOP configuration bit in DBG module, accessible through
  39:Libraries/STM32F4xx_HAL_Driver/Src/stm32f4xx_hal_iwdg.c ****         __HAL_DBGMCU_FREEZE_IWDG() and __HAL_DBGMCU_UNFREEZE_IWDG() macros.
  40:Libraries/STM32F4xx_HAL_Driver/Src/stm32f4xx_hal_iwdg.c **** 
  41:Libraries/STM32F4xx_HAL_Driver/Src/stm32f4xx_hal_iwdg.c ****     [..] Min-max timeout value @32KHz (LSI): ~125us / ~32.7s
  42:Libraries/STM32F4xx_HAL_Driver/Src/stm32f4xx_hal_iwdg.c ****          The IWDG timeout may vary due to LSI frequency dispersion. STM32F4xx
  43:Libraries/STM32F4xx_HAL_Driver/Src/stm32f4xx_hal_iwdg.c ****          devices provide the capability to measure the LSI frequency (LSI clock
  44:Libraries/STM32F4xx_HAL_Driver/Src/stm32f4xx_hal_iwdg.c ****          connected internally to TIM5 CH4 input capture). The measured value
  45:Libraries/STM32F4xx_HAL_Driver/Src/stm32f4xx_hal_iwdg.c ****          can be used to have an IWDG timeout with an acceptable accuracy.
  46:Libraries/STM32F4xx_HAL_Driver/Src/stm32f4xx_hal_iwdg.c **** 
  47:Libraries/STM32F4xx_HAL_Driver/Src/stm32f4xx_hal_iwdg.c ****                      ##### How to use this driver #####
  48:Libraries/STM32F4xx_HAL_Driver/Src/stm32f4xx_hal_iwdg.c ****   ==============================================================================
  49:Libraries/STM32F4xx_HAL_Driver/Src/stm32f4xx_hal_iwdg.c ****   [..]
  50:Libraries/STM32F4xx_HAL_Driver/Src/stm32f4xx_hal_iwdg.c ****     (#) Use IWDG using HAL_IWDG_Init() function to :
  51:Libraries/STM32F4xx_HAL_Driver/Src/stm32f4xx_hal_iwdg.c ****       (++) Enable instance by writing Start keyword in IWDG_KEY register. LSI
  52:Libraries/STM32F4xx_HAL_Driver/Src/stm32f4xx_hal_iwdg.c ****            clock is forced ON and IWDG counter starts counting down.
  53:Libraries/STM32F4xx_HAL_Driver/Src/stm32f4xx_hal_iwdg.c ****       (++) Enable write access to configuration registers:
  54:Libraries/STM32F4xx_HAL_Driver/Src/stm32f4xx_hal_iwdg.c ****           IWDG_PR and IWDG_RLR.
  55:Libraries/STM32F4xx_HAL_Driver/Src/stm32f4xx_hal_iwdg.c ****       (++) Configure the IWDG prescaler and counter reload value. This reload
  56:Libraries/STM32F4xx_HAL_Driver/Src/stm32f4xx_hal_iwdg.c ****            value will be loaded in the IWDG counter each time the watchdog is
  57:Libraries/STM32F4xx_HAL_Driver/Src/stm32f4xx_hal_iwdg.c ****            reloaded, then the IWDG will start counting down from this value.
  58:Libraries/STM32F4xx_HAL_Driver/Src/stm32f4xx_hal_iwdg.c ****       (++) Wait for status flags to be reset.
  59:Libraries/STM32F4xx_HAL_Driver/Src/stm32f4xx_hal_iwdg.c **** 
  60:Libraries/STM32F4xx_HAL_Driver/Src/stm32f4xx_hal_iwdg.c ****     (#) Then the application program must refresh the IWDG counter at regular
  61:Libraries/STM32F4xx_HAL_Driver/Src/stm32f4xx_hal_iwdg.c ****         intervals during normal operation to prevent an MCU reset, using
  62:Libraries/STM32F4xx_HAL_Driver/Src/stm32f4xx_hal_iwdg.c ****         HAL_IWDG_Refresh() function.
  63:Libraries/STM32F4xx_HAL_Driver/Src/stm32f4xx_hal_iwdg.c **** 
  64:Libraries/STM32F4xx_HAL_Driver/Src/stm32f4xx_hal_iwdg.c ****      *** IWDG HAL driver macros list ***
  65:Libraries/STM32F4xx_HAL_Driver/Src/stm32f4xx_hal_iwdg.c ****      ====================================
  66:Libraries/STM32F4xx_HAL_Driver/Src/stm32f4xx_hal_iwdg.c ****      [..]
  67:Libraries/STM32F4xx_HAL_Driver/Src/stm32f4xx_hal_iwdg.c ****        Below the list of most used macros in IWDG HAL driver:
  68:Libraries/STM32F4xx_HAL_Driver/Src/stm32f4xx_hal_iwdg.c ****       (+) __HAL_IWDG_START: Enable the IWDG peripheral
  69:Libraries/STM32F4xx_HAL_Driver/Src/stm32f4xx_hal_iwdg.c ****       (+) __HAL_IWDG_RELOAD_COUNTER: Reloads IWDG counter with value defined in
  70:Libraries/STM32F4xx_HAL_Driver/Src/stm32f4xx_hal_iwdg.c ****           the reload register
  71:Libraries/STM32F4xx_HAL_Driver/Src/stm32f4xx_hal_iwdg.c **** 
  72:Libraries/STM32F4xx_HAL_Driver/Src/stm32f4xx_hal_iwdg.c ****   @endverbatim
  73:Libraries/STM32F4xx_HAL_Driver/Src/stm32f4xx_hal_iwdg.c ****   ******************************************************************************
  74:Libraries/STM32F4xx_HAL_Driver/Src/stm32f4xx_hal_iwdg.c ****   * @attention
  75:Libraries/STM32F4xx_HAL_Driver/Src/stm32f4xx_hal_iwdg.c ****   *
  76:Libraries/STM32F4xx_HAL_Driver/Src/stm32f4xx_hal_iwdg.c ****   * <h2><center>&copy; Copyright (c) 2016 STMicroelectronics.
  77:Libraries/STM32F4xx_HAL_Driver/Src/stm32f4xx_hal_iwdg.c ****   * All rights reserved.</center></h2>
  78:Libraries/STM32F4xx_HAL_Driver/Src/stm32f4xx_hal_iwdg.c ****   *
  79:Libraries/STM32F4xx_HAL_Driver/Src/stm32f4xx_hal_iwdg.c ****   * This software component is licensed by ST under BSD 3-Clause license,
  80:Libraries/STM32F4xx_HAL_Driver/Src/stm32f4xx_hal_iwdg.c ****   * the "License"; You may not use this file except in compliance with the
  81:Libraries/STM32F4xx_HAL_Driver/Src/stm32f4xx_hal_iwdg.c ****   * License. You may obtain a copy of the License at:
  82:Libraries/STM32F4xx_HAL_Driver/Src/stm32f4xx_hal_iwdg.c ****   *                        opensource.org/licenses/BSD-3-Clause
  83:Libraries/STM32F4xx_HAL_Driver/Src/stm32f4xx_hal_iwdg.c ****   *
  84:Libraries/STM32F4xx_HAL_Driver/Src/stm32f4xx_hal_iwdg.c ****   ******************************************************************************
  85:Libraries/STM32F4xx_HAL_Driver/Src/stm32f4xx_hal_iwdg.c ****   */
  86:Libraries/STM32F4xx_HAL_Driver/Src/stm32f4xx_hal_iwdg.c **** 
  87:Libraries/STM32F4xx_HAL_Driver/Src/stm32f4xx_hal_iwdg.c **** /* Includes ------------------------------------------------------------------*/
  88:Libraries/STM32F4xx_HAL_Driver/Src/stm32f4xx_hal_iwdg.c **** #include "stm32f4xx_hal.h"
ARM GAS  C:\Users\yzy\AppData\Local\Temp\ccjfL4EP.s 			page 3


  89:Libraries/STM32F4xx_HAL_Driver/Src/stm32f4xx_hal_iwdg.c **** 
  90:Libraries/STM32F4xx_HAL_Driver/Src/stm32f4xx_hal_iwdg.c **** /** @addtogroup STM32F4xx_HAL_Driver
  91:Libraries/STM32F4xx_HAL_Driver/Src/stm32f4xx_hal_iwdg.c ****   * @{
  92:Libraries/STM32F4xx_HAL_Driver/Src/stm32f4xx_hal_iwdg.c ****   */
  93:Libraries/STM32F4xx_HAL_Driver/Src/stm32f4xx_hal_iwdg.c **** 
  94:Libraries/STM32F4xx_HAL_Driver/Src/stm32f4xx_hal_iwdg.c **** #ifdef HAL_IWDG_MODULE_ENABLED
  95:Libraries/STM32F4xx_HAL_Driver/Src/stm32f4xx_hal_iwdg.c **** /** @addtogroup IWDG
  96:Libraries/STM32F4xx_HAL_Driver/Src/stm32f4xx_hal_iwdg.c ****   * @brief IWDG HAL module driver.
  97:Libraries/STM32F4xx_HAL_Driver/Src/stm32f4xx_hal_iwdg.c ****   * @{
  98:Libraries/STM32F4xx_HAL_Driver/Src/stm32f4xx_hal_iwdg.c ****   */
  99:Libraries/STM32F4xx_HAL_Driver/Src/stm32f4xx_hal_iwdg.c **** 
 100:Libraries/STM32F4xx_HAL_Driver/Src/stm32f4xx_hal_iwdg.c **** /* Private typedef -----------------------------------------------------------*/
 101:Libraries/STM32F4xx_HAL_Driver/Src/stm32f4xx_hal_iwdg.c **** /* Private define ------------------------------------------------------------*/
 102:Libraries/STM32F4xx_HAL_Driver/Src/stm32f4xx_hal_iwdg.c **** /** @defgroup IWDG_Private_Defines IWDG Private Defines
 103:Libraries/STM32F4xx_HAL_Driver/Src/stm32f4xx_hal_iwdg.c ****   * @{
 104:Libraries/STM32F4xx_HAL_Driver/Src/stm32f4xx_hal_iwdg.c ****   */
 105:Libraries/STM32F4xx_HAL_Driver/Src/stm32f4xx_hal_iwdg.c **** /* Status register need 5 RC LSI divided by prescaler clock to be updated. With
 106:Libraries/STM32F4xx_HAL_Driver/Src/stm32f4xx_hal_iwdg.c ****    higher prescaler (256), and according to LSI variation, we need to wait at
 107:Libraries/STM32F4xx_HAL_Driver/Src/stm32f4xx_hal_iwdg.c ****    least 6 cycles so 48 ms. */
 108:Libraries/STM32F4xx_HAL_Driver/Src/stm32f4xx_hal_iwdg.c **** #define HAL_IWDG_DEFAULT_TIMEOUT            48u
 109:Libraries/STM32F4xx_HAL_Driver/Src/stm32f4xx_hal_iwdg.c **** /**
 110:Libraries/STM32F4xx_HAL_Driver/Src/stm32f4xx_hal_iwdg.c ****   * @}
 111:Libraries/STM32F4xx_HAL_Driver/Src/stm32f4xx_hal_iwdg.c ****   */
 112:Libraries/STM32F4xx_HAL_Driver/Src/stm32f4xx_hal_iwdg.c **** 
 113:Libraries/STM32F4xx_HAL_Driver/Src/stm32f4xx_hal_iwdg.c **** /* Private macro -------------------------------------------------------------*/
 114:Libraries/STM32F4xx_HAL_Driver/Src/stm32f4xx_hal_iwdg.c **** /* Private variables ---------------------------------------------------------*/
 115:Libraries/STM32F4xx_HAL_Driver/Src/stm32f4xx_hal_iwdg.c **** /* Private function prototypes -----------------------------------------------*/
 116:Libraries/STM32F4xx_HAL_Driver/Src/stm32f4xx_hal_iwdg.c **** /* Exported functions --------------------------------------------------------*/
 117:Libraries/STM32F4xx_HAL_Driver/Src/stm32f4xx_hal_iwdg.c **** 
 118:Libraries/STM32F4xx_HAL_Driver/Src/stm32f4xx_hal_iwdg.c **** /** @addtogroup IWDG_Exported_Functions
 119:Libraries/STM32F4xx_HAL_Driver/Src/stm32f4xx_hal_iwdg.c ****   * @{
 120:Libraries/STM32F4xx_HAL_Driver/Src/stm32f4xx_hal_iwdg.c ****   */
 121:Libraries/STM32F4xx_HAL_Driver/Src/stm32f4xx_hal_iwdg.c **** 
 122:Libraries/STM32F4xx_HAL_Driver/Src/stm32f4xx_hal_iwdg.c **** /** @addtogroup IWDG_Exported_Functions_Group1
 123:Libraries/STM32F4xx_HAL_Driver/Src/stm32f4xx_hal_iwdg.c ****   *  @brief    Initialization and Start functions.
 124:Libraries/STM32F4xx_HAL_Driver/Src/stm32f4xx_hal_iwdg.c ****   *
 125:Libraries/STM32F4xx_HAL_Driver/Src/stm32f4xx_hal_iwdg.c **** @verbatim
 126:Libraries/STM32F4xx_HAL_Driver/Src/stm32f4xx_hal_iwdg.c ****  ===============================================================================
 127:Libraries/STM32F4xx_HAL_Driver/Src/stm32f4xx_hal_iwdg.c ****           ##### Initialization and Start functions #####
 128:Libraries/STM32F4xx_HAL_Driver/Src/stm32f4xx_hal_iwdg.c ****  ===============================================================================
 129:Libraries/STM32F4xx_HAL_Driver/Src/stm32f4xx_hal_iwdg.c ****  [..]  This section provides functions allowing to:
 130:Libraries/STM32F4xx_HAL_Driver/Src/stm32f4xx_hal_iwdg.c ****       (+) Initialize the IWDG according to the specified parameters in the
 131:Libraries/STM32F4xx_HAL_Driver/Src/stm32f4xx_hal_iwdg.c ****           IWDG_InitTypeDef of associated handle.
 132:Libraries/STM32F4xx_HAL_Driver/Src/stm32f4xx_hal_iwdg.c ****       (+) Once initialization is performed in HAL_IWDG_Init function, Watchdog
 133:Libraries/STM32F4xx_HAL_Driver/Src/stm32f4xx_hal_iwdg.c ****           is reloaded in order to exit function with correct time base.
 134:Libraries/STM32F4xx_HAL_Driver/Src/stm32f4xx_hal_iwdg.c **** 
 135:Libraries/STM32F4xx_HAL_Driver/Src/stm32f4xx_hal_iwdg.c **** @endverbatim
 136:Libraries/STM32F4xx_HAL_Driver/Src/stm32f4xx_hal_iwdg.c ****   * @{
 137:Libraries/STM32F4xx_HAL_Driver/Src/stm32f4xx_hal_iwdg.c ****   */
 138:Libraries/STM32F4xx_HAL_Driver/Src/stm32f4xx_hal_iwdg.c **** 
 139:Libraries/STM32F4xx_HAL_Driver/Src/stm32f4xx_hal_iwdg.c **** /**
 140:Libraries/STM32F4xx_HAL_Driver/Src/stm32f4xx_hal_iwdg.c ****   * @brief  Initialize the IWDG according to the specified parameters in the
 141:Libraries/STM32F4xx_HAL_Driver/Src/stm32f4xx_hal_iwdg.c ****   *         IWDG_InitTypeDef and start watchdog. Before exiting function,
 142:Libraries/STM32F4xx_HAL_Driver/Src/stm32f4xx_hal_iwdg.c ****   *         watchdog is refreshed in order to have correct time base.
 143:Libraries/STM32F4xx_HAL_Driver/Src/stm32f4xx_hal_iwdg.c ****   * @param  hiwdg  pointer to a IWDG_HandleTypeDef structure that contains
 144:Libraries/STM32F4xx_HAL_Driver/Src/stm32f4xx_hal_iwdg.c ****   *                the configuration information for the specified IWDG module.
 145:Libraries/STM32F4xx_HAL_Driver/Src/stm32f4xx_hal_iwdg.c ****   * @retval HAL status
ARM GAS  C:\Users\yzy\AppData\Local\Temp\ccjfL4EP.s 			page 4


 146:Libraries/STM32F4xx_HAL_Driver/Src/stm32f4xx_hal_iwdg.c ****   */
 147:Libraries/STM32F4xx_HAL_Driver/Src/stm32f4xx_hal_iwdg.c **** HAL_StatusTypeDef HAL_IWDG_Init(IWDG_HandleTypeDef *hiwdg)
 148:Libraries/STM32F4xx_HAL_Driver/Src/stm32f4xx_hal_iwdg.c **** {
  28              		.loc 1 148 1 view -0
  29              		.cfi_startproc
  30              		@ args = 0, pretend = 0, frame = 0
  31              		@ frame_needed = 0, uses_anonymous_args = 0
 149:Libraries/STM32F4xx_HAL_Driver/Src/stm32f4xx_hal_iwdg.c ****   uint32_t tickstart;
  32              		.loc 1 149 3 view .LVU1
 150:Libraries/STM32F4xx_HAL_Driver/Src/stm32f4xx_hal_iwdg.c **** 
 151:Libraries/STM32F4xx_HAL_Driver/Src/stm32f4xx_hal_iwdg.c ****   /* Check the IWDG handle allocation */
 152:Libraries/STM32F4xx_HAL_Driver/Src/stm32f4xx_hal_iwdg.c ****   if (hiwdg == NULL)
  33              		.loc 1 152 3 view .LVU2
  34              		.loc 1 152 6 is_stmt 0 view .LVU3
  35 0000 08B3     		cbz	r0, .L5
 148:Libraries/STM32F4xx_HAL_Driver/Src/stm32f4xx_hal_iwdg.c ****   uint32_t tickstart;
  36              		.loc 1 148 1 view .LVU4
  37 0002 38B5     		push	{r3, r4, r5, lr}
  38              	.LCFI0:
  39              		.cfi_def_cfa_offset 16
  40              		.cfi_offset 3, -16
  41              		.cfi_offset 4, -12
  42              		.cfi_offset 5, -8
  43              		.cfi_offset 14, -4
  44 0004 0446     		mov	r4, r0
 153:Libraries/STM32F4xx_HAL_Driver/Src/stm32f4xx_hal_iwdg.c ****   {
 154:Libraries/STM32F4xx_HAL_Driver/Src/stm32f4xx_hal_iwdg.c ****     return HAL_ERROR;
 155:Libraries/STM32F4xx_HAL_Driver/Src/stm32f4xx_hal_iwdg.c ****   }
 156:Libraries/STM32F4xx_HAL_Driver/Src/stm32f4xx_hal_iwdg.c **** 
 157:Libraries/STM32F4xx_HAL_Driver/Src/stm32f4xx_hal_iwdg.c ****   /* Check the parameters */
 158:Libraries/STM32F4xx_HAL_Driver/Src/stm32f4xx_hal_iwdg.c ****   assert_param(IS_IWDG_ALL_INSTANCE(hiwdg->Instance));
  45              		.loc 1 158 3 is_stmt 1 view .LVU5
 159:Libraries/STM32F4xx_HAL_Driver/Src/stm32f4xx_hal_iwdg.c ****   assert_param(IS_IWDG_PRESCALER(hiwdg->Init.Prescaler));
  46              		.loc 1 159 3 view .LVU6
 160:Libraries/STM32F4xx_HAL_Driver/Src/stm32f4xx_hal_iwdg.c ****   assert_param(IS_IWDG_RELOAD(hiwdg->Init.Reload));
  47              		.loc 1 160 3 view .LVU7
 161:Libraries/STM32F4xx_HAL_Driver/Src/stm32f4xx_hal_iwdg.c **** 
 162:Libraries/STM32F4xx_HAL_Driver/Src/stm32f4xx_hal_iwdg.c ****   /* Enable IWDG. LSI is turned on automatically */
 163:Libraries/STM32F4xx_HAL_Driver/Src/stm32f4xx_hal_iwdg.c ****   __HAL_IWDG_START(hiwdg);
  48              		.loc 1 163 3 view .LVU8
  49 0006 0368     		ldr	r3, [r0]
  50 0008 4CF6CC42 		movw	r2, #52428
  51 000c 1A60     		str	r2, [r3]
 164:Libraries/STM32F4xx_HAL_Driver/Src/stm32f4xx_hal_iwdg.c **** 
 165:Libraries/STM32F4xx_HAL_Driver/Src/stm32f4xx_hal_iwdg.c ****   /* Enable write access to IWDG_PR and IWDG_RLR registers by writing
 166:Libraries/STM32F4xx_HAL_Driver/Src/stm32f4xx_hal_iwdg.c ****   0x5555 in KR */
 167:Libraries/STM32F4xx_HAL_Driver/Src/stm32f4xx_hal_iwdg.c ****   IWDG_ENABLE_WRITE_ACCESS(hiwdg);
  52              		.loc 1 167 3 view .LVU9
  53 000e 0368     		ldr	r3, [r0]
  54 0010 45F25552 		movw	r2, #21845
  55 0014 1A60     		str	r2, [r3]
 168:Libraries/STM32F4xx_HAL_Driver/Src/stm32f4xx_hal_iwdg.c **** 
 169:Libraries/STM32F4xx_HAL_Driver/Src/stm32f4xx_hal_iwdg.c ****   /* Write to IWDG registers the Prescaler & Reload values to work with */
 170:Libraries/STM32F4xx_HAL_Driver/Src/stm32f4xx_hal_iwdg.c ****   hiwdg->Instance->PR = hiwdg->Init.Prescaler;
  56              		.loc 1 170 3 view .LVU10
  57              		.loc 1 170 8 is_stmt 0 view .LVU11
  58 0016 0368     		ldr	r3, [r0]
ARM GAS  C:\Users\yzy\AppData\Local\Temp\ccjfL4EP.s 			page 5


  59              		.loc 1 170 36 view .LVU12
  60 0018 4268     		ldr	r2, [r0, #4]
  61              		.loc 1 170 23 view .LVU13
  62 001a 5A60     		str	r2, [r3, #4]
 171:Libraries/STM32F4xx_HAL_Driver/Src/stm32f4xx_hal_iwdg.c ****   hiwdg->Instance->RLR = hiwdg->Init.Reload;
  63              		.loc 1 171 3 is_stmt 1 view .LVU14
  64              		.loc 1 171 8 is_stmt 0 view .LVU15
  65 001c 0368     		ldr	r3, [r0]
  66              		.loc 1 171 37 view .LVU16
  67 001e 8268     		ldr	r2, [r0, #8]
  68              		.loc 1 171 24 view .LVU17
  69 0020 9A60     		str	r2, [r3, #8]
 172:Libraries/STM32F4xx_HAL_Driver/Src/stm32f4xx_hal_iwdg.c **** 
 173:Libraries/STM32F4xx_HAL_Driver/Src/stm32f4xx_hal_iwdg.c ****   /* Check pending flag, if previous update not done, return timeout */
 174:Libraries/STM32F4xx_HAL_Driver/Src/stm32f4xx_hal_iwdg.c ****   tickstart = HAL_GetTick();
  70              		.loc 1 174 3 is_stmt 1 view .LVU18
  71              		.loc 1 174 15 is_stmt 0 view .LVU19
  72 0022 FFF7FEFF 		bl	HAL_GetTick
  73              	.LVL1:
  74              		.loc 1 174 15 view .LVU20
  75 0026 0546     		mov	r5, r0
  76              	.LVL2:
 175:Libraries/STM32F4xx_HAL_Driver/Src/stm32f4xx_hal_iwdg.c **** 
 176:Libraries/STM32F4xx_HAL_Driver/Src/stm32f4xx_hal_iwdg.c ****   /* Wait for register to be updated */
 177:Libraries/STM32F4xx_HAL_Driver/Src/stm32f4xx_hal_iwdg.c ****   while (hiwdg->Instance->SR != 0x00u)
  77              		.loc 1 177 3 is_stmt 1 view .LVU21
  78              	.L3:
  79              		.loc 1 177 9 view .LVU22
  80              		.loc 1 177 15 is_stmt 0 view .LVU23
  81 0028 2368     		ldr	r3, [r4]
  82              		.loc 1 177 25 view .LVU24
  83 002a DA68     		ldr	r2, [r3, #12]
  84              		.loc 1 177 9 view .LVU25
  85 002c 32B1     		cbz	r2, .L11
 178:Libraries/STM32F4xx_HAL_Driver/Src/stm32f4xx_hal_iwdg.c ****   {
 179:Libraries/STM32F4xx_HAL_Driver/Src/stm32f4xx_hal_iwdg.c ****     if ((HAL_GetTick() - tickstart) > HAL_IWDG_DEFAULT_TIMEOUT)
  86              		.loc 1 179 5 is_stmt 1 view .LVU26
  87              		.loc 1 179 10 is_stmt 0 view .LVU27
  88 002e FFF7FEFF 		bl	HAL_GetTick
  89              	.LVL3:
  90              		.loc 1 179 24 view .LVU28
  91 0032 401B     		subs	r0, r0, r5
  92              		.loc 1 179 8 view .LVU29
  93 0034 3028     		cmp	r0, #48
  94 0036 F7D9     		bls	.L3
 180:Libraries/STM32F4xx_HAL_Driver/Src/stm32f4xx_hal_iwdg.c ****     {
 181:Libraries/STM32F4xx_HAL_Driver/Src/stm32f4xx_hal_iwdg.c ****       return HAL_TIMEOUT;
  95              		.loc 1 181 14 view .LVU30
  96 0038 0320     		movs	r0, #3
  97 003a 03E0     		b	.L2
  98              	.L11:
 182:Libraries/STM32F4xx_HAL_Driver/Src/stm32f4xx_hal_iwdg.c ****     }
 183:Libraries/STM32F4xx_HAL_Driver/Src/stm32f4xx_hal_iwdg.c ****   }
 184:Libraries/STM32F4xx_HAL_Driver/Src/stm32f4xx_hal_iwdg.c **** 
 185:Libraries/STM32F4xx_HAL_Driver/Src/stm32f4xx_hal_iwdg.c ****   /* Reload IWDG counter with value defined in the reload register */
 186:Libraries/STM32F4xx_HAL_Driver/Src/stm32f4xx_hal_iwdg.c ****   __HAL_IWDG_RELOAD_COUNTER(hiwdg);
  99              		.loc 1 186 3 is_stmt 1 view .LVU31
ARM GAS  C:\Users\yzy\AppData\Local\Temp\ccjfL4EP.s 			page 6


 100 003c 4AF6AA22 		movw	r2, #43690
 101 0040 1A60     		str	r2, [r3]
 187:Libraries/STM32F4xx_HAL_Driver/Src/stm32f4xx_hal_iwdg.c **** 
 188:Libraries/STM32F4xx_HAL_Driver/Src/stm32f4xx_hal_iwdg.c ****   /* Return function status */
 189:Libraries/STM32F4xx_HAL_Driver/Src/stm32f4xx_hal_iwdg.c ****   return HAL_OK;
 102              		.loc 1 189 3 view .LVU32
 103              		.loc 1 189 10 is_stmt 0 view .LVU33
 104 0042 0020     		movs	r0, #0
 105              	.L2:
 190:Libraries/STM32F4xx_HAL_Driver/Src/stm32f4xx_hal_iwdg.c **** }
 106              		.loc 1 190 1 view .LVU34
 107 0044 38BD     		pop	{r3, r4, r5, pc}
 108              	.LVL4:
 109              	.L5:
 110              	.LCFI1:
 111              		.cfi_def_cfa_offset 0
 112              		.cfi_restore 3
 113              		.cfi_restore 4
 114              		.cfi_restore 5
 115              		.cfi_restore 14
 154:Libraries/STM32F4xx_HAL_Driver/Src/stm32f4xx_hal_iwdg.c ****   }
 116              		.loc 1 154 12 view .LVU35
 117 0046 0120     		movs	r0, #1
 118              	.LVL5:
 119              		.loc 1 190 1 view .LVU36
 120 0048 7047     		bx	lr
 121              		.cfi_endproc
 122              	.LFE130:
 124              		.section	.text.HAL_IWDG_Refresh,"ax",%progbits
 125              		.align	1
 126              		.global	HAL_IWDG_Refresh
 127              		.syntax unified
 128              		.thumb
 129              		.thumb_func
 130              		.fpu softvfp
 132              	HAL_IWDG_Refresh:
 133              	.LVL6:
 134              	.LFB131:
 191:Libraries/STM32F4xx_HAL_Driver/Src/stm32f4xx_hal_iwdg.c **** 
 192:Libraries/STM32F4xx_HAL_Driver/Src/stm32f4xx_hal_iwdg.c **** /**
 193:Libraries/STM32F4xx_HAL_Driver/Src/stm32f4xx_hal_iwdg.c ****   * @}
 194:Libraries/STM32F4xx_HAL_Driver/Src/stm32f4xx_hal_iwdg.c ****   */
 195:Libraries/STM32F4xx_HAL_Driver/Src/stm32f4xx_hal_iwdg.c **** 
 196:Libraries/STM32F4xx_HAL_Driver/Src/stm32f4xx_hal_iwdg.c **** 
 197:Libraries/STM32F4xx_HAL_Driver/Src/stm32f4xx_hal_iwdg.c **** /** @addtogroup IWDG_Exported_Functions_Group2
 198:Libraries/STM32F4xx_HAL_Driver/Src/stm32f4xx_hal_iwdg.c ****   *  @brief   IO operation functions
 199:Libraries/STM32F4xx_HAL_Driver/Src/stm32f4xx_hal_iwdg.c ****   *
 200:Libraries/STM32F4xx_HAL_Driver/Src/stm32f4xx_hal_iwdg.c **** @verbatim
 201:Libraries/STM32F4xx_HAL_Driver/Src/stm32f4xx_hal_iwdg.c ****  ===============================================================================
 202:Libraries/STM32F4xx_HAL_Driver/Src/stm32f4xx_hal_iwdg.c ****                       ##### IO operation functions #####
 203:Libraries/STM32F4xx_HAL_Driver/Src/stm32f4xx_hal_iwdg.c ****  ===============================================================================
 204:Libraries/STM32F4xx_HAL_Driver/Src/stm32f4xx_hal_iwdg.c ****  [..]  This section provides functions allowing to:
 205:Libraries/STM32F4xx_HAL_Driver/Src/stm32f4xx_hal_iwdg.c ****       (+) Refresh the IWDG.
 206:Libraries/STM32F4xx_HAL_Driver/Src/stm32f4xx_hal_iwdg.c **** 
 207:Libraries/STM32F4xx_HAL_Driver/Src/stm32f4xx_hal_iwdg.c **** @endverbatim
 208:Libraries/STM32F4xx_HAL_Driver/Src/stm32f4xx_hal_iwdg.c ****   * @{
 209:Libraries/STM32F4xx_HAL_Driver/Src/stm32f4xx_hal_iwdg.c ****   */
ARM GAS  C:\Users\yzy\AppData\Local\Temp\ccjfL4EP.s 			page 7


 210:Libraries/STM32F4xx_HAL_Driver/Src/stm32f4xx_hal_iwdg.c **** 
 211:Libraries/STM32F4xx_HAL_Driver/Src/stm32f4xx_hal_iwdg.c **** 
 212:Libraries/STM32F4xx_HAL_Driver/Src/stm32f4xx_hal_iwdg.c **** /**
 213:Libraries/STM32F4xx_HAL_Driver/Src/stm32f4xx_hal_iwdg.c ****   * @brief  Refresh the IWDG.
 214:Libraries/STM32F4xx_HAL_Driver/Src/stm32f4xx_hal_iwdg.c ****   * @param  hiwdg  pointer to a IWDG_HandleTypeDef structure that contains
 215:Libraries/STM32F4xx_HAL_Driver/Src/stm32f4xx_hal_iwdg.c ****   *                the configuration information for the specified IWDG module.
 216:Libraries/STM32F4xx_HAL_Driver/Src/stm32f4xx_hal_iwdg.c ****   * @retval HAL status
 217:Libraries/STM32F4xx_HAL_Driver/Src/stm32f4xx_hal_iwdg.c ****   */
 218:Libraries/STM32F4xx_HAL_Driver/Src/stm32f4xx_hal_iwdg.c **** HAL_StatusTypeDef HAL_IWDG_Refresh(IWDG_HandleTypeDef *hiwdg)
 219:Libraries/STM32F4xx_HAL_Driver/Src/stm32f4xx_hal_iwdg.c **** {
 135              		.loc 1 219 1 is_stmt 1 view -0
 136              		.cfi_startproc
 137              		@ args = 0, pretend = 0, frame = 0
 138              		@ frame_needed = 0, uses_anonymous_args = 0
 139              		@ link register save eliminated.
 220:Libraries/STM32F4xx_HAL_Driver/Src/stm32f4xx_hal_iwdg.c ****   /* Reload IWDG counter with value defined in the reload register */
 221:Libraries/STM32F4xx_HAL_Driver/Src/stm32f4xx_hal_iwdg.c ****   __HAL_IWDG_RELOAD_COUNTER(hiwdg);
 140              		.loc 1 221 3 view .LVU38
 141 0000 0368     		ldr	r3, [r0]
 142 0002 4AF6AA22 		movw	r2, #43690
 143 0006 1A60     		str	r2, [r3]
 222:Libraries/STM32F4xx_HAL_Driver/Src/stm32f4xx_hal_iwdg.c **** 
 223:Libraries/STM32F4xx_HAL_Driver/Src/stm32f4xx_hal_iwdg.c ****   /* Return function status */
 224:Libraries/STM32F4xx_HAL_Driver/Src/stm32f4xx_hal_iwdg.c ****   return HAL_OK;
 144              		.loc 1 224 3 view .LVU39
 225:Libraries/STM32F4xx_HAL_Driver/Src/stm32f4xx_hal_iwdg.c **** }
 145              		.loc 1 225 1 is_stmt 0 view .LVU40
 146 0008 0020     		movs	r0, #0
 147              	.LVL7:
 148              		.loc 1 225 1 view .LVU41
 149 000a 7047     		bx	lr
 150              		.cfi_endproc
 151              	.LFE131:
 153              		.text
 154              	.Letext0:
 155              		.file 2 "c:\\program files (x86)\\gnu arm embedded toolchain\\2020-q2-update\\arm-none-eabi\\inclu
 156              		.file 3 "c:\\program files (x86)\\gnu arm embedded toolchain\\2020-q2-update\\arm-none-eabi\\inclu
 157              		.file 4 "Libraries/CMSIS/Include/core_cm4.h"
 158              		.file 5 "Libraries/CMSIS/Device/ST/STM32F4xx/Include/system_stm32f4xx.h"
 159              		.file 6 "Libraries/CMSIS/Device/ST/STM32F4xx/Include/stm32f407xx.h"
 160              		.file 7 "Libraries/STM32F4xx_HAL_Driver/Inc/stm32f4xx_hal_def.h"
 161              		.file 8 "Libraries/STM32F4xx_HAL_Driver/Inc/stm32f4xx_hal_iwdg.h"
 162              		.file 9 "Libraries/STM32F4xx_HAL_Driver/Inc/stm32f4xx_hal.h"
ARM GAS  C:\Users\yzy\AppData\Local\Temp\ccjfL4EP.s 			page 8


DEFINED SYMBOLS
                            *ABS*:00000000 stm32f4xx_hal_iwdg.c
C:\Users\yzy\AppData\Local\Temp\ccjfL4EP.s:16     .text.HAL_IWDG_Init:00000000 $t
C:\Users\yzy\AppData\Local\Temp\ccjfL4EP.s:24     .text.HAL_IWDG_Init:00000000 HAL_IWDG_Init
C:\Users\yzy\AppData\Local\Temp\ccjfL4EP.s:125    .text.HAL_IWDG_Refresh:00000000 $t
C:\Users\yzy\AppData\Local\Temp\ccjfL4EP.s:132    .text.HAL_IWDG_Refresh:00000000 HAL_IWDG_Refresh

UNDEFINED SYMBOLS
HAL_GetTick
