ARM GAS  C:\Users\yzy\AppData\Local\Temp\ccFb1FRb.s 			page 1


   1              		.cpu cortex-m4
   2              		.eabi_attribute 20, 1
   3              		.eabi_attribute 21, 1
   4              		.eabi_attribute 23, 3
   5              		.eabi_attribute 24, 1
   6              		.eabi_attribute 25, 1
   7              		.eabi_attribute 26, 1
   8              		.eabi_attribute 30, 1
   9              		.eabi_attribute 34, 1
  10              		.eabi_attribute 18, 4
  11              		.file	"system_stm32f4xx.c"
  12              		.text
  13              	.Ltext0:
  14              		.cfi_sections	.debug_frame
  15              		.section	.text.SystemInit,"ax",%progbits
  16              		.align	1
  17              		.global	SystemInit
  18              		.arch armv7e-m
  19              		.syntax unified
  20              		.thumb
  21              		.thumb_func
  22              		.fpu softvfp
  24              	SystemInit:
  25              	.LFB130:
  26              		.file 1 "Applications/system_stm32f4xx.c"
   1:Applications/system_stm32f4xx.c **** /**
   2:Applications/system_stm32f4xx.c ****   ******************************************************************************
   3:Applications/system_stm32f4xx.c ****   * @file    system_stm32f4xx.c
   4:Applications/system_stm32f4xx.c ****   * @author  MCD Application Team
   5:Applications/system_stm32f4xx.c ****   * @brief   CMSIS Cortex-M4 Device Peripheral Access Layer System Source File.
   6:Applications/system_stm32f4xx.c ****   *
   7:Applications/system_stm32f4xx.c ****   *   This file provides two functions and one global variable to be called from 
   8:Applications/system_stm32f4xx.c ****   *   user application:
   9:Applications/system_stm32f4xx.c ****   *      - SystemInit(): This function is called at startup just after reset and 
  10:Applications/system_stm32f4xx.c ****   *                      before branch to main program. This call is made inside
  11:Applications/system_stm32f4xx.c ****   *                      the "startup_stm32f4xx.s" file.
  12:Applications/system_stm32f4xx.c ****   *
  13:Applications/system_stm32f4xx.c ****   *      - SystemCoreClock variable: Contains the core clock (HCLK), it can be used
  14:Applications/system_stm32f4xx.c ****   *                                  by the user application to setup the SysTick 
  15:Applications/system_stm32f4xx.c ****   *                                  timer or configure other parameters.
  16:Applications/system_stm32f4xx.c ****   *                                     
  17:Applications/system_stm32f4xx.c ****   *      - SystemCoreClockUpdate(): Updates the variable SystemCoreClock and must
  18:Applications/system_stm32f4xx.c ****   *                                 be called whenever the core clock is changed
  19:Applications/system_stm32f4xx.c ****   *                                 during program execution.
  20:Applications/system_stm32f4xx.c ****   *
  21:Applications/system_stm32f4xx.c ****   *
  22:Applications/system_stm32f4xx.c ****   ******************************************************************************
  23:Applications/system_stm32f4xx.c ****   * @attention
  24:Applications/system_stm32f4xx.c ****   *
  25:Applications/system_stm32f4xx.c ****   * <h2><center>&copy; Copyright (c) 2017 STMicroelectronics.
  26:Applications/system_stm32f4xx.c ****   * All rights reserved.</center></h2>
  27:Applications/system_stm32f4xx.c ****   *
  28:Applications/system_stm32f4xx.c ****   * This software component is licensed by ST under BSD 3-Clause license,
  29:Applications/system_stm32f4xx.c ****   * the "License"; You may not use this file except in compliance with the
  30:Applications/system_stm32f4xx.c ****   * License. You may obtain a copy of the License at:
  31:Applications/system_stm32f4xx.c ****   *                        opensource.org/licenses/BSD-3-Clause
  32:Applications/system_stm32f4xx.c ****   *
ARM GAS  C:\Users\yzy\AppData\Local\Temp\ccFb1FRb.s 			page 2


  33:Applications/system_stm32f4xx.c ****   ******************************************************************************
  34:Applications/system_stm32f4xx.c ****   */
  35:Applications/system_stm32f4xx.c **** 
  36:Applications/system_stm32f4xx.c **** /** @addtogroup CMSIS
  37:Applications/system_stm32f4xx.c ****   * @{
  38:Applications/system_stm32f4xx.c ****   */
  39:Applications/system_stm32f4xx.c **** 
  40:Applications/system_stm32f4xx.c **** /** @addtogroup stm32f4xx_system
  41:Applications/system_stm32f4xx.c ****   * @{
  42:Applications/system_stm32f4xx.c ****   */  
  43:Applications/system_stm32f4xx.c ****   
  44:Applications/system_stm32f4xx.c **** /** @addtogroup STM32F4xx_System_Private_Includes
  45:Applications/system_stm32f4xx.c ****   * @{
  46:Applications/system_stm32f4xx.c ****   */
  47:Applications/system_stm32f4xx.c **** 
  48:Applications/system_stm32f4xx.c **** 
  49:Applications/system_stm32f4xx.c **** #include "stm32f4xx.h"
  50:Applications/system_stm32f4xx.c **** 
  51:Applications/system_stm32f4xx.c **** #if !defined  (HSE_VALUE) 
  52:Applications/system_stm32f4xx.c ****   #define HSE_VALUE    ((uint32_t)25000000) /*!< Default value of the External oscillator in Hz */
  53:Applications/system_stm32f4xx.c **** #endif /* HSE_VALUE */
  54:Applications/system_stm32f4xx.c **** 
  55:Applications/system_stm32f4xx.c **** #if !defined  (HSI_VALUE)
  56:Applications/system_stm32f4xx.c ****   #define HSI_VALUE    ((uint32_t)16000000) /*!< Value of the Internal oscillator in Hz*/
  57:Applications/system_stm32f4xx.c **** #endif /* HSI_VALUE */
  58:Applications/system_stm32f4xx.c **** 
  59:Applications/system_stm32f4xx.c **** /**
  60:Applications/system_stm32f4xx.c ****   * @}
  61:Applications/system_stm32f4xx.c ****   */
  62:Applications/system_stm32f4xx.c **** 
  63:Applications/system_stm32f4xx.c **** /** @addtogroup STM32F4xx_System_Private_TypesDefinitions
  64:Applications/system_stm32f4xx.c ****   * @{
  65:Applications/system_stm32f4xx.c ****   */
  66:Applications/system_stm32f4xx.c **** 
  67:Applications/system_stm32f4xx.c **** /**
  68:Applications/system_stm32f4xx.c ****   * @}
  69:Applications/system_stm32f4xx.c ****   */
  70:Applications/system_stm32f4xx.c **** 
  71:Applications/system_stm32f4xx.c **** /** @addtogroup STM32F4xx_System_Private_Defines
  72:Applications/system_stm32f4xx.c ****   * @{
  73:Applications/system_stm32f4xx.c ****   */
  74:Applications/system_stm32f4xx.c **** 
  75:Applications/system_stm32f4xx.c **** /************************* Miscellaneous Configuration ************************/
  76:Applications/system_stm32f4xx.c **** /*!< Uncomment the following line if you need to use external SRAM or SDRAM as data memory  */
  77:Applications/system_stm32f4xx.c **** #if defined(STM32F405xx) || defined(STM32F415xx) || defined(STM32F407xx) || defined(STM32F417xx)\
  78:Applications/system_stm32f4xx.c ****  || defined(STM32F427xx) || defined(STM32F437xx) || defined(STM32F429xx) || defined(STM32F439xx)\
  79:Applications/system_stm32f4xx.c ****  || defined(STM32F469xx) || defined(STM32F479xx) || defined(STM32F412Zx) || defined(STM32F412Vx)
  80:Applications/system_stm32f4xx.c **** /* #define DATA_IN_ExtSRAM */
  81:Applications/system_stm32f4xx.c **** #endif /* STM32F40xxx || STM32F41xxx || STM32F42xxx || STM32F43xxx || STM32F469xx || STM32F479xx ||
  82:Applications/system_stm32f4xx.c ****           STM32F412Zx || STM32F412Vx */
  83:Applications/system_stm32f4xx.c ****  
  84:Applications/system_stm32f4xx.c **** #if defined(STM32F427xx) || defined(STM32F437xx) || defined(STM32F429xx) || defined(STM32F439xx)\
  85:Applications/system_stm32f4xx.c ****  || defined(STM32F446xx) || defined(STM32F469xx) || defined(STM32F479xx)
  86:Applications/system_stm32f4xx.c **** /* #define DATA_IN_ExtSDRAM */
  87:Applications/system_stm32f4xx.c **** #endif /* STM32F427xx || STM32F437xx || STM32F429xx || STM32F439xx || STM32F446xx || STM32F469xx ||
  88:Applications/system_stm32f4xx.c ****           STM32F479xx */
  89:Applications/system_stm32f4xx.c **** 
ARM GAS  C:\Users\yzy\AppData\Local\Temp\ccFb1FRb.s 			page 3


  90:Applications/system_stm32f4xx.c **** /*!< Uncomment the following line if you need to relocate your vector Table in
  91:Applications/system_stm32f4xx.c ****      Internal SRAM. */
  92:Applications/system_stm32f4xx.c **** /* #define VECT_TAB_SRAM */
  93:Applications/system_stm32f4xx.c **** #define VECT_TAB_OFFSET  0x00 /*!< Vector Table base offset field. 
  94:Applications/system_stm32f4xx.c ****                                    This value must be a multiple of 0x200. */
  95:Applications/system_stm32f4xx.c **** /******************************************************************************/
  96:Applications/system_stm32f4xx.c **** 
  97:Applications/system_stm32f4xx.c **** /**
  98:Applications/system_stm32f4xx.c ****   * @}
  99:Applications/system_stm32f4xx.c ****   */
 100:Applications/system_stm32f4xx.c **** 
 101:Applications/system_stm32f4xx.c **** /** @addtogroup STM32F4xx_System_Private_Macros
 102:Applications/system_stm32f4xx.c ****   * @{
 103:Applications/system_stm32f4xx.c ****   */
 104:Applications/system_stm32f4xx.c **** 
 105:Applications/system_stm32f4xx.c **** /**
 106:Applications/system_stm32f4xx.c ****   * @}
 107:Applications/system_stm32f4xx.c ****   */
 108:Applications/system_stm32f4xx.c **** 
 109:Applications/system_stm32f4xx.c **** /** @addtogroup STM32F4xx_System_Private_Variables
 110:Applications/system_stm32f4xx.c ****   * @{
 111:Applications/system_stm32f4xx.c ****   */
 112:Applications/system_stm32f4xx.c ****   /* This variable is updated in three ways:
 113:Applications/system_stm32f4xx.c ****       1) by calling CMSIS function SystemCoreClockUpdate()
 114:Applications/system_stm32f4xx.c ****       2) by calling HAL API function HAL_RCC_GetHCLKFreq()
 115:Applications/system_stm32f4xx.c ****       3) each time HAL_RCC_ClockConfig() is called to configure the system clock frequency 
 116:Applications/system_stm32f4xx.c ****          Note: If you use this function to configure the system clock; then there
 117:Applications/system_stm32f4xx.c ****                is no need to call the 2 first functions listed above, since SystemCoreClock
 118:Applications/system_stm32f4xx.c ****                variable is updated automatically.
 119:Applications/system_stm32f4xx.c ****   */
 120:Applications/system_stm32f4xx.c **** uint32_t SystemCoreClock = 16000000;
 121:Applications/system_stm32f4xx.c **** const uint8_t AHBPrescTable[16] = {0, 0, 0, 0, 0, 0, 0, 0, 1, 2, 3, 4, 6, 7, 8, 9};
 122:Applications/system_stm32f4xx.c **** const uint8_t APBPrescTable[8]  = {0, 0, 0, 0, 1, 2, 3, 4};
 123:Applications/system_stm32f4xx.c **** /**
 124:Applications/system_stm32f4xx.c ****   * @}
 125:Applications/system_stm32f4xx.c ****   */
 126:Applications/system_stm32f4xx.c **** 
 127:Applications/system_stm32f4xx.c **** /** @addtogroup STM32F4xx_System_Private_FunctionPrototypes
 128:Applications/system_stm32f4xx.c ****   * @{
 129:Applications/system_stm32f4xx.c ****   */
 130:Applications/system_stm32f4xx.c **** 
 131:Applications/system_stm32f4xx.c **** #if defined (DATA_IN_ExtSRAM) || defined (DATA_IN_ExtSDRAM)
 132:Applications/system_stm32f4xx.c ****   static void SystemInit_ExtMemCtl(void); 
 133:Applications/system_stm32f4xx.c **** #endif /* DATA_IN_ExtSRAM || DATA_IN_ExtSDRAM */
 134:Applications/system_stm32f4xx.c **** 
 135:Applications/system_stm32f4xx.c **** /**
 136:Applications/system_stm32f4xx.c ****   * @}
 137:Applications/system_stm32f4xx.c ****   */
 138:Applications/system_stm32f4xx.c **** 
 139:Applications/system_stm32f4xx.c **** /** @addtogroup STM32F4xx_System_Private_Functions
 140:Applications/system_stm32f4xx.c ****   * @{
 141:Applications/system_stm32f4xx.c ****   */
 142:Applications/system_stm32f4xx.c **** 
 143:Applications/system_stm32f4xx.c **** /**
 144:Applications/system_stm32f4xx.c ****   * @brief  Setup the microcontroller system
 145:Applications/system_stm32f4xx.c ****   *         Initialize the FPU setting, vector table location and External memory 
 146:Applications/system_stm32f4xx.c ****   *         configuration.
ARM GAS  C:\Users\yzy\AppData\Local\Temp\ccFb1FRb.s 			page 4


 147:Applications/system_stm32f4xx.c ****   * @param  None
 148:Applications/system_stm32f4xx.c ****   * @retval None
 149:Applications/system_stm32f4xx.c ****   */
 150:Applications/system_stm32f4xx.c **** void SystemInit(void)
 151:Applications/system_stm32f4xx.c **** {
  27              		.loc 1 151 1 view -0
  28              		.cfi_startproc
  29              		@ args = 0, pretend = 0, frame = 0
  30              		@ frame_needed = 0, uses_anonymous_args = 0
  31              		@ link register save eliminated.
 152:Applications/system_stm32f4xx.c ****   /* FPU settings ------------------------------------------------------------*/
 153:Applications/system_stm32f4xx.c ****   #if (__FPU_PRESENT == 1) && (__FPU_USED == 1)
 154:Applications/system_stm32f4xx.c ****     SCB->CPACR |= ((3UL << 10*2)|(3UL << 11*2));  /* set CP10 and CP11 Full Access */
 155:Applications/system_stm32f4xx.c ****   #endif
 156:Applications/system_stm32f4xx.c **** 
 157:Applications/system_stm32f4xx.c **** #if defined (DATA_IN_ExtSRAM) || defined (DATA_IN_ExtSDRAM)
 158:Applications/system_stm32f4xx.c ****   SystemInit_ExtMemCtl(); 
 159:Applications/system_stm32f4xx.c **** #endif /* DATA_IN_ExtSRAM || DATA_IN_ExtSDRAM */
 160:Applications/system_stm32f4xx.c **** 
 161:Applications/system_stm32f4xx.c ****   /* Configure the Vector Table location add offset address ------------------*/
 162:Applications/system_stm32f4xx.c **** #ifdef VECT_TAB_SRAM
 163:Applications/system_stm32f4xx.c ****   SCB->VTOR = SRAM_BASE | VECT_TAB_OFFSET; /* Vector Table Relocation in Internal SRAM */
 164:Applications/system_stm32f4xx.c **** #else
 165:Applications/system_stm32f4xx.c ****   SCB->VTOR = FLASH_BASE | VECT_TAB_OFFSET; /* Vector Table Relocation in Internal FLASH */
  32              		.loc 1 165 3 view .LVU1
  33              		.loc 1 165 13 is_stmt 0 view .LVU2
  34 0000 024B     		ldr	r3, .L2
  35 0002 4FF00062 		mov	r2, #134217728
  36 0006 9A60     		str	r2, [r3, #8]
 166:Applications/system_stm32f4xx.c **** #endif
 167:Applications/system_stm32f4xx.c **** }
  37              		.loc 1 167 1 view .LVU3
  38 0008 7047     		bx	lr
  39              	.L3:
  40 000a 00BF     		.align	2
  41              	.L2:
  42 000c 00ED00E0 		.word	-536810240
  43              		.cfi_endproc
  44              	.LFE130:
  46              		.section	.text.SystemCoreClockUpdate,"ax",%progbits
  47              		.align	1
  48              		.global	SystemCoreClockUpdate
  49              		.syntax unified
  50              		.thumb
  51              		.thumb_func
  52              		.fpu softvfp
  54              	SystemCoreClockUpdate:
  55              	.LFB131:
 168:Applications/system_stm32f4xx.c **** 
 169:Applications/system_stm32f4xx.c **** /**
 170:Applications/system_stm32f4xx.c ****    * @brief  Update SystemCoreClock variable according to Clock Register Values.
 171:Applications/system_stm32f4xx.c ****   *         The SystemCoreClock variable contains the core clock (HCLK), it can
 172:Applications/system_stm32f4xx.c ****   *         be used by the user application to setup the SysTick timer or configure
 173:Applications/system_stm32f4xx.c ****   *         other parameters.
 174:Applications/system_stm32f4xx.c ****   *           
 175:Applications/system_stm32f4xx.c ****   * @note   Each time the core clock (HCLK) changes, this function must be called
 176:Applications/system_stm32f4xx.c ****   *         to update SystemCoreClock variable value. Otherwise, any configuration
ARM GAS  C:\Users\yzy\AppData\Local\Temp\ccFb1FRb.s 			page 5


 177:Applications/system_stm32f4xx.c ****   *         based on this variable will be incorrect.         
 178:Applications/system_stm32f4xx.c ****   *     
 179:Applications/system_stm32f4xx.c ****   * @note   - The system frequency computed by this function is not the real 
 180:Applications/system_stm32f4xx.c ****   *           frequency in the chip. It is calculated based on the predefined 
 181:Applications/system_stm32f4xx.c ****   *           constant and the selected clock source:
 182:Applications/system_stm32f4xx.c ****   *             
 183:Applications/system_stm32f4xx.c ****   *           - If SYSCLK source is HSI, SystemCoreClock will contain the HSI_VALUE(*)
 184:Applications/system_stm32f4xx.c ****   *                                              
 185:Applications/system_stm32f4xx.c ****   *           - If SYSCLK source is HSE, SystemCoreClock will contain the HSE_VALUE(**)
 186:Applications/system_stm32f4xx.c ****   *                          
 187:Applications/system_stm32f4xx.c ****   *           - If SYSCLK source is PLL, SystemCoreClock will contain the HSE_VALUE(**) 
 188:Applications/system_stm32f4xx.c ****   *             or HSI_VALUE(*) multiplied/divided by the PLL factors.
 189:Applications/system_stm32f4xx.c ****   *         
 190:Applications/system_stm32f4xx.c ****   *         (*) HSI_VALUE is a constant defined in stm32f4xx_hal_conf.h file (default value
 191:Applications/system_stm32f4xx.c ****   *             16 MHz) but the real value may vary depending on the variations
 192:Applications/system_stm32f4xx.c ****   *             in voltage and temperature.   
 193:Applications/system_stm32f4xx.c ****   *    
 194:Applications/system_stm32f4xx.c ****   *         (**) HSE_VALUE is a constant defined in stm32f4xx_hal_conf.h file (its value
 195:Applications/system_stm32f4xx.c ****   *              depends on the application requirements), user has to ensure that HSE_VALUE
 196:Applications/system_stm32f4xx.c ****   *              is same as the real frequency of the crystal used. Otherwise, this function
 197:Applications/system_stm32f4xx.c ****   *              may have wrong result.
 198:Applications/system_stm32f4xx.c ****   *                
 199:Applications/system_stm32f4xx.c ****   *         - The result of this function could be not correct when using fractional
 200:Applications/system_stm32f4xx.c ****   *           value for HSE crystal.
 201:Applications/system_stm32f4xx.c ****   *     
 202:Applications/system_stm32f4xx.c ****   * @param  None
 203:Applications/system_stm32f4xx.c ****   * @retval None
 204:Applications/system_stm32f4xx.c ****   */
 205:Applications/system_stm32f4xx.c **** void SystemCoreClockUpdate(void)
 206:Applications/system_stm32f4xx.c **** {
  56              		.loc 1 206 1 is_stmt 1 view -0
  57              		.cfi_startproc
  58              		@ args = 0, pretend = 0, frame = 0
  59              		@ frame_needed = 0, uses_anonymous_args = 0
  60              		@ link register save eliminated.
 207:Applications/system_stm32f4xx.c ****   uint32_t tmp = 0, pllvco = 0, pllp = 2, pllsource = 0, pllm = 2;
  61              		.loc 1 207 3 view .LVU5
  62              	.LVL0:
 208:Applications/system_stm32f4xx.c ****   
 209:Applications/system_stm32f4xx.c ****   /* Get SYSCLK source -------------------------------------------------------*/
 210:Applications/system_stm32f4xx.c ****   tmp = RCC->CFGR & RCC_CFGR_SWS;
  63              		.loc 1 210 3 view .LVU6
  64              		.loc 1 210 12 is_stmt 0 view .LVU7
  65 0000 224B     		ldr	r3, .L12
  66 0002 9B68     		ldr	r3, [r3, #8]
  67              		.loc 1 210 7 view .LVU8
  68 0004 03F00C03 		and	r3, r3, #12
  69              	.LVL1:
 211:Applications/system_stm32f4xx.c **** 
 212:Applications/system_stm32f4xx.c ****   switch (tmp)
  70              		.loc 1 212 3 is_stmt 1 view .LVU9
  71 0008 042B     		cmp	r3, #4
  72 000a 14D0     		beq	.L5
  73 000c 082B     		cmp	r3, #8
  74 000e 16D0     		beq	.L6
  75 0010 1BB1     		cbz	r3, .L11
 213:Applications/system_stm32f4xx.c ****   {
ARM GAS  C:\Users\yzy\AppData\Local\Temp\ccFb1FRb.s 			page 6


 214:Applications/system_stm32f4xx.c ****     case 0x00:  /* HSI used as system clock source */
 215:Applications/system_stm32f4xx.c ****       SystemCoreClock = HSI_VALUE;
 216:Applications/system_stm32f4xx.c ****       break;
 217:Applications/system_stm32f4xx.c ****     case 0x04:  /* HSE used as system clock source */
 218:Applications/system_stm32f4xx.c ****       SystemCoreClock = HSE_VALUE;
 219:Applications/system_stm32f4xx.c ****       break;
 220:Applications/system_stm32f4xx.c ****     case 0x08:  /* PLL used as system clock source */
 221:Applications/system_stm32f4xx.c **** 
 222:Applications/system_stm32f4xx.c ****       /* PLL_VCO = (HSE_VALUE or HSI_VALUE / PLL_M) * PLL_N
 223:Applications/system_stm32f4xx.c ****          SYSCLK = PLL_VCO / PLL_P
 224:Applications/system_stm32f4xx.c ****          */    
 225:Applications/system_stm32f4xx.c ****       pllsource = (RCC->PLLCFGR & RCC_PLLCFGR_PLLSRC) >> 22;
 226:Applications/system_stm32f4xx.c ****       pllm = RCC->PLLCFGR & RCC_PLLCFGR_PLLM;
 227:Applications/system_stm32f4xx.c ****       
 228:Applications/system_stm32f4xx.c ****       if (pllsource != 0)
 229:Applications/system_stm32f4xx.c ****       {
 230:Applications/system_stm32f4xx.c ****         /* HSE used as PLL clock source */
 231:Applications/system_stm32f4xx.c ****         pllvco = (HSE_VALUE / pllm) * ((RCC->PLLCFGR & RCC_PLLCFGR_PLLN) >> 6);
 232:Applications/system_stm32f4xx.c ****       }
 233:Applications/system_stm32f4xx.c ****       else
 234:Applications/system_stm32f4xx.c ****       {
 235:Applications/system_stm32f4xx.c ****         /* HSI used as PLL clock source */
 236:Applications/system_stm32f4xx.c ****         pllvco = (HSI_VALUE / pllm) * ((RCC->PLLCFGR & RCC_PLLCFGR_PLLN) >> 6);
 237:Applications/system_stm32f4xx.c ****       }
 238:Applications/system_stm32f4xx.c **** 
 239:Applications/system_stm32f4xx.c ****       pllp = (((RCC->PLLCFGR & RCC_PLLCFGR_PLLP) >>16) + 1 ) *2;
 240:Applications/system_stm32f4xx.c ****       SystemCoreClock = pllvco/pllp;
 241:Applications/system_stm32f4xx.c ****       break;
 242:Applications/system_stm32f4xx.c ****     default:
 243:Applications/system_stm32f4xx.c ****       SystemCoreClock = HSI_VALUE;
  76              		.loc 1 243 7 view .LVU10
  77              		.loc 1 243 23 is_stmt 0 view .LVU11
  78 0012 1F4B     		ldr	r3, .L12+4
  79              	.LVL2:
  80              		.loc 1 243 23 view .LVU12
  81 0014 1F4A     		ldr	r2, .L12+8
  82 0016 1A60     		str	r2, [r3]
 244:Applications/system_stm32f4xx.c ****       break;
  83              		.loc 1 244 7 is_stmt 1 view .LVU13
  84 0018 02E0     		b	.L8
  85              	.LVL3:
  86              	.L11:
 215:Applications/system_stm32f4xx.c ****       break;
  87              		.loc 1 215 7 view .LVU14
 215:Applications/system_stm32f4xx.c ****       break;
  88              		.loc 1 215 23 is_stmt 0 view .LVU15
  89 001a 1D4B     		ldr	r3, .L12+4
  90              	.LVL4:
 215:Applications/system_stm32f4xx.c ****       break;
  91              		.loc 1 215 23 view .LVU16
  92 001c 1D4A     		ldr	r2, .L12+8
  93 001e 1A60     		str	r2, [r3]
 216:Applications/system_stm32f4xx.c ****     case 0x04:  /* HSE used as system clock source */
  94              		.loc 1 216 7 is_stmt 1 view .LVU17
  95              	.LVL5:
  96              	.L8:
 245:Applications/system_stm32f4xx.c ****   }
ARM GAS  C:\Users\yzy\AppData\Local\Temp\ccFb1FRb.s 			page 7


 246:Applications/system_stm32f4xx.c ****   /* Compute HCLK frequency --------------------------------------------------*/
 247:Applications/system_stm32f4xx.c ****   /* Get HCLK prescaler */
 248:Applications/system_stm32f4xx.c ****   tmp = AHBPrescTable[((RCC->CFGR & RCC_CFGR_HPRE) >> 4)];
  97              		.loc 1 248 3 view .LVU18
  98              		.loc 1 248 28 is_stmt 0 view .LVU19
  99 0020 1A4B     		ldr	r3, .L12
 100 0022 9B68     		ldr	r3, [r3, #8]
 101              		.loc 1 248 52 view .LVU20
 102 0024 C3F30313 		ubfx	r3, r3, #4, #4
 103              		.loc 1 248 22 view .LVU21
 104 0028 1B4A     		ldr	r2, .L12+12
 105 002a D15C     		ldrb	r1, [r2, r3]	@ zero_extendqisi2
 106              	.LVL6:
 249:Applications/system_stm32f4xx.c ****   /* HCLK frequency */
 250:Applications/system_stm32f4xx.c ****   SystemCoreClock >>= tmp;
 107              		.loc 1 250 3 is_stmt 1 view .LVU22
 108              		.loc 1 250 19 is_stmt 0 view .LVU23
 109 002c 184A     		ldr	r2, .L12+4
 110 002e 1368     		ldr	r3, [r2]
 111 0030 CB40     		lsrs	r3, r3, r1
 112 0032 1360     		str	r3, [r2]
 251:Applications/system_stm32f4xx.c **** }
 113              		.loc 1 251 1 view .LVU24
 114 0034 7047     		bx	lr
 115              	.LVL7:
 116              	.L5:
 218:Applications/system_stm32f4xx.c ****       break;
 117              		.loc 1 218 7 is_stmt 1 view .LVU25
 218:Applications/system_stm32f4xx.c ****       break;
 118              		.loc 1 218 23 is_stmt 0 view .LVU26
 119 0036 164B     		ldr	r3, .L12+4
 120              	.LVL8:
 218:Applications/system_stm32f4xx.c ****       break;
 121              		.loc 1 218 23 view .LVU27
 122 0038 184A     		ldr	r2, .L12+16
 123 003a 1A60     		str	r2, [r3]
 219:Applications/system_stm32f4xx.c ****     case 0x08:  /* PLL used as system clock source */
 124              		.loc 1 219 7 is_stmt 1 view .LVU28
 125 003c F0E7     		b	.L8
 126              	.LVL9:
 127              	.L6:
 225:Applications/system_stm32f4xx.c ****       pllm = RCC->PLLCFGR & RCC_PLLCFGR_PLLM;
 128              		.loc 1 225 7 view .LVU29
 225:Applications/system_stm32f4xx.c ****       pllm = RCC->PLLCFGR & RCC_PLLCFGR_PLLM;
 129              		.loc 1 225 23 is_stmt 0 view .LVU30
 130 003e 134B     		ldr	r3, .L12
 131              	.LVL10:
 225:Applications/system_stm32f4xx.c ****       pllm = RCC->PLLCFGR & RCC_PLLCFGR_PLLM;
 132              		.loc 1 225 23 view .LVU31
 133 0040 5A68     		ldr	r2, [r3, #4]
 134              	.LVL11:
 226:Applications/system_stm32f4xx.c ****       
 135              		.loc 1 226 7 is_stmt 1 view .LVU32
 226:Applications/system_stm32f4xx.c ****       
 136              		.loc 1 226 17 is_stmt 0 view .LVU33
 137 0042 5B68     		ldr	r3, [r3, #4]
 226:Applications/system_stm32f4xx.c ****       
ARM GAS  C:\Users\yzy\AppData\Local\Temp\ccFb1FRb.s 			page 8


 138              		.loc 1 226 12 view .LVU34
 139 0044 03F03F03 		and	r3, r3, #63
 140              	.LVL12:
 228:Applications/system_stm32f4xx.c ****       {
 141              		.loc 1 228 7 is_stmt 1 view .LVU35
 228:Applications/system_stm32f4xx.c ****       {
 142              		.loc 1 228 10 is_stmt 0 view .LVU36
 143 0048 12F4800F 		tst	r2, #4194304
 144 004c 13D0     		beq	.L9
 231:Applications/system_stm32f4xx.c ****       }
 145              		.loc 1 231 9 is_stmt 1 view .LVU37
 231:Applications/system_stm32f4xx.c ****       }
 146              		.loc 1 231 29 is_stmt 0 view .LVU38
 147 004e 134A     		ldr	r2, .L12+16
 148              	.LVL13:
 231:Applications/system_stm32f4xx.c ****       }
 149              		.loc 1 231 29 view .LVU39
 150 0050 B2FBF3F2 		udiv	r2, r2, r3
 231:Applications/system_stm32f4xx.c ****       }
 151              		.loc 1 231 44 view .LVU40
 152 0054 0D4B     		ldr	r3, .L12
 153              	.LVL14:
 231:Applications/system_stm32f4xx.c ****       }
 154              		.loc 1 231 44 view .LVU41
 155 0056 5B68     		ldr	r3, [r3, #4]
 231:Applications/system_stm32f4xx.c ****       }
 156              		.loc 1 231 74 view .LVU42
 157 0058 C3F38813 		ubfx	r3, r3, #6, #9
 231:Applications/system_stm32f4xx.c ****       }
 158              		.loc 1 231 16 view .LVU43
 159 005c 03FB02F3 		mul	r3, r3, r2
 160              	.LVL15:
 161              	.L10:
 239:Applications/system_stm32f4xx.c ****       SystemCoreClock = pllvco/pllp;
 162              		.loc 1 239 7 is_stmt 1 view .LVU44
 239:Applications/system_stm32f4xx.c ****       SystemCoreClock = pllvco/pllp;
 163              		.loc 1 239 20 is_stmt 0 view .LVU45
 164 0060 0A4A     		ldr	r2, .L12
 165 0062 5268     		ldr	r2, [r2, #4]
 239:Applications/system_stm32f4xx.c ****       SystemCoreClock = pllvco/pllp;
 166              		.loc 1 239 50 view .LVU46
 167 0064 C2F30142 		ubfx	r2, r2, #16, #2
 239:Applications/system_stm32f4xx.c ****       SystemCoreClock = pllvco/pllp;
 168              		.loc 1 239 56 view .LVU47
 169 0068 0132     		adds	r2, r2, #1
 239:Applications/system_stm32f4xx.c ****       SystemCoreClock = pllvco/pllp;
 170              		.loc 1 239 12 view .LVU48
 171 006a 5200     		lsls	r2, r2, #1
 172              	.LVL16:
 240:Applications/system_stm32f4xx.c ****       break;
 173              		.loc 1 240 7 is_stmt 1 view .LVU49
 240:Applications/system_stm32f4xx.c ****       break;
 174              		.loc 1 240 31 is_stmt 0 view .LVU50
 175 006c B3FBF2F3 		udiv	r3, r3, r2
 176              	.LVL17:
 240:Applications/system_stm32f4xx.c ****       break;
 177              		.loc 1 240 23 view .LVU51
ARM GAS  C:\Users\yzy\AppData\Local\Temp\ccFb1FRb.s 			page 9


 178 0070 074A     		ldr	r2, .L12+4
 179              	.LVL18:
 240:Applications/system_stm32f4xx.c ****       break;
 180              		.loc 1 240 23 view .LVU52
 181 0072 1360     		str	r3, [r2]
 241:Applications/system_stm32f4xx.c ****     default:
 182              		.loc 1 241 7 is_stmt 1 view .LVU53
 183 0074 D4E7     		b	.L8
 184              	.LVL19:
 185              	.L9:
 236:Applications/system_stm32f4xx.c ****       }
 186              		.loc 1 236 9 view .LVU54
 236:Applications/system_stm32f4xx.c ****       }
 187              		.loc 1 236 29 is_stmt 0 view .LVU55
 188 0076 074A     		ldr	r2, .L12+8
 189              	.LVL20:
 236:Applications/system_stm32f4xx.c ****       }
 190              		.loc 1 236 29 view .LVU56
 191 0078 B2FBF3F2 		udiv	r2, r2, r3
 236:Applications/system_stm32f4xx.c ****       }
 192              		.loc 1 236 44 view .LVU57
 193 007c 034B     		ldr	r3, .L12
 194              	.LVL21:
 236:Applications/system_stm32f4xx.c ****       }
 195              		.loc 1 236 44 view .LVU58
 196 007e 5B68     		ldr	r3, [r3, #4]
 236:Applications/system_stm32f4xx.c ****       }
 197              		.loc 1 236 74 view .LVU59
 198 0080 C3F38813 		ubfx	r3, r3, #6, #9
 236:Applications/system_stm32f4xx.c ****       }
 199              		.loc 1 236 16 view .LVU60
 200 0084 03FB02F3 		mul	r3, r3, r2
 201              	.LVL22:
 236:Applications/system_stm32f4xx.c ****       }
 202              		.loc 1 236 16 view .LVU61
 203 0088 EAE7     		b	.L10
 204              	.L13:
 205 008a 00BF     		.align	2
 206              	.L12:
 207 008c 00380240 		.word	1073887232
 208 0090 00000000 		.word	.LANCHOR0
 209 0094 0024F400 		.word	16000000
 210 0098 00000000 		.word	.LANCHOR1
 211 009c 00127A00 		.word	8000000
 212              		.cfi_endproc
 213              	.LFE131:
 215              		.global	APBPrescTable
 216              		.global	AHBPrescTable
 217              		.global	SystemCoreClock
 218              		.section	.data.SystemCoreClock,"aw"
 219              		.align	2
 220              		.set	.LANCHOR0,. + 0
 223              	SystemCoreClock:
 224 0000 0024F400 		.word	16000000
 225              		.section	.rodata.AHBPrescTable,"a"
 226              		.align	2
 227              		.set	.LANCHOR1,. + 0
ARM GAS  C:\Users\yzy\AppData\Local\Temp\ccFb1FRb.s 			page 10


 230              	AHBPrescTable:
 231 0000 00000000 		.ascii	"\000\000\000\000\000\000\000\000\001\002\003\004\006"
 231      00000000 
 231      01020304 
 231      06
 232 000d 070809   		.ascii	"\007\010\011"
 233              		.section	.rodata.APBPrescTable,"a"
 234              		.align	2
 237              	APBPrescTable:
 238 0000 00000000 		.ascii	"\000\000\000\000\001\002\003\004"
 238      01020304 
 239              		.text
 240              	.Letext0:
 241              		.file 2 "c:\\program files (x86)\\gnu arm embedded toolchain\\2020-q2-update\\arm-none-eabi\\inclu
 242              		.file 3 "c:\\program files (x86)\\gnu arm embedded toolchain\\2020-q2-update\\arm-none-eabi\\inclu
 243              		.file 4 "Libraries/CMSIS/Include/core_cm4.h"
 244              		.file 5 "Libraries/CMSIS/Device/ST/STM32F4xx/Include/system_stm32f4xx.h"
 245              		.file 6 "Libraries/CMSIS/Device/ST/STM32F4xx/Include/stm32f407xx.h"
 246              		.file 7 "Libraries/STM32F4xx_HAL_Driver/Inc/stm32f4xx_hal.h"
ARM GAS  C:\Users\yzy\AppData\Local\Temp\ccFb1FRb.s 			page 11


DEFINED SYMBOLS
                            *ABS*:00000000 system_stm32f4xx.c
C:\Users\yzy\AppData\Local\Temp\ccFb1FRb.s:16     .text.SystemInit:00000000 $t
C:\Users\yzy\AppData\Local\Temp\ccFb1FRb.s:24     .text.SystemInit:00000000 SystemInit
C:\Users\yzy\AppData\Local\Temp\ccFb1FRb.s:42     .text.SystemInit:0000000c $d
C:\Users\yzy\AppData\Local\Temp\ccFb1FRb.s:47     .text.SystemCoreClockUpdate:00000000 $t
C:\Users\yzy\AppData\Local\Temp\ccFb1FRb.s:54     .text.SystemCoreClockUpdate:00000000 SystemCoreClockUpdate
C:\Users\yzy\AppData\Local\Temp\ccFb1FRb.s:207    .text.SystemCoreClockUpdate:0000008c $d
C:\Users\yzy\AppData\Local\Temp\ccFb1FRb.s:237    .rodata.APBPrescTable:00000000 APBPrescTable
C:\Users\yzy\AppData\Local\Temp\ccFb1FRb.s:230    .rodata.AHBPrescTable:00000000 AHBPrescTable
C:\Users\yzy\AppData\Local\Temp\ccFb1FRb.s:223    .data.SystemCoreClock:00000000 SystemCoreClock
C:\Users\yzy\AppData\Local\Temp\ccFb1FRb.s:219    .data.SystemCoreClock:00000000 $d
C:\Users\yzy\AppData\Local\Temp\ccFb1FRb.s:226    .rodata.AHBPrescTable:00000000 $d
C:\Users\yzy\AppData\Local\Temp\ccFb1FRb.s:234    .rodata.APBPrescTable:00000000 $d

NO UNDEFINED SYMBOLS
